c:\users\86136\desktop\exe\iso-iec-usac\mpegd_usac\usacencdec\win32\usacdec\obj\x64_debug\objs_dec_usac\objs_dec_usac_vc11.pdb
c:\users\86136\desktop\exe\iso-iec-usac\mpegd_usac\usacencdec\win32\usacdec\obj\x64_debug\objs_dec_usac\objs_dec_usac_vc11.idb
c:\users\86136\desktop\exe\iso-iec-usac\mpegd_usac\usacencdec\win32\usacdec\obj\x64_debug\objs_dec_usac\usac_bits.obj
c:\users\86136\desktop\exe\iso-iec-usac\mpegd_usac\usacencdec\win32\usacdec\obj\x64_debug\objs_dec_usac\usac_calcwindow.obj
c:\users\86136\desktop\exe\iso-iec-usac\mpegd_usac\usacencdec\win32\usacdec\obj\x64_debug\objs_dec_usac\usac_cfftn.obj
c:\users\86136\desktop\exe\iso-iec-usac\mpegd_usac\usacencdec\win32\usacdec\obj\x64_debug\objs_dec_usac\usac_cplx_pred.obj
c:\users\86136\desktop\exe\iso-iec-usac\mpegd_usac\usacencdec\win32\usacdec\obj\x64_debug\objs_dec_usac\usac_decdata.obj
c:\users\86136\desktop\exe\iso-iec-usac\mpegd_usac\usacencdec\win32\usacdec\obj\x64_debug\objs_dec_usac\usac_enc_lpc.obj
c:\users\86136\desktop\exe\iso-iec-usac\mpegd_usac\usacencdec\win32\usacdec\obj\x64_debug\objs_dec_usac\usac_fd_dec.obj
c:\users\86136\desktop\exe\iso-iec-usac\mpegd_usac\usacencdec\win32\usacdec\obj\x64_debug\objs_dec_usac\usac_imdct.obj
c:\users\86136\desktop\exe\iso-iec-usac\mpegd_usac\usacencdec\win32\usacdec\obj\x64_debug\objs_dec_usac\usac_tcx_mdct.obj
c:\users\86136\desktop\exe\iso-iec-usac\mpegd_usac\usacencdec\win32\usacdec\obj\x64_debug\objs_dec_usac\usac_td_dec.obj
c:\users\86136\desktop\exe\iso-iec-usac\mpegd_usac\usacencdec\win32\usacdec\obj\x64_debug\objs_dec_usac\usac_tns.obj
c:\users\86136\desktop\exe\iso-iec-usac\mpegd_usac\usacencdec\win32\usacdec\obj\x64_debug\objs_dec_usac\usac_toolsdec3.obj
c:\users\86136\desktop\exe\iso-iec-usac\mpegd_usac\usacencdec\win32\usacdec\obj\x64_debug\objs_dec_usac\usac_toolsinit.obj
c:\users\86136\desktop\exe\iso-iec-usac\mpegd_usac\usacencdec\win32\usacdec\obj\x64_debug\objs_dec_usac\usac_transfo.obj
c:\users\86136\desktop\exe\iso-iec-usac\mpegd_usac\usacencdec\win32\usacdec\obj\x64_debug\objs_dec_usac\usac_tw_tools.obj
c:\users\86136\desktop\exe\iso-iec-usac\mpegd_usac\usacencdec\win32\usacdec\obj\x64_debug\objs_dec_usac\usac_windows.obj
c:\users\86136\desktop\exe\iso-iec-usac\mpegd_usac\usacencdec\win32\usacdec\obj\x64_debug\objs_dec_usac\util_td.obj
c:\users\86136\desktop\exe\iso-iec-usac\mpegd_usac\usacencdec\win32\usacdec\obj\x64_debug\objs_dec_usac\vlpc_1st_dec.obj
c:\users\86136\desktop\exe\iso-iec-usac\mpegd_usac\usacencdec\win32\usacdec\obj\x64_debug\objs_dec_usac\vlpc_1st_dic.obj
c:\users\86136\desktop\exe\iso-iec-usac\mpegd_usac\usacencdec\win32\usacdec\obj\x64_debug\objs_dec_usac\vlpc_2st_dec.obj
c:\users\86136\desktop\exe\iso-iec-usac\mpegd_usac\usacencdec\win32\usacdec\obj\x64_debug\objs_dec_usac\enc_rom.obj
c:\users\86136\desktop\exe\iso-iec-usac\mpegd_usac\usacencdec\win32\usacdec\obj\x64_debug\objs_dec_usac\enc_util.obj
c:\users\86136\desktop\exe\iso-iec-usac\mpegd_usac\usacencdec\win32\usacdec\obj\x64_debug\objs_dec_usac\get_gain.obj
c:\users\86136\desktop\exe\iso-iec-usac\mpegd_usac\usacencdec\win32\usacdec\obj\x64_debug\objs_dec_usac\harmsbrmathlib.obj
c:\users\86136\desktop\exe\iso-iec-usac\mpegd_usac\usacencdec\win32\usacdec\obj\x64_debug\objs_dec_usac\harmsbrphasevoc.obj
c:\users\86136\desktop\exe\iso-iec-usac\mpegd_usac\usacencdec\win32\usacdec\obj\x64_debug\objs_dec_usac\harmsbrqmftrans.obj
c:\users\86136\desktop\exe\iso-iec-usac\mpegd_usac\usacencdec\win32\usacdec\obj\x64_debug\objs_dec_usac\harmsbrwingen.obj
c:\users\86136\desktop\exe\iso-iec-usac\mpegd_usac\usacencdec\win32\usacdec\obj\x64_debug\objs_dec_usac\hp50.obj
c:\users\86136\desktop\exe\iso-iec-usac\mpegd_usac\usacencdec\win32\usacdec\obj\x64_debug\objs_dec_usac\int_lpc.obj
c:\users\86136\desktop\exe\iso-iec-usac\mpegd_usac\usacencdec\win32\usacdec\obj\x64_debug\objs_dec_usac\lpd_fac.obj
c:\users\86136\desktop\exe\iso-iec-usac\mpegd_usac\usacencdec\win32\usacdec\obj\x64_debug\objs_dec_usac\lsf_tab.obj
c:\users\86136\desktop\exe\iso-iec-usac\mpegd_usac\usacencdec\win32\usacdec\obj\x64_debug\objs_dec_usac\pit_fr4.obj
c:\users\86136\desktop\exe\iso-iec-usac\mpegd_usac\usacencdec\win32\usacdec\obj\x64_debug\objs_dec_usac\re8_dec.obj
c:\users\86136\desktop\exe\iso-iec-usac\mpegd_usac\usacencdec\win32\usacdec\obj\x64_debug\objs_dec_usac\re8_dic.obj
c:\users\86136\desktop\exe\iso-iec-usac\mpegd_usac\usacencdec\win32\usacdec\obj\x64_debug\objs_dec_usac\re8_ppv.obj
c:\users\86136\desktop\exe\iso-iec-usac\mpegd_usac\usacencdec\win32\usacdec\obj\x64_debug\objs_dec_usac\re8_vor.obj
c:\users\86136\desktop\exe\iso-iec-usac\mpegd_usac\usacencdec\win32\usacdec\obj\x64_debug\objs_dec_usac\savq_dec.obj
c:\users\86136\desktop\exe\iso-iec-usac\mpegd_usac\usacencdec\win32\usacdec\obj\x64_debug\objs_dec_usac\spatial_bitstreamreader_buffer.obj
c:\users\86136\desktop\exe\iso-iec-usac\mpegd_usac\usacencdec\win32\usacdec\obj\x64_debug\objs_dec_usac\tables_plus.obj
c:\users\86136\desktop\exe\iso-iec-usac\mpegd_usac\usacencdec\win32\usacdec\obj\x64_debug\objs_dec_usac\usac_arith_dec.obj
c:\users\86136\desktop\exe\iso-iec-usac\mpegd_usac\usacencdec\win32\usacdec\obj\x64_debug\objs_dec_usac\d_gain2p.obj
c:\users\86136\desktop\exe\iso-iec-usac\mpegd_usac\usacencdec\win32\usacdec\obj\x64_debug\objs_dec_usac\dec_ace_fac.obj
c:\users\86136\desktop\exe\iso-iec-usac\mpegd_usac\usacencdec\win32\usacdec\obj\x64_debug\objs_dec_usac\dec_acelp.obj
c:\users\86136\desktop\exe\iso-iec-usac\mpegd_usac\usacencdec\win32\usacdec\obj\x64_debug\objs_dec_usac\dec_fd_fac.obj
c:\users\86136\desktop\exe\iso-iec-usac\mpegd_usac\usacencdec\win32\usacdec\obj\x64_debug\objs_dec_usac\dec_lpd.obj
c:\users\86136\desktop\exe\iso-iec-usac\mpegd_usac\usacencdec\win32\usacdec\obj\x64_debug\objs_dec_usac\dec_tcx_fac.obj
c:\users\86136\desktop\exe\iso-iec-usac\mpegd_usac\usacencdec\win32\usacdec\obj\x64_debug\objs_dec_usac\dec_usac.obj
c:\users\86136\desktop\exe\iso-iec-usac\mpegd_usac\usacencdec\win32\usacdec\obj\x64_debug\objs_dec_usac\decode_chan_ele.obj
c:\users\86136\desktop\exe\iso-iec-usac\mpegd_usac\usacencdec\win32\usacdec\obj\x64_debug\objs_dec_usac\decoder_usac.obj
c:\users\86136\desktop\exe\iso-iec-usac\mpegd_usac\usacencdec\win32\usacdec\obj\x64_debug\objs_dec_usac\dlpc_avq.obj
c:\users\86136\desktop\exe\iso-iec-usac\mpegd_usac\usacencdec\win32\usacdec\obj\x64_debug\objs_dec_usac\enc_gain.obj
c:\users\86136\desktop\exe\iso-iec-usac\mpegd_usac\usacencdec\win32\usacdec\lib\x64_debug\objs_dec_usac.lib
c:\users\86136\desktop\exe\iso-iec-usac\mpegd_usac\usacencdec\win32\usacdec\lib\x64_debug\objs_dec_usac.pdb
c:\users\86136\desktop\exe\iso-iec-usac\mpegd_usac\usacencdec\win32\usacdec\obj\x64_debug\objs_dec_usac\objs_dec_usac.vcxproj.filelistabsolute.txt
c:\users\86136\desktop\exe\iso-iec-usac\mpegd_usac\usacencdec\win32\usacdec\obj\x64_debug\objs_dec_usac\objs_dec_usac.tlog\cl.command.1.tlog
c:\users\86136\desktop\exe\iso-iec-usac\mpegd_usac\usacencdec\win32\usacdec\obj\x64_debug\objs_dec_usac\objs_dec_usac.tlog\cl.items.tlog
c:\users\86136\desktop\exe\iso-iec-usac\mpegd_usac\usacencdec\win32\usacdec\obj\x64_debug\objs_dec_usac\objs_dec_usac.tlog\cl.read.1.tlog
c:\users\86136\desktop\exe\iso-iec-usac\mpegd_usac\usacencdec\win32\usacdec\obj\x64_debug\objs_dec_usac\objs_dec_usac.tlog\cl.write.1.tlog
c:\users\86136\desktop\exe\iso-iec-usac\mpegd_usac\usacencdec\win32\usacdec\obj\x64_debug\objs_dec_usac\objs_dec_usac.tlog\lib-link.read.1.tlog
c:\users\86136\desktop\exe\iso-iec-usac\mpegd_usac\usacencdec\win32\usacdec\obj\x64_debug\objs_dec_usac\objs_dec_usac.tlog\lib-link.write.1.tlog
c:\users\86136\desktop\exe\iso-iec-usac\mpegd_usac\usacencdec\win32\usacdec\obj\x64_debug\objs_dec_usac\objs_dec_usac.tlog\lib.command.1.tlog
