c:\users\lenovo\desktop\final-3-mpegd_usac-iso-iec\final-mpegd_usac-iso-iec\mpegd_usac\mp4spatialdec\win32\obj\x64_debug\spatiallib\spatiallib_vc11.pdb
c:\users\lenovo\desktop\final-3-mpegd_usac-iso-iec\final-mpegd_usac-iso-iec\mpegd_usac\mp4spatialdec\win32\obj\x64_debug\spatiallib\spatiallib_vc11.idb
c:\users\lenovo\desktop\final-3-mpegd_usac-iso-iec\final-mpegd_usac-iso-iec\mpegd_usac\mp4spatialdec\win32\obj\x64_debug\spatiallib\sac_nodes_icc.obj
c:\users\lenovo\desktop\final-3-mpegd_usac-iso-iec\final-mpegd_usac-iso-iec\mpegd_usac\mp4spatialdec\win32\obj\x64_debug\spatiallib\sac_nodes_ipd.obj
c:\users\lenovo\desktop\final-3-mpegd_usac-iso-iec\final-mpegd_usac-iso-iec\mpegd_usac\mp4spatialdec\win32\obj\x64_debug\spatiallib\sac_nodes_pt0.obj
c:\users\lenovo\desktop\final-3-mpegd_usac-iso-iec\final-mpegd_usac-iso-iec\mpegd_usac\mp4spatialdec\win32\obj\x64_debug\spatiallib\sac_nodes_reshape.obj
c:\users\lenovo\desktop\final-3-mpegd_usac-iso-iec\final-mpegd_usac-iso-iec\mpegd_usac\mp4spatialdec\win32\obj\x64_debug\spatiallib\sac_parallelreverb.obj
c:\users\lenovo\desktop\final-3-mpegd_usac-iso-iec\final-mpegd_usac-iso-iec\mpegd_usac\mp4spatialdec\win32\obj\x64_debug\spatiallib\sac_partiallycomplex.obj
c:\users\lenovo\desktop\final-3-mpegd_usac-iso-iec\final-mpegd_usac-iso-iec\mpegd_usac\mp4spatialdec\win32\obj\x64_debug\spatiallib\sac_polyphase.obj
c:\users\lenovo\desktop\final-3-mpegd_usac-iso-iec\final-mpegd_usac-iso-iec\mpegd_usac\mp4spatialdec\win32\obj\x64_debug\spatiallib\sac_process.obj
c:\users\lenovo\desktop\final-3-mpegd_usac-iso-iec\final-mpegd_usac-iso-iec\mpegd_usac\mp4spatialdec\win32\obj\x64_debug\spatiallib\sac_resdecode.obj
c:\users\lenovo\desktop\final-3-mpegd_usac-iso-iec\final-mpegd_usac-iso-iec\mpegd_usac\mp4spatialdec\win32\obj\x64_debug\spatiallib\sac_reshapebbenv.obj
c:\users\lenovo\desktop\final-3-mpegd_usac-iso-iec\final-mpegd_usac-iso-iec\mpegd_usac\mp4spatialdec\win32\obj\x64_debug\spatiallib\sac_reshuffdec1.obj
c:\users\lenovo\desktop\final-3-mpegd_usac-iso-iec\final-mpegd_usac-iso-iec\mpegd_usac\mp4spatialdec\win32\obj\x64_debug\spatiallib\sac_reshuffdec2.obj
c:\users\lenovo\desktop\final-3-mpegd_usac-iso-iec\final-mpegd_usac-iso-iec\mpegd_usac\mp4spatialdec\win32\obj\x64_debug\spatiallib\sac_reshuffdec3.obj
c:\users\lenovo\desktop\final-3-mpegd_usac-iso-iec\final-mpegd_usac-iso-iec\mpegd_usac\mp4spatialdec\win32\obj\x64_debug\spatiallib\sac_reshuffinit.obj
c:\users\lenovo\desktop\final-3-mpegd_usac-iso-iec\final-mpegd_usac-iso-iec\mpegd_usac\mp4spatialdec\win32\obj\x64_debug\spatiallib\sac_reshufftables.obj
c:\users\lenovo\desktop\final-3-mpegd_usac-iso-iec\final-mpegd_usac-iso-iec\mpegd_usac\mp4spatialdec\win32\obj\x64_debug\spatiallib\sac_resintrins.obj
c:\users\lenovo\desktop\final-3-mpegd_usac-iso-iec\final-mpegd_usac-iso-iec\mpegd_usac\mp4spatialdec\win32\obj\x64_debug\spatiallib\sac_restns.obj
c:\users\lenovo\desktop\final-3-mpegd_usac-iso-iec\final-mpegd_usac-iso-iec\mpegd_usac\mp4spatialdec\win32\obj\x64_debug\spatiallib\sac_smoothing.obj
c:\users\lenovo\desktop\final-3-mpegd_usac-iso-iec\final-mpegd_usac-iso-iec\mpegd_usac\mp4spatialdec\win32\obj\x64_debug\spatiallib\sac_tonality.obj
c:\users\lenovo\desktop\final-3-mpegd_usac-iso-iec\final-mpegd_usac-iso-iec\mpegd_usac\mp4spatialdec\win32\obj\x64_debug\spatiallib\sac_tpprocess.obj
c:\users\lenovo\desktop\final-3-mpegd_usac-iso-iec\final-mpegd_usac-iso-iec\mpegd_usac\mp4spatialdec\win32\obj\x64_debug\spatiallib\sac_arbitrarytree.obj
c:\users\lenovo\desktop\final-3-mpegd_usac-iso-iec\final-mpegd_usac-iso-iec\mpegd_usac\mp4spatialdec\win32\obj\x64_debug\spatiallib\sac_bitdec.obj
c:\users\lenovo\desktop\final-3-mpegd_usac-iso-iec\final-mpegd_usac-iso-iec\mpegd_usac\mp4spatialdec\win32\obj\x64_debug\spatiallib\sac_bitinput.obj
c:\users\lenovo\desktop\final-3-mpegd_usac-iso-iec\final-mpegd_usac-iso-iec\mpegd_usac\mp4spatialdec\win32\obj\x64_debug\spatiallib\sac_blind.obj
c:\users\lenovo\desktop\final-3-mpegd_usac-iso-iec\final-mpegd_usac-iso-iec\mpegd_usac\mp4spatialdec\win32\obj\x64_debug\spatiallib\sac_calcm1andm2.obj
c:\users\lenovo\desktop\final-3-mpegd_usac-iso-iec\final-mpegd_usac-iso-iec\mpegd_usac\mp4spatialdec\win32\obj\x64_debug\spatiallib\sac_config.obj
c:\users\lenovo\desktop\final-3-mpegd_usac-iso-iec\final-mpegd_usac-iso-iec\mpegd_usac\mp4spatialdec\win32\obj\x64_debug\spatiallib\sac_dec.obj
c:\users\lenovo\desktop\final-3-mpegd_usac-iso-iec\final-mpegd_usac-iso-iec\mpegd_usac\mp4spatialdec\win32\obj\x64_debug\spatiallib\sac_decor.obj
c:\users\lenovo\desktop\final-3-mpegd_usac-iso-iec\final-mpegd_usac-iso-iec\mpegd_usac\mp4spatialdec\win32\obj\x64_debug\spatiallib\sac_hrtf.obj
c:\users\lenovo\desktop\final-3-mpegd_usac-iso-iec\final-mpegd_usac-iso-iec\mpegd_usac\mp4spatialdec\win32\obj\x64_debug\spatiallib\sac_hrtffilter.obj
c:\users\lenovo\desktop\final-3-mpegd_usac-iso-iec\final-mpegd_usac-iso-iec\mpegd_usac\mp4spatialdec\win32\obj\x64_debug\spatiallib\sac_hybfilter.obj
c:\users\lenovo\desktop\final-3-mpegd_usac-iso-iec\final-mpegd_usac-iso-iec\mpegd_usac\mp4spatialdec\win32\obj\x64_debug\spatiallib\sac_ipd_dec.obj
c:\users\lenovo\desktop\final-3-mpegd_usac-iso-iec\final-mpegd_usac-iso-iec\mpegd_usac\mp4spatialdec\win32\obj\x64_debug\spatiallib\sac_mdct2qmf.obj
c:\users\lenovo\desktop\final-3-mpegd_usac-iso-iec\final-mpegd_usac-iso-iec\mpegd_usac\mp4spatialdec\win32\obj\x64_debug\spatiallib\sac_mdct2qmf_wf_tables.obj
c:\users\lenovo\desktop\final-3-mpegd_usac-iso-iec\final-mpegd_usac-iso-iec\mpegd_usac\mp4spatialdec\win32\obj\x64_debug\spatiallib\sac_nlc_dec.obj
c:\users\lenovo\desktop\final-3-mpegd_usac-iso-iec\final-mpegd_usac-iso-iec\mpegd_usac\mp4spatialdec\win32\obj\x64_debug\spatiallib\sac_nodes_cld.obj
c:\users\lenovo\desktop\final-3-mpegd_usac-iso-iec\final-mpegd_usac-iso-iec\mpegd_usac\mp4spatialdec\win32\obj\x64_debug\spatiallib\sac_nodes_cpc.obj
c:\users\lenovo\desktop\final-3-mpegd_usac-iso-iec\final-mpegd_usac-iso-iec\mpegd_usac\usacencdec\win32\usacenc\lib\x64_debug\spatiallib.lib
c:\users\lenovo\desktop\final-3-mpegd_usac-iso-iec\final-mpegd_usac-iso-iec\mpegd_usac\usacencdec\win32\usacenc\lib\x64_debug\spatiallib.pdb
c:\users\lenovo\desktop\final-3-mpegd_usac-iso-iec\final-mpegd_usac-iso-iec\mpegd_usac\mp4spatialdec\win32\obj\x64_debug\spatiallib\spatiallib.vcxproj.filelistabsolute.txt
c:\users\lenovo\desktop\final-3-mpegd_usac-iso-iec\final-mpegd_usac-iso-iec\mpegd_usac\mp4spatialdec\win32\obj\x64_debug\spatiallib\spatiallib.tlog\cl.command.1.tlog
c:\users\lenovo\desktop\final-3-mpegd_usac-iso-iec\final-mpegd_usac-iso-iec\mpegd_usac\mp4spatialdec\win32\obj\x64_debug\spatiallib\spatiallib.tlog\cl.items.tlog
c:\users\lenovo\desktop\final-3-mpegd_usac-iso-iec\final-mpegd_usac-iso-iec\mpegd_usac\mp4spatialdec\win32\obj\x64_debug\spatiallib\spatiallib.tlog\cl.read.1.tlog
c:\users\lenovo\desktop\final-3-mpegd_usac-iso-iec\final-mpegd_usac-iso-iec\mpegd_usac\mp4spatialdec\win32\obj\x64_debug\spatiallib\spatiallib.tlog\cl.write.1.tlog
c:\users\lenovo\desktop\final-3-mpegd_usac-iso-iec\final-mpegd_usac-iso-iec\mpegd_usac\mp4spatialdec\win32\obj\x64_debug\spatiallib\spatiallib.tlog\lib-link.read.1.tlog
c:\users\lenovo\desktop\final-3-mpegd_usac-iso-iec\final-mpegd_usac-iso-iec\mpegd_usac\mp4spatialdec\win32\obj\x64_debug\spatiallib\spatiallib.tlog\lib-link.write.1.tlog
c:\users\lenovo\desktop\final-3-mpegd_usac-iso-iec\final-mpegd_usac-iso-iec\mpegd_usac\mp4spatialdec\win32\obj\x64_debug\spatiallib\spatiallib.tlog\lib.command.1.tlog
