c:\users\86136\desktop\exe\iso-iec-usac\mpegd_usac\eptool\win32\obj\x64_debug\libeptool\libeptool_vc11.pdb
c:\users\86136\desktop\exe\iso-iec-usac\mpegd_usac\eptool\win32\obj\x64_debug\libeptool\libeptool_vc11.idb
c:\users\86136\desktop\exe\iso-iec-usac\mpegd_usac\eptool\win32\obj\x64_debug\libeptool\bch.obj
c:\users\86136\desktop\exe\iso-iec-usac\mpegd_usac\eptool\win32\obj\x64_debug\libeptool\bintoint.obj
c:\users\86136\desktop\exe\iso-iec-usac\mpegd_usac\eptool\win32\obj\x64_debug\libeptool\calcoverhead.obj
c:\users\86136\desktop\exe\iso-iec-usac\mpegd_usac\eptool\win32\obj\x64_debug\libeptool\concat.obj
c:\users\86136\desktop\exe\iso-iec-usac\mpegd_usac\eptool\win32\obj\x64_debug\libeptool\crc.obj
c:\users\86136\desktop\exe\iso-iec-usac\mpegd_usac\eptool\win32\obj\x64_debug\libeptool\dcm_io.obj
c:\users\86136\desktop\exe\iso-iec-usac\mpegd_usac\eptool\win32\obj\x64_debug\libeptool\eptool.obj
c:\users\86136\desktop\exe\iso-iec-usac\mpegd_usac\eptool\win32\obj\x64_debug\libeptool\interleave.obj
c:\users\86136\desktop\exe\iso-iec-usac\mpegd_usac\eptool\win32\obj\x64_debug\libeptool\libeptool.obj
c:\users\86136\desktop\exe\iso-iec-usac\mpegd_usac\eptool\win32\obj\x64_debug\libeptool\outinfo.obj
c:\users\86136\desktop\exe\iso-iec-usac\mpegd_usac\eptool\win32\obj\x64_debug\libeptool\rconcatenation.obj
c:\users\86136\desktop\exe\iso-iec-usac\mpegd_usac\eptool\win32\obj\x64_debug\libeptool\reedsolomon.obj
c:\users\86136\desktop\exe\iso-iec-usac\mpegd_usac\eptool\win32\obj\x64_debug\libeptool\srcpc2.obj
c:\users\86136\desktop\exe\iso-iec-usac\mpegd_usac\usacencdec\win32\usacdec\lib\x64_debug\libeptool.lib
c:\users\86136\desktop\exe\iso-iec-usac\mpegd_usac\usacencdec\win32\usacdec\lib\x64_debug\libeptool.pdb
c:\users\86136\desktop\exe\iso-iec-usac\mpegd_usac\eptool\win32\obj\x64_debug\libeptool\libeptool.vcxproj.filelistabsolute.txt
c:\users\86136\desktop\exe\iso-iec-usac\mpegd_usac\eptool\win32\obj\x64_debug\libeptool\libeptool.tlog\cl.command.1.tlog
c:\users\86136\desktop\exe\iso-iec-usac\mpegd_usac\eptool\win32\obj\x64_debug\libeptool\libeptool.tlog\cl.items.tlog
c:\users\86136\desktop\exe\iso-iec-usac\mpegd_usac\eptool\win32\obj\x64_debug\libeptool\libeptool.tlog\cl.read.1.tlog
c:\users\86136\desktop\exe\iso-iec-usac\mpegd_usac\eptool\win32\obj\x64_debug\libeptool\libeptool.tlog\cl.write.1.tlog
c:\users\86136\desktop\exe\iso-iec-usac\mpegd_usac\eptool\win32\obj\x64_debug\libeptool\libeptool.tlog\lib-link.read.1.tlog
c:\users\86136\desktop\exe\iso-iec-usac\mpegd_usac\eptool\win32\obj\x64_debug\libeptool\libeptool.tlog\lib-link.write.1.tlog
c:\users\86136\desktop\exe\iso-iec-usac\mpegd_usac\eptool\win32\obj\x64_debug\libeptool\libeptool.tlog\lib.command.1.tlog
