cl : 命令行  warning D9035: “Gm”选项已否决，并将在将来的版本中移除
  window.cpp
  vlpc_2st_cod.cpp
  vlpc_1st_dic.cpp
  vlpc_1st_cod.cpp
  util_td.cpp
  usac_tw_tools.cpp
  usac_tw_enc.cpp
  usac_tcx_mdct.cpp
  usac_nf.cpp
  usac_mdct.cpp
  usac_fd_qc.cpp
  usac_fd_enc.cpp
  usac_enc_lpc.cpp
  usac_cfftn.cpp
  usac_bits.cpp
  usac_arith_dec.cpp
C:\Users\lenovo\Desktop\final-3-mpegD_usac-ISO-IEC\final-mpegD_usac-ISO-IEC\mpegD_usac\usacEncDec\src_usac\usac_arith_dec.cpp(1188,22): warning C4244: “=”: 从“__int64”转换到“long”，可能丢失数据
  tables_plus.cpp
  signal_classifier.cpp
  segsnr.cpp
  savq_cod.cpp
C:\Users\lenovo\Desktop\final-3-mpegD_usac-ISO-IEC\final-mpegD_usac-ISO-IEC\mpegD_usac\usacEncDec\src_usac\re8.h(1,1): warning C4819: 该文件包含不能在当前代码页(936)中表示的字符。请将该文件保存为 Unicode 格式以防止数据丢失
  (编译源文件“../../../src_usac_enc/savq_cod.cpp”)
  
  正在生成代码...
  正在编译...
  re8_vor.cpp
C:\Users\lenovo\Desktop\final-3-mpegD_usac-ISO-IEC\final-mpegD_usac-ISO-IEC\mpegD_usac\usacEncDec\src_usac\re8.h(1,1): warning C4819: 该文件包含不能在当前代码页(936)中表示的字符。请将该文件保存为 Unicode 格式以防止数据丢失
  (编译源文件“../../../src_usac/re8_vor.cpp”)
  
  re8_ppv.cpp
C:\Users\lenovo\Desktop\final-3-mpegD_usac-ISO-IEC\final-mpegD_usac-ISO-IEC\mpegD_usac\usacEncDec\src_usac\re8.h(1,1): warning C4819: 该文件包含不能在当前代码页(936)中表示的字符。请将该文件保存为 Unicode 格式以防止数据丢失
  (编译源文件“../../../src_usac/re8_ppv.cpp”)
  
  re8_dic.cpp
  re8_cod.cpp
C:\Users\lenovo\Desktop\final-3-mpegD_usac-ISO-IEC\final-mpegD_usac-ISO-IEC\mpegD_usac\usacEncDec\src_usac\re8.h(1,1): warning C4819: 该文件包含不能在当前代码页(936)中表示的字符。请将该文件保存为 Unicode 格式以防止数据丢失
  (编译源文件“../../../src_usac/re8_cod.cpp”)
  
  qlpc_avq.cpp
  q_gain2p.cpp
  pit_fr4.cpp
  lsf_wt.cpp
  lsf_tab.cpp
  LPD_fac.cpp
C:\Users\lenovo\Desktop\final-3-mpegD_usac-ISO-IEC\final-mpegD_usac-ISO-IEC\mpegD_usac\usacEncDec\src_usac\LPD_fac.cpp(248,24): warning C4244: “=”: 从“double”转换到“float”，可能丢失数据
C:\Users\lenovo\Desktop\final-3-mpegD_usac-ISO-IEC\final-mpegD_usac-ISO-IEC\mpegD_usac\usacEncDec\src_usac\LPD_fac.cpp(249,33): warning C4244: “=”: 从“double”转换到“float”，可能丢失数据
C:\Users\lenovo\Desktop\final-3-mpegD_usac-ISO-IEC\final-mpegD_usac-ISO-IEC\mpegD_usac\usacEncDec\src_usac\LPD_fac.cpp(250,34): warning C4244: “=”: 从“double”转换到“float”，可能丢失数据
C:\Users\lenovo\Desktop\final-3-mpegD_usac-ISO-IEC\final-mpegD_usac-ISO-IEC\mpegD_usac\usacEncDec\src_usac\LPD_fac.cpp(263,25): warning C4244: “=”: 从“double”转换到“float”，可能丢失数据
  lag_wind.cpp
  intrins.cpp
  int_lpc.cpp
  int_dec.cpp
  hp50.cpp
  get_gain.cpp
  fd_fac.cpp
C:\Users\lenovo\Desktop\final-3-mpegD_usac-ISO-IEC\final-mpegD_usac-ISO-IEC\mpegD_usac\usacEncDec\src_usac\re8.h(1,1): warning C4819: 该文件包含不能在当前代码页(936)中表示的字符。请将该文件保存为 Unicode 格式以防止数据丢失
  (编译源文件“../../../src_usac_enc/fd_fac.cpp”)
  
C:\Users\lenovo\Desktop\final-3-mpegD_usac-ISO-IEC\final-mpegD_usac-ISO-IEC\mpegD_usac\usacEncDec\src_usac_enc\fd_fac.cpp(207,42): warning C4244: “=”: 从“double”转换到“float”，可能丢失数据
C:\Users\lenovo\Desktop\final-3-mpegD_usac-ISO-IEC\final-mpegD_usac-ISO-IEC\mpegD_usac\usacEncDec\src_usac_enc\fd_fac.cpp(214,63): warning C4244: “+=”: 从“double”转换到“float”，可能丢失数据
  enc_util.cpp
  enc_usac.cpp
C:\Users\lenovo\Desktop\final-3-mpegD_usac-ISO-IEC\final-mpegD_usac-ISO-IEC\mpegD_usac\usacEncDec\win32\fdk_psy\aacenc_tns.h(126,9): warning C4005: “TNS_MAX_ORDER”: 宏重定义
  (编译源文件“../../../src_usac_enc/enc_usac.cpp”)
      C:\Users\lenovo\Desktop\final-3-mpegD_usac-ISO-IEC\final-mpegD_usac-ISO-IEC\mpegD_usac\usacEncDec\src_tf\tns.h(31,9):
      参见“TNS_MAX_ORDER”的前一个定义
  
C:\Users\lenovo\Desktop\final-3-mpegD_usac-ISO-IEC\final-mpegD_usac-ISO-IEC\mpegD_usac\usacEncDec\src_usac_enc\enc_usac.cpp(366,17): warning C4267: “=”: 从“size_t”转换到“unsigned int”，可能丢失数据
C:\Users\lenovo\Desktop\final-3-mpegD_usac-ISO-IEC\final-mpegD_usac-ISO-IEC\mpegD_usac\usacEncDec\src_usac_enc\enc_usac.cpp(387,7): warning C4101: “val”: 未引用的局部变量
C:\Users\lenovo\Desktop\final-3-mpegD_usac-ISO-IEC\final-mpegD_usac-ISO-IEC\mpegD_usac\usacEncDec\src_usac_enc\enc_usac.cpp(2293,21): warning C4101: “ErrorStatus”: 未引用的局部变量
  enc_rom.cpp
  正在生成代码...
C:\Users\lenovo\Desktop\final-3-mpegD_usac-ISO-IEC\final-mpegD_usac-ISO-IEC\mpegD_usac\usacEncDec\src_usac_enc\enc_usac.cpp(2295,1): warning C4700: 使用了未初始化的局部变量“hAacEnc”
  正在编译...
  enc_prm.cpp
C:\Users\lenovo\Desktop\final-3-mpegD_usac-ISO-IEC\final-mpegD_usac-ISO-IEC\mpegD_usac\usacEncDec\src_usac\re8.h(1,1): warning C4819: 该文件包含不能在当前代码页(936)中表示的字符。请将该文件保存为 Unicode 格式以防止数据丢失
  (编译源文件“../../../src_usac_enc/enc_prm.cpp”)
  
  enc_gain.cpp
  enc_acelp.cpp
  dec_fd_fac.cpp
C:\Users\lenovo\Desktop\final-3-mpegD_usac-ISO-IEC\final-mpegD_usac-ISO-IEC\mpegD_usac\usacEncDec\src_usac\re8.h(1,1): warning C4819: 该文件包含不能在当前代码页(936)中表示的字符。请将该文件保存为 Unicode 格式以防止数据丢失
  (编译源文件“../../../src_usac/dec_fd_fac.cpp”)
  
  cplx_pred.cpp
  cod_tcx_fac.cpp
C:\Users\lenovo\Desktop\final-3-mpegD_usac-ISO-IEC\final-mpegD_usac-ISO-IEC\mpegD_usac\usacEncDec\src_usac\re8.h(1,1): warning C4819: 该文件包含不能在当前代码页(936)中表示的字符。请将该文件保存为 Unicode 格式以防止数据丢失
  (编译源文件“../../../src_usac_enc/cod_tcx_fac.cpp”)
  
  cod_main.cpp
  cod_lf_fac.cpp
  cod_ace_fac.cpp
  buffers.cpp
  bitfct.cpp
  正在生成代码...
  obj_usac_enc.vcxproj -> C:\Users\lenovo\Desktop\final-3-mpegD_usac-ISO-IEC\final-mpegD_usac-ISO-IEC\mpegD_usac\usacEncDec\win32\usacEnc\lib\x64_Debug\obj_usac_enc.lib
