c:\users\lenovo\desktop\final-3-mpegd_usac-iso-iec\final-mpegd_usac-iso-iec\mpegd_usac\usacencdec\win32\usacenc\obj_usac_enc\obj\x64_debug\obj_usac_enc\obj_usac_enc_vc11.pdb
c:\users\lenovo\desktop\final-3-mpegd_usac-iso-iec\final-mpegd_usac-iso-iec\mpegd_usac\usacencdec\win32\usacenc\obj_usac_enc\obj\x64_debug\obj_usac_enc\obj_usac_enc_vc11.idb
c:\users\lenovo\desktop\final-3-mpegd_usac-iso-iec\final-mpegd_usac-iso-iec\mpegd_usac\usacencdec\win32\usacenc\obj_usac_enc\obj\x64_debug\obj_usac_enc\signal_classifier.obj
c:\users\lenovo\desktop\final-3-mpegd_usac-iso-iec\final-mpegd_usac-iso-iec\mpegd_usac\usacencdec\win32\usacenc\obj_usac_enc\obj\x64_debug\obj_usac_enc\tables_plus.obj
c:\users\lenovo\desktop\final-3-mpegd_usac-iso-iec\final-mpegd_usac-iso-iec\mpegd_usac\usacencdec\win32\usacenc\obj_usac_enc\obj\x64_debug\obj_usac_enc\vlpc_1st_dic.obj
c:\users\lenovo\desktop\final-3-mpegd_usac-iso-iec\final-mpegd_usac-iso-iec\mpegd_usac\usacencdec\win32\usacenc\obj_usac_enc\obj\x64_debug\obj_usac_enc\enc_rom.obj
c:\users\lenovo\desktop\final-3-mpegd_usac-iso-iec\final-mpegd_usac-iso-iec\mpegd_usac\usacencdec\win32\usacenc\obj_usac_enc\obj\x64_debug\obj_usac_enc\enc_util.obj
c:\users\lenovo\desktop\final-3-mpegd_usac-iso-iec\final-mpegd_usac-iso-iec\mpegd_usac\usacencdec\win32\usacenc\obj_usac_enc\obj\x64_debug\obj_usac_enc\intrins.obj
c:\users\lenovo\desktop\final-3-mpegd_usac-iso-iec\final-mpegd_usac-iso-iec\mpegd_usac\usacencdec\win32\usacenc\obj_usac_enc\obj\x64_debug\obj_usac_enc\lsf_tab.obj
c:\users\lenovo\desktop\final-3-mpegd_usac-iso-iec\final-mpegd_usac-iso-iec\mpegd_usac\usacencdec\win32\usacenc\obj_usac_enc\obj\x64_debug\obj_usac_enc\lsf_wt.obj
c:\users\lenovo\desktop\final-3-mpegd_usac-iso-iec\final-mpegd_usac-iso-iec\mpegd_usac\usacencdec\win32\usacenc\obj_usac_enc\obj\x64_debug\obj_usac_enc\re8_cod.obj
c:\users\lenovo\desktop\final-3-mpegd_usac-iso-iec\final-mpegd_usac-iso-iec\mpegd_usac\usacencdec\win32\usacenc\obj_usac_enc\obj\x64_debug\obj_usac_enc\re8_dic.obj
c:\users\lenovo\desktop\final-3-mpegd_usac-iso-iec\final-mpegd_usac-iso-iec\mpegd_usac\usacencdec\win32\usacenc\obj_usac_enc\obj\x64_debug\obj_usac_enc\re8_ppv.obj
c:\users\lenovo\desktop\final-3-mpegd_usac-iso-iec\final-mpegd_usac-iso-iec\mpegd_usac\usacencdec\win32\usacenc\obj_usac_enc\obj\x64_debug\obj_usac_enc\re8_vor.obj
c:\users\lenovo\desktop\final-3-mpegd_usac-iso-iec\final-mpegd_usac-iso-iec\mpegd_usac\usacencdec\win32\usacenc\obj_usac_enc\obj\x64_debug\obj_usac_enc\bitfct.obj
c:\users\lenovo\desktop\final-3-mpegd_usac-iso-iec\final-mpegd_usac-iso-iec\mpegd_usac\usacencdec\win32\usacenc\obj_usac_enc\obj\x64_debug\obj_usac_enc\buffers.obj
c:\users\lenovo\desktop\final-3-mpegd_usac-iso-iec\final-mpegd_usac-iso-iec\mpegd_usac\usacencdec\win32\usacenc\obj_usac_enc\obj\x64_debug\obj_usac_enc\enc_acelp.obj
c:\users\lenovo\desktop\final-3-mpegd_usac-iso-iec\final-mpegd_usac-iso-iec\mpegd_usac\usacencdec\win32\usacenc\obj_usac_enc\obj\x64_debug\obj_usac_enc\enc_gain.obj
c:\users\lenovo\desktop\final-3-mpegd_usac-iso-iec\final-mpegd_usac-iso-iec\mpegd_usac\usacencdec\win32\usacenc\obj_usac_enc\obj\x64_debug\obj_usac_enc\obj_usac_enc.vcxproj.filelistabsolute.txt
c:\users\lenovo\desktop\final-3-mpegd_usac-iso-iec\final-mpegd_usac-iso-iec\mpegd_usac\usacencdec\win32\usacenc\obj_usac_enc\obj\x64_debug\obj_usac_enc\obj_usac_enc.tlog\cl.command.1.tlog
c:\users\lenovo\desktop\final-3-mpegd_usac-iso-iec\final-mpegd_usac-iso-iec\mpegd_usac\usacencdec\win32\usacenc\obj_usac_enc\obj\x64_debug\obj_usac_enc\obj_usac_enc.tlog\cl.read.1.tlog
c:\users\lenovo\desktop\final-3-mpegd_usac-iso-iec\final-mpegd_usac-iso-iec\mpegd_usac\usacencdec\win32\usacenc\obj_usac_enc\obj\x64_debug\obj_usac_enc\obj_usac_enc.tlog\cl.write.1.tlog
