c:\users\86136\desktop\exe\iso-iec-usac\mpegd_usac\usacencdec\win32\usacdec\obj\x64_debug\objs_vq_dec\objs_vq_dec_vc11.pdb
c:\users\86136\desktop\exe\iso-iec-usac\mpegd_usac\usacencdec\win32\usacdec\obj\x64_debug\objs_vq_dec\objs_vq_dec_vc11.idb
c:\users\86136\desktop\exe\iso-iec-usac\mpegd_usac\usacencdec\win32\usacdec\obj\x64_debug\objs_vq_dec\ntt_lsp_decw.obj
c:\users\86136\desktop\exe\iso-iec-usac\mpegd_usac\usacencdec\win32\usacdec\obj\x64_debug\objs_vq_dec\ntt_lsptowt_int.obj
c:\users\86136\desktop\exe\iso-iec-usac\mpegd_usac\usacencdec\win32\usacdec\obj\x64_debug\objs_vq_dec\ntt_movdd.obj
c:\users\86136\desktop\exe\iso-iec-usac\mpegd_usac\usacencdec\win32\usacdec\obj\x64_debug\objs_vq_dec\ntt_mulawinv.obj
c:\users\86136\desktop\exe\iso-iec-usac\mpegd_usac\usacencdec\win32\usacdec\obj\x64_debug\objs_vq_dec\ntt_post_process.obj
c:\users\86136\desktop\exe\iso-iec-usac\mpegd_usac\usacencdec\win32\usacdec\obj\x64_debug\objs_vq_dec\ntt_redec.obj
c:\users\86136\desktop\exe\iso-iec-usac\mpegd_usac\usacencdec\win32\usacdec\obj\x64_debug\objs_vq_dec\ntt_scale_dec_bark_env.obj
c:\users\86136\desktop\exe\iso-iec-usac\mpegd_usac\usacencdec\win32\usacdec\obj\x64_debug\objs_vq_dec\ntt_scale_init.obj
c:\users\86136\desktop\exe\iso-iec-usac\mpegd_usac\usacencdec\win32\usacdec\obj\x64_debug\objs_vq_dec\ntt_scale_message.obj
c:\users\86136\desktop\exe\iso-iec-usac\mpegd_usac\usacencdec\win32\usacdec\obj\x64_debug\objs_vq_dec\ntt_scale_tf_proc_spectrum_d.obj
c:\users\86136\desktop\exe\iso-iec-usac\mpegd_usac\usacencdec\win32\usacdec\obj\x64_debug\objs_vq_dec\ntt_scale_vq_decoder.obj
c:\users\86136\desktop\exe\iso-iec-usac\mpegd_usac\usacencdec\win32\usacdec\obj\x64_debug\objs_vq_dec\ntt_sclbitunpack.obj
c:\users\86136\desktop\exe\iso-iec-usac\mpegd_usac\usacencdec\win32\usacdec\obj\x64_debug\objs_vq_dec\ntt_set_isp.obj
c:\users\86136\desktop\exe\iso-iec-usac\mpegd_usac\usacencdec\win32\usacdec\obj\x64_debug\objs_vq_dec\ntt_tf_proc_spectrum_d.obj
c:\users\86136\desktop\exe\iso-iec-usac\mpegd_usac\usacencdec\win32\usacdec\obj\x64_debug\objs_vq_dec\ntt_tf_requantize_spectrum.obj
c:\users\86136\desktop\exe\iso-iec-usac\mpegd_usac\usacencdec\win32\usacdec\obj\x64_debug\objs_vq_dec\ntt_tfinit.obj
c:\users\86136\desktop\exe\iso-iec-usac\mpegd_usac\usacencdec\win32\usacdec\obj\x64_debug\objs_vq_dec\ntt_vec_lenp.obj
c:\users\86136\desktop\exe\iso-iec-usac\mpegd_usac\usacencdec\win32\usacdec\obj\x64_debug\objs_vq_dec\ntt_vex_pn.obj
c:\users\86136\desktop\exe\iso-iec-usac\mpegd_usac\usacencdec\win32\usacdec\obj\x64_debug\objs_vq_dec\ntt_vq_decoder.obj
c:\users\86136\desktop\exe\iso-iec-usac\mpegd_usac\usacencdec\win32\usacdec\obj\x64_debug\objs_vq_dec\ntt_zerod.obj
c:\users\86136\desktop\exe\iso-iec-usac\mpegd_usac\usacencdec\win32\usacdec\obj\x64_debug\objs_vq_dec\mat_scale_set_shift_para.obj
c:\users\86136\desktop\exe\iso-iec-usac\mpegd_usac\usacencdec\win32\usacdec\obj\x64_debug\objs_vq_dec\mat_scale_tf_requantize_spectrum.obj
c:\users\86136\desktop\exe\iso-iec-usac\mpegd_usac\usacencdec\win32\usacdec\obj\x64_debug\objs_vq_dec\ntt_bitunpack.obj
c:\users\86136\desktop\exe\iso-iec-usac\mpegd_usac\usacencdec\win32\usacdec\obj\x64_debug\objs_vq_dec\ntt_check.obj
c:\users\86136\desktop\exe\iso-iec-usac\mpegd_usac\usacencdec\win32\usacdec\obj\x64_debug\objs_vq_dec\ntt_cnst_chk.obj
c:\users\86136\desktop\exe\iso-iec-usac\mpegd_usac\usacencdec\win32\usacdec\obj\x64_debug\objs_vq_dec\ntt_dec_bark_env.obj
c:\users\86136\desktop\exe\iso-iec-usac\mpegd_usac\usacencdec\win32\usacdec\obj\x64_debug\objs_vq_dec\ntt_dec_gain.obj
c:\users\86136\desktop\exe\iso-iec-usac\mpegd_usac\usacencdec\win32\usacdec\obj\x64_debug\objs_vq_dec\ntt_dec_lpc_spectrum_inv.obj
c:\users\86136\desktop\exe\iso-iec-usac\mpegd_usac\usacencdec\win32\usacdec\obj\x64_debug\objs_vq_dec\ntt_dec_pgain.obj
c:\users\86136\desktop\exe\iso-iec-usac\mpegd_usac\usacencdec\win32\usacdec\obj\x64_debug\objs_vq_dec\ntt_dec_pit_seq.obj
c:\users\86136\desktop\exe\iso-iec-usac\mpegd_usac\usacencdec\win32\usacdec\obj\x64_debug\objs_vq_dec\ntt_dec_pitch.obj
c:\users\86136\desktop\exe\iso-iec-usac\mpegd_usac\usacencdec\win32\usacdec\obj\x64_debug\objs_vq_dec\ntt_dec_sq_gain.obj
c:\users\86136\desktop\exe\iso-iec-usac\mpegd_usac\usacencdec\win32\usacdec\obj\x64_debug\objs_vq_dec\ntt_denormalizer_spectrum.obj
c:\users\86136\desktop\exe\iso-iec-usac\mpegd_usac\usacencdec\win32\usacdec\obj\x64_debug\objs_vq_dec\ntt_extend_pitch.obj
c:\users\86136\desktop\exe\iso-iec-usac\mpegd_usac\usacencdec\win32\usacdec\obj\x64_debug\objs_vq_dec\ntt_fwex.obj
c:\users\86136\desktop\exe\iso-iec-usac\mpegd_usac\usacencdec\win32\usacdec\obj\x64_debug\objs_vq_dec\ntt_get_cdbk.obj
c:\users\86136\desktop\exe\iso-iec-usac\mpegd_usac\usacencdec\win32\usacdec\obj\x64_debug\objs_vq_dec\ntt_get_code.obj
c:\users\86136\desktop\exe\iso-iec-usac\mpegd_usac\usacencdec\win32\usacdec\obj\x64_debug\objs_vq_dec\ntt_headerdec.obj
c:\users\86136\desktop\exe\iso-iec-usac\mpegd_usac\usacencdec\win32\usacdec\lib\x64_debug\objs_vq_dec.lib
c:\users\86136\desktop\exe\iso-iec-usac\mpegd_usac\usacencdec\win32\usacdec\lib\x64_debug\objs_vq_dec.pdb
c:\users\86136\desktop\exe\iso-iec-usac\mpegd_usac\usacencdec\win32\usacdec\obj\x64_debug\objs_vq_dec\objs_vq_dec.vcxproj.filelistabsolute.txt
c:\users\86136\desktop\exe\iso-iec-usac\mpegd_usac\usacencdec\win32\usacdec\obj\x64_debug\objs_vq_dec\objs_vq_dec.tlog\cl.command.1.tlog
c:\users\86136\desktop\exe\iso-iec-usac\mpegd_usac\usacencdec\win32\usacdec\obj\x64_debug\objs_vq_dec\objs_vq_dec.tlog\cl.items.tlog
c:\users\86136\desktop\exe\iso-iec-usac\mpegd_usac\usacencdec\win32\usacdec\obj\x64_debug\objs_vq_dec\objs_vq_dec.tlog\cl.read.1.tlog
c:\users\86136\desktop\exe\iso-iec-usac\mpegd_usac\usacencdec\win32\usacdec\obj\x64_debug\objs_vq_dec\objs_vq_dec.tlog\cl.write.1.tlog
c:\users\86136\desktop\exe\iso-iec-usac\mpegd_usac\usacencdec\win32\usacdec\obj\x64_debug\objs_vq_dec\objs_vq_dec.tlog\lib-link.read.1.tlog
c:\users\86136\desktop\exe\iso-iec-usac\mpegd_usac\usacencdec\win32\usacdec\obj\x64_debug\objs_vq_dec\objs_vq_dec.tlog\lib-link.write.1.tlog
c:\users\86136\desktop\exe\iso-iec-usac\mpegd_usac\usacencdec\win32\usacdec\obj\x64_debug\objs_vq_dec\objs_vq_dec.tlog\lib.command.1.tlog
