cl : 命令行  warning D9035: “Gm”选项已否决，并将在将来的版本中移除
  ntt_zerod.c
  ntt_vq_decoder.c
  ntt_vex_pn.c
  ntt_vec_lenp.c
  ntt_TfInit.c
  ntt_tf_requantize_spectrum.c
C:\Users\86136\Desktop\exe\ISO-IEC-USAC\mpegD_usac\usacEncDec\src_tf\ntt_TfInit.c(287,47): warning C4244: “=”: 从“long”转换到“short”，可能丢失数据
C:\Users\86136\Desktop\exe\ISO-IEC-USAC\mpegD_usac\usacEncDec\src_tf\ntt_TfInit.c(291,47): warning C4244: “=”: 从“long”转换到“short”，可能丢失数据
  ntt_tf_proc_spectrum_d.c
  ntt_set_isp.c
  ntt_SclBitUnPack.c
  ntt_scale_vq_decoder.c
  ntt_scale_tf_proc_spectrum_d.c
  ntt_scale_message.c
  ntt_scale_init.c
  ntt_scale_dec_bark_env.c
  ntt_redec.c
  ntt_post_process.c
  ntt_mulawinv.c
  ntt_movdd.c
  ntt_lsptowt_int.c
  ntt_lsp_decw.c
  正在生成代码...
  正在编译...
  ntt_headerdec.c
  ntt_get_code.c
  ntt_get_cdbk.c
  ntt_fwex.c
  ntt_extend_pitch.c
  ntt_denormalizer_spectrum.c
  ntt_dec_sq_gain.c
  ntt_dec_pitch.c
  ntt_dec_pit_seq.c
  ntt_dec_pgain.c
  ntt_dec_lpc_spectrum_inv.c
  ntt_dec_gain.c
  ntt_dec_bark_env.c
  ntt_cnst_chk.c
  ntt_check.c
  ntt_BitUnPack.c
  mat_scale_tf_requantize_spectrum.c
  mat_scale_set_shift_para.c
  正在生成代码...
  objs_vq_dec.vcxproj -> C:\Users\86136\Desktop\exe\ISO-IEC-USAC\mpegD_usac\usacEncDec\win32\usacDec\lib\x64_Debug\objs_vq_dec.lib
