  AdditionalMetaDataContainerAtom.c
  ChannelLayoutAtom.c
  CompatibleSchemeTypeAtom.c
  CompositionToDecodeAtom.c
  DownMixInstructionsAtom.c
  ExtendedLanguageTag.c
  ItemDataAtom.c
  ItemPropertiesAtom.c
  ItemPropertyAssociationAtom.c
  ItemPropertyContainerAtom.c
  ItemReferenceAtom.c
  LoudnessAtom.c
  LoudnessBaseAtom.c
  MetaboxRelationAtom.c
  RestrictedSchemeInfoAtom.c
  RestrictedVideoSampleEntry.c
  SampleAuxiliaryInformationOffsetsAtom.c
  SampleAuxiliaryInformationSizesAtom.c
  SchemeTypeAtom.c
  SingleItemTypeReferenceAtom.c
  正在生成代码...
  正在编译...
  StereoVideoAtom.c
  StereoVideoGroupAtom.c
  TrackExtensionPropertiesAtom.c
  TrackFragmentDecodeTimeAtom.c
  AudioSampleEntryAtom.c
  BaseDescriptor.c
  ChunkOffsetAtom.c
  ClockReferenceMediaHeader.c
  CopyrightAtom.c
  DataEntryURLAtom.c
  DataEntryURNAtom.c
  DataInformationAtom.c
  DataReferenceAtom.c
  DecodingOffsetAtom.c
  DegradationPriorityAtom.c
  EditAtom.c
  EditListAtom.c
  ESDAtom.c
  ESUpdateCommand.c
  FileMappingDataHandler.c
  正在生成代码...
  正在编译...
  FreeSpaceAtom.c
  GenericSampleEntryAtom.c
  HandlerAtom.c
  HEVCConfigAtom.c
  HintMediaHeaderAtom.c
  IPMPToolUpdateCommand.c
  MdatDataHandler.c
  MediaAtom.c
  MediaDataAtom.c
  MediaHeaderAtom.c
  MediaInformationAtom.c
  MemoryFileMappingObject.c
  MJ2BitsPerComponentAtom.c
  MJ2ColorSpecificationAtom.c
  MJ2FileTypeAtom.c
  MJ2HeaderAtom.c
  MJ2ImageHeaderAtom.c
  MJ2Movies.c
  MJ2SignatureAtom.c
  MovieAtom.c
  正在生成代码...
  正在编译...
  MovieExtendsAtom.c
  MovieFragmentAtom.c
  MovieFragmentHeaderAtom.c
  MovieHeaderAtom.c
  MovieTracks.c
  MP4Atoms.c
  MP4Commands.c
  MP4DataHandler.c
  MP4DecoderConfigDescriptor.c
  MP4DefaultCommand.c
  MP4DefaultDescriptor.c
  MP4Descriptors.c
  MP4ES_ID_IncDescriptor.c
  MP4ES_ID_RefDescriptor.c
  MP4ESDescriptor.c
  MP4FileMappingInputStream.c
  MP4Handle.c
  MP4InitialObjectDescriptor.c
  MP4InputStream.c
  MP4IPMPDescriptorPointer.c
  正在生成代码...
  正在编译...
  MP4IPMPInitialize.c
  MP4IPMPTool.c
  MP4IPMPToolDescriptor.c
  MP4IPMPToolList.c
  MP4IPMPX.c
  MP4IPMPXData.c
  MP4IPMPXDefaultData.c
  MP4LinkedList.c
  MP4Media.c
  MP4MemoryInputStream.c
  MP4MovieFile.c
  MP4Movies.c
  MP4ObjectDescriptor.c
  MP4ODTrackReader.c
  MP4OrdinaryTrackReader.c
  MP4SLPacket.c
  MP4TrackReader.c
  MP4UserData.c
  MPEGMediaHeaderAtom.c
  MPEGSampleEntryAtom.c
  正在生成代码...
  正在编译...
  ObjectDescriptorAtom.c
  ObjectDescriptorMediaHeader.c
  ODUpdateCommand.c
  PaddingBitsAtom.c
  PCMConfigAtom.c
  QTMovies.c
  SampleDescriptionAtom.c
  SampleSizeAtom.c
  SampleTableAtom.c
  SampleToChunkAtom.c
  SampleGroupDescriptionAtom.c
  SampleToGroupAtom.c
  SceneDescriptionMediaHeader.c
  ShadowSyncAtom.c
  SLConfigDescriptor.c
  SoundMediaHeaderAtom.c
  SubSampleInformationAtom.c
  SyncSampleAtom.c
  TimeToSampleAtom.c
  TrackAtom.c
  正在生成代码...
  正在编译...
  TrackExtendsAtom.c
  TrackFragmentAtom.c
  TrackFragmentHeaderAtom.c
  TrackFragmentRunAtom.c
  TrackGroupAtom.c
  TrackGroupTypeAtom.c
  TrackHeaderAtom.c
  TrackReferenceAtom.c
  TrackReferenceTypeAtom.c
  TrackTypeAtom.c
  UnknownAtom.c
  UserDataAtom.c
  VideoMediaHeaderAtom.c
  VisualSampleEntryAtom.c
  W32FileMappingObject.c
  SecuritySchemeAtom.c
  SecurityInfoAtom.c
  OriginalFormatAtom.c
  SchemeInfoAtom.c
  EncVisualSampleEntryAtom.c
  正在生成代码...
  正在编译...
  EncAudioSampleEntryAtom.c
  ISMASampleFormatAtom.c
  ISMAKMSAtom.c
  ISMASaltAtom.c
  ISMASecurity.c
  ISOMeta.c
  ItemInfoAtom.c
  ItemInfoEntryAtom.c
  ItemLocationAtom.c
  ItemProtectionAtom.c
  MetaAtom.c
  PrimaryItemAtom.c
  ISOSampleDescriptions.c
  VCConfigAtom.c
  TextMetaSampleEntry.c
  XMLMetaSampleEntry.c
  BitRateAtom.c
  AMRWPSpecificInfoAtom.c
  AMRSpecificInfoAtom.c
  H263SpecificInfoAtom.c
  正在生成代码...
  正在编译...
  SampleDependencyAtom.c
  BoxedMetadataSampleEntry.c
  MetadataKeyTableBox.c
  MetadataKeyDeclarationBox.c
  MetadataLocaleBox.c
  MetadataSetupBox.c
  MetadataKeyBox.c
  VVCConfigAtom.c
  VVCNALUConfigAtom.c
  MP4MebxTrackReader.c
  GroupsListBox.c
  EntityToGroupBox.c
  SegmentTypeAtom.c
  SegmentIndexAtom.c
  SubsegmentIndexAtom.c
  ProducerReferenceTimeAtom.c
  VolumetricVisualMediaHeaderAtom.c
  正在生成代码...
  libisomedia.vcxproj -> C:\Users\lenovo\Desktop\final-3-mpegD_usac-ISO-IEC\final-mpegD_usac-ISO-IEC\mpegD_usac\usacEncDec\win32\usacEnc\lib\x64_Debug\libisomedia.lib
