c:\users\lenovo\desktop\final-3-mpegd_usac-iso-iec\final-mpegd_usac-iso-iec\tools\isolib\libisomediafile\w32\libisomediafile\vs2012\obj\x64_debug\libisomedia\libisomedia_vc11.pdb
c:\users\lenovo\desktop\final-3-mpegd_usac-iso-iec\final-mpegd_usac-iso-iec\tools\isolib\libisomediafile\w32\libisomediafile\vs2012\obj\x64_debug\libisomedia\singleitemtypereferenceatom.obj
c:\users\lenovo\desktop\final-3-mpegd_usac-iso-iec\final-mpegd_usac-iso-iec\tools\isolib\libisomediafile\w32\libisomediafile\vs2012\obj\x64_debug\libisomedia\schemetypeatom.obj
c:\users\lenovo\desktop\final-3-mpegd_usac-iso-iec\final-mpegd_usac-iso-iec\tools\isolib\libisomediafile\w32\libisomediafile\vs2012\obj\x64_debug\libisomedia\sampleauxiliaryinformationsizesatom.obj
c:\users\lenovo\desktop\final-3-mpegd_usac-iso-iec\final-mpegd_usac-iso-iec\tools\isolib\libisomediafile\w32\libisomediafile\vs2012\obj\x64_debug\libisomedia\sampleauxiliaryinformationoffsetsatom.obj
c:\users\lenovo\desktop\final-3-mpegd_usac-iso-iec\final-mpegd_usac-iso-iec\tools\isolib\libisomediafile\w32\libisomediafile\vs2012\obj\x64_debug\libisomedia\restrictedvideosampleentry.obj
c:\users\lenovo\desktop\final-3-mpegd_usac-iso-iec\final-mpegd_usac-iso-iec\tools\isolib\libisomediafile\w32\libisomediafile\vs2012\obj\x64_debug\libisomedia\restrictedschemeinfoatom.obj
c:\users\lenovo\desktop\final-3-mpegd_usac-iso-iec\final-mpegd_usac-iso-iec\tools\isolib\libisomediafile\w32\libisomediafile\vs2012\obj\x64_debug\libisomedia\metaboxrelationatom.obj
c:\users\lenovo\desktop\final-3-mpegd_usac-iso-iec\final-mpegd_usac-iso-iec\tools\isolib\libisomediafile\w32\libisomediafile\vs2012\obj\x64_debug\libisomedia\loudnessbaseatom.obj
c:\users\lenovo\desktop\final-3-mpegd_usac-iso-iec\final-mpegd_usac-iso-iec\tools\isolib\libisomediafile\w32\libisomediafile\vs2012\obj\x64_debug\libisomedia\loudnessatom.obj
c:\users\lenovo\desktop\final-3-mpegd_usac-iso-iec\final-mpegd_usac-iso-iec\tools\isolib\libisomediafile\w32\libisomediafile\vs2012\obj\x64_debug\libisomedia\itemreferenceatom.obj
c:\users\lenovo\desktop\final-3-mpegd_usac-iso-iec\final-mpegd_usac-iso-iec\tools\isolib\libisomediafile\w32\libisomediafile\vs2012\obj\x64_debug\libisomedia\itempropertycontaineratom.obj
c:\users\lenovo\desktop\final-3-mpegd_usac-iso-iec\final-mpegd_usac-iso-iec\tools\isolib\libisomediafile\w32\libisomediafile\vs2012\obj\x64_debug\libisomedia\itempropertyassociationatom.obj
c:\users\lenovo\desktop\final-3-mpegd_usac-iso-iec\final-mpegd_usac-iso-iec\tools\isolib\libisomediafile\w32\libisomediafile\vs2012\obj\x64_debug\libisomedia\itempropertiesatom.obj
c:\users\lenovo\desktop\final-3-mpegd_usac-iso-iec\final-mpegd_usac-iso-iec\tools\isolib\libisomediafile\w32\libisomediafile\vs2012\obj\x64_debug\libisomedia\itemdataatom.obj
c:\users\lenovo\desktop\final-3-mpegd_usac-iso-iec\final-mpegd_usac-iso-iec\tools\isolib\libisomediafile\w32\libisomediafile\vs2012\obj\x64_debug\libisomedia\extendedlanguagetag.obj
c:\users\lenovo\desktop\final-3-mpegd_usac-iso-iec\final-mpegd_usac-iso-iec\tools\isolib\libisomediafile\w32\libisomediafile\vs2012\obj\x64_debug\libisomedia\downmixinstructionsatom.obj
c:\users\lenovo\desktop\final-3-mpegd_usac-iso-iec\final-mpegd_usac-iso-iec\tools\isolib\libisomediafile\w32\libisomediafile\vs2012\obj\x64_debug\libisomedia\compositiontodecodeatom.obj
c:\users\lenovo\desktop\final-3-mpegd_usac-iso-iec\final-mpegd_usac-iso-iec\tools\isolib\libisomediafile\w32\libisomediafile\vs2012\obj\x64_debug\libisomedia\compatibleschemetypeatom.obj
c:\users\lenovo\desktop\final-3-mpegd_usac-iso-iec\final-mpegd_usac-iso-iec\tools\isolib\libisomediafile\w32\libisomediafile\vs2012\obj\x64_debug\libisomedia\channellayoutatom.obj
c:\users\lenovo\desktop\final-3-mpegd_usac-iso-iec\final-mpegd_usac-iso-iec\tools\isolib\libisomediafile\w32\libisomediafile\vs2012\obj\x64_debug\libisomedia\additionalmetadatacontaineratom.obj
c:\users\lenovo\desktop\final-3-mpegd_usac-iso-iec\final-mpegd_usac-iso-iec\tools\isolib\libisomediafile\w32\libisomediafile\vs2012\obj\x64_debug\libisomedia\filemappingdatahandler.obj
c:\users\lenovo\desktop\final-3-mpegd_usac-iso-iec\final-mpegd_usac-iso-iec\tools\isolib\libisomediafile\w32\libisomediafile\vs2012\obj\x64_debug\libisomedia\esupdatecommand.obj
c:\users\lenovo\desktop\final-3-mpegd_usac-iso-iec\final-mpegd_usac-iso-iec\tools\isolib\libisomediafile\w32\libisomediafile\vs2012\obj\x64_debug\libisomedia\esdatom.obj
c:\users\lenovo\desktop\final-3-mpegd_usac-iso-iec\final-mpegd_usac-iso-iec\tools\isolib\libisomediafile\w32\libisomediafile\vs2012\obj\x64_debug\libisomedia\editlistatom.obj
c:\users\lenovo\desktop\final-3-mpegd_usac-iso-iec\final-mpegd_usac-iso-iec\tools\isolib\libisomediafile\w32\libisomediafile\vs2012\obj\x64_debug\libisomedia\editatom.obj
c:\users\lenovo\desktop\final-3-mpegd_usac-iso-iec\final-mpegd_usac-iso-iec\tools\isolib\libisomediafile\w32\libisomediafile\vs2012\obj\x64_debug\libisomedia\degradationpriorityatom.obj
c:\users\lenovo\desktop\final-3-mpegd_usac-iso-iec\final-mpegd_usac-iso-iec\tools\isolib\libisomediafile\w32\libisomediafile\vs2012\obj\x64_debug\libisomedia\decodingoffsetatom.obj
c:\users\lenovo\desktop\final-3-mpegd_usac-iso-iec\final-mpegd_usac-iso-iec\tools\isolib\libisomediafile\w32\libisomediafile\vs2012\obj\x64_debug\libisomedia\datareferenceatom.obj
c:\users\lenovo\desktop\final-3-mpegd_usac-iso-iec\final-mpegd_usac-iso-iec\tools\isolib\libisomediafile\w32\libisomediafile\vs2012\obj\x64_debug\libisomedia\datainformationatom.obj
c:\users\lenovo\desktop\final-3-mpegd_usac-iso-iec\final-mpegd_usac-iso-iec\tools\isolib\libisomediafile\w32\libisomediafile\vs2012\obj\x64_debug\libisomedia\dataentryurnatom.obj
c:\users\lenovo\desktop\final-3-mpegd_usac-iso-iec\final-mpegd_usac-iso-iec\tools\isolib\libisomediafile\w32\libisomediafile\vs2012\obj\x64_debug\libisomedia\dataentryurlatom.obj
c:\users\lenovo\desktop\final-3-mpegd_usac-iso-iec\final-mpegd_usac-iso-iec\tools\isolib\libisomediafile\w32\libisomediafile\vs2012\obj\x64_debug\libisomedia\copyrightatom.obj
c:\users\lenovo\desktop\final-3-mpegd_usac-iso-iec\final-mpegd_usac-iso-iec\tools\isolib\libisomediafile\w32\libisomediafile\vs2012\obj\x64_debug\libisomedia\clockreferencemediaheader.obj
c:\users\lenovo\desktop\final-3-mpegd_usac-iso-iec\final-mpegd_usac-iso-iec\tools\isolib\libisomediafile\w32\libisomediafile\vs2012\obj\x64_debug\libisomedia\chunkoffsetatom.obj
c:\users\lenovo\desktop\final-3-mpegd_usac-iso-iec\final-mpegd_usac-iso-iec\tools\isolib\libisomediafile\w32\libisomediafile\vs2012\obj\x64_debug\libisomedia\basedescriptor.obj
c:\users\lenovo\desktop\final-3-mpegd_usac-iso-iec\final-mpegd_usac-iso-iec\tools\isolib\libisomediafile\w32\libisomediafile\vs2012\obj\x64_debug\libisomedia\audiosampleentryatom.obj
c:\users\lenovo\desktop\final-3-mpegd_usac-iso-iec\final-mpegd_usac-iso-iec\tools\isolib\libisomediafile\w32\libisomediafile\vs2012\obj\x64_debug\libisomedia\trackfragmentdecodetimeatom.obj
c:\users\lenovo\desktop\final-3-mpegd_usac-iso-iec\final-mpegd_usac-iso-iec\tools\isolib\libisomediafile\w32\libisomediafile\vs2012\obj\x64_debug\libisomedia\trackextensionpropertiesatom.obj
c:\users\lenovo\desktop\final-3-mpegd_usac-iso-iec\final-mpegd_usac-iso-iec\tools\isolib\libisomediafile\w32\libisomediafile\vs2012\obj\x64_debug\libisomedia\stereovideogroupatom.obj
c:\users\lenovo\desktop\final-3-mpegd_usac-iso-iec\final-mpegd_usac-iso-iec\tools\isolib\libisomediafile\w32\libisomediafile\vs2012\obj\x64_debug\libisomedia\stereovideoatom.obj
c:\users\lenovo\desktop\final-3-mpegd_usac-iso-iec\final-mpegd_usac-iso-iec\tools\isolib\libisomediafile\w32\libisomediafile\vs2012\obj\x64_debug\libisomedia\movieatom.obj
c:\users\lenovo\desktop\final-3-mpegd_usac-iso-iec\final-mpegd_usac-iso-iec\tools\isolib\libisomediafile\w32\libisomediafile\vs2012\obj\x64_debug\libisomedia\mj2signatureatom.obj
c:\users\lenovo\desktop\final-3-mpegd_usac-iso-iec\final-mpegd_usac-iso-iec\tools\isolib\libisomediafile\w32\libisomediafile\vs2012\obj\x64_debug\libisomedia\mj2movies.obj
c:\users\lenovo\desktop\final-3-mpegd_usac-iso-iec\final-mpegd_usac-iso-iec\tools\isolib\libisomediafile\w32\libisomediafile\vs2012\obj\x64_debug\libisomedia\mj2imageheaderatom.obj
c:\users\lenovo\desktop\final-3-mpegd_usac-iso-iec\final-mpegd_usac-iso-iec\tools\isolib\libisomediafile\w32\libisomediafile\vs2012\obj\x64_debug\libisomedia\mj2headeratom.obj
c:\users\lenovo\desktop\final-3-mpegd_usac-iso-iec\final-mpegd_usac-iso-iec\tools\isolib\libisomediafile\w32\libisomediafile\vs2012\obj\x64_debug\libisomedia\mj2filetypeatom.obj
c:\users\lenovo\desktop\final-3-mpegd_usac-iso-iec\final-mpegd_usac-iso-iec\tools\isolib\libisomediafile\w32\libisomediafile\vs2012\obj\x64_debug\libisomedia\mj2colorspecificationatom.obj
c:\users\lenovo\desktop\final-3-mpegd_usac-iso-iec\final-mpegd_usac-iso-iec\tools\isolib\libisomediafile\w32\libisomediafile\vs2012\obj\x64_debug\libisomedia\mj2bitspercomponentatom.obj
c:\users\lenovo\desktop\final-3-mpegd_usac-iso-iec\final-mpegd_usac-iso-iec\tools\isolib\libisomediafile\w32\libisomediafile\vs2012\obj\x64_debug\libisomedia\memoryfilemappingobject.obj
c:\users\lenovo\desktop\final-3-mpegd_usac-iso-iec\final-mpegd_usac-iso-iec\tools\isolib\libisomediafile\w32\libisomediafile\vs2012\obj\x64_debug\libisomedia\mediainformationatom.obj
c:\users\lenovo\desktop\final-3-mpegd_usac-iso-iec\final-mpegd_usac-iso-iec\tools\isolib\libisomediafile\w32\libisomediafile\vs2012\obj\x64_debug\libisomedia\mediaheaderatom.obj
c:\users\lenovo\desktop\final-3-mpegd_usac-iso-iec\final-mpegd_usac-iso-iec\tools\isolib\libisomediafile\w32\libisomediafile\vs2012\obj\x64_debug\libisomedia\mediadataatom.obj
c:\users\lenovo\desktop\final-3-mpegd_usac-iso-iec\final-mpegd_usac-iso-iec\tools\isolib\libisomediafile\w32\libisomediafile\vs2012\obj\x64_debug\libisomedia\mediaatom.obj
c:\users\lenovo\desktop\final-3-mpegd_usac-iso-iec\final-mpegd_usac-iso-iec\tools\isolib\libisomediafile\w32\libisomediafile\vs2012\obj\x64_debug\libisomedia\mdatdatahandler.obj
c:\users\lenovo\desktop\final-3-mpegd_usac-iso-iec\final-mpegd_usac-iso-iec\tools\isolib\libisomediafile\w32\libisomediafile\vs2012\obj\x64_debug\libisomedia\ipmptoolupdatecommand.obj
c:\users\lenovo\desktop\final-3-mpegd_usac-iso-iec\final-mpegd_usac-iso-iec\tools\isolib\libisomediafile\w32\libisomediafile\vs2012\obj\x64_debug\libisomedia\hintmediaheaderatom.obj
c:\users\lenovo\desktop\final-3-mpegd_usac-iso-iec\final-mpegd_usac-iso-iec\tools\isolib\libisomediafile\w32\libisomediafile\vs2012\obj\x64_debug\libisomedia\hevcconfigatom.obj
c:\users\lenovo\desktop\final-3-mpegd_usac-iso-iec\final-mpegd_usac-iso-iec\tools\isolib\libisomediafile\w32\libisomediafile\vs2012\obj\x64_debug\libisomedia\handleratom.obj
c:\users\lenovo\desktop\final-3-mpegd_usac-iso-iec\final-mpegd_usac-iso-iec\tools\isolib\libisomediafile\w32\libisomediafile\vs2012\obj\x64_debug\libisomedia\genericsampleentryatom.obj
c:\users\lenovo\desktop\final-3-mpegd_usac-iso-iec\final-mpegd_usac-iso-iec\tools\isolib\libisomediafile\w32\libisomediafile\vs2012\obj\x64_debug\libisomedia\freespaceatom.obj
c:\users\lenovo\desktop\final-3-mpegd_usac-iso-iec\final-mpegd_usac-iso-iec\tools\isolib\libisomediafile\w32\libisomediafile\vs2012\obj\x64_debug\libisomedia\mp4ipmpdescriptorpointer.obj
c:\users\lenovo\desktop\final-3-mpegd_usac-iso-iec\final-mpegd_usac-iso-iec\tools\isolib\libisomediafile\w32\libisomediafile\vs2012\obj\x64_debug\libisomedia\mp4inputstream.obj
c:\users\lenovo\desktop\final-3-mpegd_usac-iso-iec\final-mpegd_usac-iso-iec\tools\isolib\libisomediafile\w32\libisomediafile\vs2012\obj\x64_debug\libisomedia\mp4initialobjectdescriptor.obj
c:\users\lenovo\desktop\final-3-mpegd_usac-iso-iec\final-mpegd_usac-iso-iec\tools\isolib\libisomediafile\w32\libisomediafile\vs2012\obj\x64_debug\libisomedia\mp4handle.obj
c:\users\lenovo\desktop\final-3-mpegd_usac-iso-iec\final-mpegd_usac-iso-iec\tools\isolib\libisomediafile\w32\libisomediafile\vs2012\obj\x64_debug\libisomedia\mp4filemappinginputstream.obj
c:\users\lenovo\desktop\final-3-mpegd_usac-iso-iec\final-mpegd_usac-iso-iec\tools\isolib\libisomediafile\w32\libisomediafile\vs2012\obj\x64_debug\libisomedia\mp4esdescriptor.obj
c:\users\lenovo\desktop\final-3-mpegd_usac-iso-iec\final-mpegd_usac-iso-iec\tools\isolib\libisomediafile\w32\libisomediafile\vs2012\obj\x64_debug\libisomedia\mp4es_id_refdescriptor.obj
c:\users\lenovo\desktop\final-3-mpegd_usac-iso-iec\final-mpegd_usac-iso-iec\tools\isolib\libisomediafile\w32\libisomediafile\vs2012\obj\x64_debug\libisomedia\mp4es_id_incdescriptor.obj
c:\users\lenovo\desktop\final-3-mpegd_usac-iso-iec\final-mpegd_usac-iso-iec\tools\isolib\libisomediafile\w32\libisomediafile\vs2012\obj\x64_debug\libisomedia\mp4descriptors.obj
c:\users\lenovo\desktop\final-3-mpegd_usac-iso-iec\final-mpegd_usac-iso-iec\tools\isolib\libisomediafile\w32\libisomediafile\vs2012\obj\x64_debug\libisomedia\mp4defaultdescriptor.obj
c:\users\lenovo\desktop\final-3-mpegd_usac-iso-iec\final-mpegd_usac-iso-iec\tools\isolib\libisomediafile\w32\libisomediafile\vs2012\obj\x64_debug\libisomedia\mp4defaultcommand.obj
c:\users\lenovo\desktop\final-3-mpegd_usac-iso-iec\final-mpegd_usac-iso-iec\tools\isolib\libisomediafile\w32\libisomediafile\vs2012\obj\x64_debug\libisomedia\mp4decoderconfigdescriptor.obj
c:\users\lenovo\desktop\final-3-mpegd_usac-iso-iec\final-mpegd_usac-iso-iec\tools\isolib\libisomediafile\w32\libisomediafile\vs2012\obj\x64_debug\libisomedia\mp4datahandler.obj
c:\users\lenovo\desktop\final-3-mpegd_usac-iso-iec\final-mpegd_usac-iso-iec\tools\isolib\libisomediafile\w32\libisomediafile\vs2012\obj\x64_debug\libisomedia\mp4commands.obj
c:\users\lenovo\desktop\final-3-mpegd_usac-iso-iec\final-mpegd_usac-iso-iec\tools\isolib\libisomediafile\w32\libisomediafile\vs2012\obj\x64_debug\libisomedia\mp4atoms.obj
c:\users\lenovo\desktop\final-3-mpegd_usac-iso-iec\final-mpegd_usac-iso-iec\tools\isolib\libisomediafile\w32\libisomediafile\vs2012\obj\x64_debug\libisomedia\movietracks.obj
c:\users\lenovo\desktop\final-3-mpegd_usac-iso-iec\final-mpegd_usac-iso-iec\tools\isolib\libisomediafile\w32\libisomediafile\vs2012\obj\x64_debug\libisomedia\movieheaderatom.obj
c:\users\lenovo\desktop\final-3-mpegd_usac-iso-iec\final-mpegd_usac-iso-iec\tools\isolib\libisomediafile\w32\libisomediafile\vs2012\obj\x64_debug\libisomedia\moviefragmentheaderatom.obj
c:\users\lenovo\desktop\final-3-mpegd_usac-iso-iec\final-mpegd_usac-iso-iec\tools\isolib\libisomediafile\w32\libisomediafile\vs2012\obj\x64_debug\libisomedia\moviefragmentatom.obj
c:\users\lenovo\desktop\final-3-mpegd_usac-iso-iec\final-mpegd_usac-iso-iec\tools\isolib\libisomediafile\w32\libisomediafile\vs2012\obj\x64_debug\libisomedia\movieextendsatom.obj
c:\users\lenovo\desktop\final-3-mpegd_usac-iso-iec\final-mpegd_usac-iso-iec\tools\isolib\libisomediafile\w32\libisomediafile\vs2012\obj\x64_debug\libisomedia\mpegsampleentryatom.obj
c:\users\lenovo\desktop\final-3-mpegd_usac-iso-iec\final-mpegd_usac-iso-iec\tools\isolib\libisomediafile\w32\libisomediafile\vs2012\obj\x64_debug\libisomedia\mpegmediaheaderatom.obj
c:\users\lenovo\desktop\final-3-mpegd_usac-iso-iec\final-mpegd_usac-iso-iec\tools\isolib\libisomediafile\w32\libisomediafile\vs2012\obj\x64_debug\libisomedia\mp4userdata.obj
c:\users\lenovo\desktop\final-3-mpegd_usac-iso-iec\final-mpegd_usac-iso-iec\tools\isolib\libisomediafile\w32\libisomediafile\vs2012\obj\x64_debug\libisomedia\mp4trackreader.obj
c:\users\lenovo\desktop\final-3-mpegd_usac-iso-iec\final-mpegd_usac-iso-iec\tools\isolib\libisomediafile\w32\libisomediafile\vs2012\obj\x64_debug\libisomedia\mp4slpacket.obj
c:\users\lenovo\desktop\final-3-mpegd_usac-iso-iec\final-mpegd_usac-iso-iec\tools\isolib\libisomediafile\w32\libisomediafile\vs2012\obj\x64_debug\libisomedia\mp4ordinarytrackreader.obj
c:\users\lenovo\desktop\final-3-mpegd_usac-iso-iec\final-mpegd_usac-iso-iec\tools\isolib\libisomediafile\w32\libisomediafile\vs2012\obj\x64_debug\libisomedia\mp4odtrackreader.obj
c:\users\lenovo\desktop\final-3-mpegd_usac-iso-iec\final-mpegd_usac-iso-iec\tools\isolib\libisomediafile\w32\libisomediafile\vs2012\obj\x64_debug\libisomedia\mp4objectdescriptor.obj
c:\users\lenovo\desktop\final-3-mpegd_usac-iso-iec\final-mpegd_usac-iso-iec\tools\isolib\libisomediafile\w32\libisomediafile\vs2012\obj\x64_debug\libisomedia\mp4movies.obj
c:\users\lenovo\desktop\final-3-mpegd_usac-iso-iec\final-mpegd_usac-iso-iec\tools\isolib\libisomediafile\w32\libisomediafile\vs2012\obj\x64_debug\libisomedia\mp4moviefile.obj
c:\users\lenovo\desktop\final-3-mpegd_usac-iso-iec\final-mpegd_usac-iso-iec\tools\isolib\libisomediafile\w32\libisomediafile\vs2012\obj\x64_debug\libisomedia\mp4memoryinputstream.obj
c:\users\lenovo\desktop\final-3-mpegd_usac-iso-iec\final-mpegd_usac-iso-iec\tools\isolib\libisomediafile\w32\libisomediafile\vs2012\obj\x64_debug\libisomedia\mp4media.obj
c:\users\lenovo\desktop\final-3-mpegd_usac-iso-iec\final-mpegd_usac-iso-iec\tools\isolib\libisomediafile\w32\libisomediafile\vs2012\obj\x64_debug\libisomedia\mp4linkedlist.obj
c:\users\lenovo\desktop\final-3-mpegd_usac-iso-iec\final-mpegd_usac-iso-iec\tools\isolib\libisomediafile\w32\libisomediafile\vs2012\obj\x64_debug\libisomedia\mp4ipmpxdefaultdata.obj
c:\users\lenovo\desktop\final-3-mpegd_usac-iso-iec\final-mpegd_usac-iso-iec\tools\isolib\libisomediafile\w32\libisomediafile\vs2012\obj\x64_debug\libisomedia\mp4ipmpxdata.obj
c:\users\lenovo\desktop\final-3-mpegd_usac-iso-iec\final-mpegd_usac-iso-iec\tools\isolib\libisomediafile\w32\libisomediafile\vs2012\obj\x64_debug\libisomedia\mp4ipmpx.obj
c:\users\lenovo\desktop\final-3-mpegd_usac-iso-iec\final-mpegd_usac-iso-iec\tools\isolib\libisomediafile\w32\libisomediafile\vs2012\obj\x64_debug\libisomedia\mp4ipmptoollist.obj
c:\users\lenovo\desktop\final-3-mpegd_usac-iso-iec\final-mpegd_usac-iso-iec\tools\isolib\libisomediafile\w32\libisomediafile\vs2012\obj\x64_debug\libisomedia\mp4ipmptooldescriptor.obj
c:\users\lenovo\desktop\final-3-mpegd_usac-iso-iec\final-mpegd_usac-iso-iec\tools\isolib\libisomediafile\w32\libisomediafile\vs2012\obj\x64_debug\libisomedia\mp4ipmptool.obj
c:\users\lenovo\desktop\final-3-mpegd_usac-iso-iec\final-mpegd_usac-iso-iec\tools\isolib\libisomediafile\w32\libisomediafile\vs2012\obj\x64_debug\libisomedia\mp4ipmpinitialize.obj
c:\users\lenovo\desktop\final-3-mpegd_usac-iso-iec\final-mpegd_usac-iso-iec\tools\isolib\libisomediafile\w32\libisomediafile\vs2012\obj\x64_debug\libisomedia\trackatom.obj
c:\users\lenovo\desktop\final-3-mpegd_usac-iso-iec\final-mpegd_usac-iso-iec\tools\isolib\libisomediafile\w32\libisomediafile\vs2012\obj\x64_debug\libisomedia\timetosampleatom.obj
c:\users\lenovo\desktop\final-3-mpegd_usac-iso-iec\final-mpegd_usac-iso-iec\tools\isolib\libisomediafile\w32\libisomediafile\vs2012\obj\x64_debug\libisomedia\syncsampleatom.obj
c:\users\lenovo\desktop\final-3-mpegd_usac-iso-iec\final-mpegd_usac-iso-iec\tools\isolib\libisomediafile\w32\libisomediafile\vs2012\obj\x64_debug\libisomedia\subsampleinformationatom.obj
c:\users\lenovo\desktop\final-3-mpegd_usac-iso-iec\final-mpegd_usac-iso-iec\tools\isolib\libisomediafile\w32\libisomediafile\vs2012\obj\x64_debug\libisomedia\soundmediaheaderatom.obj
c:\users\lenovo\desktop\final-3-mpegd_usac-iso-iec\final-mpegd_usac-iso-iec\tools\isolib\libisomediafile\w32\libisomediafile\vs2012\obj\x64_debug\libisomedia\slconfigdescriptor.obj
c:\users\lenovo\desktop\final-3-mpegd_usac-iso-iec\final-mpegd_usac-iso-iec\tools\isolib\libisomediafile\w32\libisomediafile\vs2012\obj\x64_debug\libisomedia\shadowsyncatom.obj
c:\users\lenovo\desktop\final-3-mpegd_usac-iso-iec\final-mpegd_usac-iso-iec\tools\isolib\libisomediafile\w32\libisomediafile\vs2012\obj\x64_debug\libisomedia\scenedescriptionmediaheader.obj
c:\users\lenovo\desktop\final-3-mpegd_usac-iso-iec\final-mpegd_usac-iso-iec\tools\isolib\libisomediafile\w32\libisomediafile\vs2012\obj\x64_debug\libisomedia\sampletogroupatom.obj
c:\users\lenovo\desktop\final-3-mpegd_usac-iso-iec\final-mpegd_usac-iso-iec\tools\isolib\libisomediafile\w32\libisomediafile\vs2012\obj\x64_debug\libisomedia\samplegroupdescriptionatom.obj
c:\users\lenovo\desktop\final-3-mpegd_usac-iso-iec\final-mpegd_usac-iso-iec\tools\isolib\libisomediafile\w32\libisomediafile\vs2012\obj\x64_debug\libisomedia\sampletochunkatom.obj
c:\users\lenovo\desktop\final-3-mpegd_usac-iso-iec\final-mpegd_usac-iso-iec\tools\isolib\libisomediafile\w32\libisomediafile\vs2012\obj\x64_debug\libisomedia\sampletableatom.obj
c:\users\lenovo\desktop\final-3-mpegd_usac-iso-iec\final-mpegd_usac-iso-iec\tools\isolib\libisomediafile\w32\libisomediafile\vs2012\obj\x64_debug\libisomedia\samplesizeatom.obj
c:\users\lenovo\desktop\final-3-mpegd_usac-iso-iec\final-mpegd_usac-iso-iec\tools\isolib\libisomediafile\w32\libisomediafile\vs2012\obj\x64_debug\libisomedia\sampledescriptionatom.obj
c:\users\lenovo\desktop\final-3-mpegd_usac-iso-iec\final-mpegd_usac-iso-iec\tools\isolib\libisomediafile\w32\libisomediafile\vs2012\obj\x64_debug\libisomedia\qtmovies.obj
c:\users\lenovo\desktop\final-3-mpegd_usac-iso-iec\final-mpegd_usac-iso-iec\tools\isolib\libisomediafile\w32\libisomediafile\vs2012\obj\x64_debug\libisomedia\pcmconfigatom.obj
c:\users\lenovo\desktop\final-3-mpegd_usac-iso-iec\final-mpegd_usac-iso-iec\tools\isolib\libisomediafile\w32\libisomediafile\vs2012\obj\x64_debug\libisomedia\paddingbitsatom.obj
c:\users\lenovo\desktop\final-3-mpegd_usac-iso-iec\final-mpegd_usac-iso-iec\tools\isolib\libisomediafile\w32\libisomediafile\vs2012\obj\x64_debug\libisomedia\odupdatecommand.obj
c:\users\lenovo\desktop\final-3-mpegd_usac-iso-iec\final-mpegd_usac-iso-iec\tools\isolib\libisomediafile\w32\libisomediafile\vs2012\obj\x64_debug\libisomedia\objectdescriptormediaheader.obj
c:\users\lenovo\desktop\final-3-mpegd_usac-iso-iec\final-mpegd_usac-iso-iec\tools\isolib\libisomediafile\w32\libisomediafile\vs2012\obj\x64_debug\libisomedia\objectdescriptoratom.obj
c:\users\lenovo\desktop\final-3-mpegd_usac-iso-iec\final-mpegd_usac-iso-iec\tools\isolib\libisomediafile\w32\libisomediafile\vs2012\obj\x64_debug\libisomedia\encvisualsampleentryatom.obj
c:\users\lenovo\desktop\final-3-mpegd_usac-iso-iec\final-mpegd_usac-iso-iec\tools\isolib\libisomediafile\w32\libisomediafile\vs2012\obj\x64_debug\libisomedia\schemeinfoatom.obj
c:\users\lenovo\desktop\final-3-mpegd_usac-iso-iec\final-mpegd_usac-iso-iec\tools\isolib\libisomediafile\w32\libisomediafile\vs2012\obj\x64_debug\libisomedia\originalformatatom.obj
c:\users\lenovo\desktop\final-3-mpegd_usac-iso-iec\final-mpegd_usac-iso-iec\tools\isolib\libisomediafile\w32\libisomediafile\vs2012\obj\x64_debug\libisomedia\securityinfoatom.obj
c:\users\lenovo\desktop\final-3-mpegd_usac-iso-iec\final-mpegd_usac-iso-iec\tools\isolib\libisomediafile\w32\libisomediafile\vs2012\obj\x64_debug\libisomedia\securityschemeatom.obj
c:\users\lenovo\desktop\final-3-mpegd_usac-iso-iec\final-mpegd_usac-iso-iec\tools\isolib\libisomediafile\w32\libisomediafile\vs2012\obj\x64_debug\libisomedia\w32filemappingobject.obj
c:\users\lenovo\desktop\final-3-mpegd_usac-iso-iec\final-mpegd_usac-iso-iec\tools\isolib\libisomediafile\w32\libisomediafile\vs2012\obj\x64_debug\libisomedia\visualsampleentryatom.obj
c:\users\lenovo\desktop\final-3-mpegd_usac-iso-iec\final-mpegd_usac-iso-iec\tools\isolib\libisomediafile\w32\libisomediafile\vs2012\obj\x64_debug\libisomedia\videomediaheaderatom.obj
c:\users\lenovo\desktop\final-3-mpegd_usac-iso-iec\final-mpegd_usac-iso-iec\tools\isolib\libisomediafile\w32\libisomediafile\vs2012\obj\x64_debug\libisomedia\userdataatom.obj
c:\users\lenovo\desktop\final-3-mpegd_usac-iso-iec\final-mpegd_usac-iso-iec\tools\isolib\libisomediafile\w32\libisomediafile\vs2012\obj\x64_debug\libisomedia\unknownatom.obj
c:\users\lenovo\desktop\final-3-mpegd_usac-iso-iec\final-mpegd_usac-iso-iec\tools\isolib\libisomediafile\w32\libisomediafile\vs2012\obj\x64_debug\libisomedia\tracktypeatom.obj
c:\users\lenovo\desktop\final-3-mpegd_usac-iso-iec\final-mpegd_usac-iso-iec\tools\isolib\libisomediafile\w32\libisomediafile\vs2012\obj\x64_debug\libisomedia\trackreferencetypeatom.obj
c:\users\lenovo\desktop\final-3-mpegd_usac-iso-iec\final-mpegd_usac-iso-iec\tools\isolib\libisomediafile\w32\libisomediafile\vs2012\obj\x64_debug\libisomedia\trackreferenceatom.obj
c:\users\lenovo\desktop\final-3-mpegd_usac-iso-iec\final-mpegd_usac-iso-iec\tools\isolib\libisomediafile\w32\libisomediafile\vs2012\obj\x64_debug\libisomedia\trackheaderatom.obj
c:\users\lenovo\desktop\final-3-mpegd_usac-iso-iec\final-mpegd_usac-iso-iec\tools\isolib\libisomediafile\w32\libisomediafile\vs2012\obj\x64_debug\libisomedia\trackgrouptypeatom.obj
c:\users\lenovo\desktop\final-3-mpegd_usac-iso-iec\final-mpegd_usac-iso-iec\tools\isolib\libisomediafile\w32\libisomediafile\vs2012\obj\x64_debug\libisomedia\trackgroupatom.obj
c:\users\lenovo\desktop\final-3-mpegd_usac-iso-iec\final-mpegd_usac-iso-iec\tools\isolib\libisomediafile\w32\libisomediafile\vs2012\obj\x64_debug\libisomedia\trackfragmentrunatom.obj
c:\users\lenovo\desktop\final-3-mpegd_usac-iso-iec\final-mpegd_usac-iso-iec\tools\isolib\libisomediafile\w32\libisomediafile\vs2012\obj\x64_debug\libisomedia\trackfragmentheaderatom.obj
c:\users\lenovo\desktop\final-3-mpegd_usac-iso-iec\final-mpegd_usac-iso-iec\tools\isolib\libisomediafile\w32\libisomediafile\vs2012\obj\x64_debug\libisomedia\trackfragmentatom.obj
c:\users\lenovo\desktop\final-3-mpegd_usac-iso-iec\final-mpegd_usac-iso-iec\tools\isolib\libisomediafile\w32\libisomediafile\vs2012\obj\x64_debug\libisomedia\trackextendsatom.obj
c:\users\lenovo\desktop\final-3-mpegd_usac-iso-iec\final-mpegd_usac-iso-iec\tools\isolib\libisomediafile\w32\libisomediafile\vs2012\obj\x64_debug\libisomedia\h263specificinfoatom.obj
c:\users\lenovo\desktop\final-3-mpegd_usac-iso-iec\final-mpegd_usac-iso-iec\tools\isolib\libisomediafile\w32\libisomediafile\vs2012\obj\x64_debug\libisomedia\amrspecificinfoatom.obj
c:\users\lenovo\desktop\final-3-mpegd_usac-iso-iec\final-mpegd_usac-iso-iec\tools\isolib\libisomediafile\w32\libisomediafile\vs2012\obj\x64_debug\libisomedia\amrwpspecificinfoatom.obj
c:\users\lenovo\desktop\final-3-mpegd_usac-iso-iec\final-mpegd_usac-iso-iec\tools\isolib\libisomediafile\w32\libisomediafile\vs2012\obj\x64_debug\libisomedia\bitrateatom.obj
c:\users\lenovo\desktop\final-3-mpegd_usac-iso-iec\final-mpegd_usac-iso-iec\tools\isolib\libisomediafile\w32\libisomediafile\vs2012\obj\x64_debug\libisomedia\xmlmetasampleentry.obj
c:\users\lenovo\desktop\final-3-mpegd_usac-iso-iec\final-mpegd_usac-iso-iec\tools\isolib\libisomediafile\w32\libisomediafile\vs2012\obj\x64_debug\libisomedia\textmetasampleentry.obj
c:\users\lenovo\desktop\final-3-mpegd_usac-iso-iec\final-mpegd_usac-iso-iec\tools\isolib\libisomediafile\w32\libisomediafile\vs2012\obj\x64_debug\libisomedia\vcconfigatom.obj
c:\users\lenovo\desktop\final-3-mpegd_usac-iso-iec\final-mpegd_usac-iso-iec\tools\isolib\libisomediafile\w32\libisomediafile\vs2012\obj\x64_debug\libisomedia\isosampledescriptions.obj
c:\users\lenovo\desktop\final-3-mpegd_usac-iso-iec\final-mpegd_usac-iso-iec\tools\isolib\libisomediafile\w32\libisomediafile\vs2012\obj\x64_debug\libisomedia\primaryitematom.obj
c:\users\lenovo\desktop\final-3-mpegd_usac-iso-iec\final-mpegd_usac-iso-iec\tools\isolib\libisomediafile\w32\libisomediafile\vs2012\obj\x64_debug\libisomedia\metaatom.obj
c:\users\lenovo\desktop\final-3-mpegd_usac-iso-iec\final-mpegd_usac-iso-iec\tools\isolib\libisomediafile\w32\libisomediafile\vs2012\obj\x64_debug\libisomedia\itemprotectionatom.obj
c:\users\lenovo\desktop\final-3-mpegd_usac-iso-iec\final-mpegd_usac-iso-iec\tools\isolib\libisomediafile\w32\libisomediafile\vs2012\obj\x64_debug\libisomedia\itemlocationatom.obj
c:\users\lenovo\desktop\final-3-mpegd_usac-iso-iec\final-mpegd_usac-iso-iec\tools\isolib\libisomediafile\w32\libisomediafile\vs2012\obj\x64_debug\libisomedia\iteminfoentryatom.obj
c:\users\lenovo\desktop\final-3-mpegd_usac-iso-iec\final-mpegd_usac-iso-iec\tools\isolib\libisomediafile\w32\libisomediafile\vs2012\obj\x64_debug\libisomedia\iteminfoatom.obj
c:\users\lenovo\desktop\final-3-mpegd_usac-iso-iec\final-mpegd_usac-iso-iec\tools\isolib\libisomediafile\w32\libisomediafile\vs2012\obj\x64_debug\libisomedia\isometa.obj
c:\users\lenovo\desktop\final-3-mpegd_usac-iso-iec\final-mpegd_usac-iso-iec\tools\isolib\libisomediafile\w32\libisomediafile\vs2012\obj\x64_debug\libisomedia\ismasecurity.obj
c:\users\lenovo\desktop\final-3-mpegd_usac-iso-iec\final-mpegd_usac-iso-iec\tools\isolib\libisomediafile\w32\libisomediafile\vs2012\obj\x64_debug\libisomedia\ismasaltatom.obj
c:\users\lenovo\desktop\final-3-mpegd_usac-iso-iec\final-mpegd_usac-iso-iec\tools\isolib\libisomediafile\w32\libisomediafile\vs2012\obj\x64_debug\libisomedia\ismakmsatom.obj
c:\users\lenovo\desktop\final-3-mpegd_usac-iso-iec\final-mpegd_usac-iso-iec\tools\isolib\libisomediafile\w32\libisomediafile\vs2012\obj\x64_debug\libisomedia\ismasampleformatatom.obj
c:\users\lenovo\desktop\final-3-mpegd_usac-iso-iec\final-mpegd_usac-iso-iec\tools\isolib\libisomediafile\w32\libisomediafile\vs2012\obj\x64_debug\libisomedia\encaudiosampleentryatom.obj
c:\users\lenovo\desktop\final-3-mpegd_usac-iso-iec\final-mpegd_usac-iso-iec\tools\isolib\libisomediafile\w32\libisomediafile\vs2012\obj\x64_debug\libisomedia\volumetricvisualmediaheaderatom.obj
c:\users\lenovo\desktop\final-3-mpegd_usac-iso-iec\final-mpegd_usac-iso-iec\tools\isolib\libisomediafile\w32\libisomediafile\vs2012\obj\x64_debug\libisomedia\producerreferencetimeatom.obj
c:\users\lenovo\desktop\final-3-mpegd_usac-iso-iec\final-mpegd_usac-iso-iec\tools\isolib\libisomediafile\w32\libisomediafile\vs2012\obj\x64_debug\libisomedia\subsegmentindexatom.obj
c:\users\lenovo\desktop\final-3-mpegd_usac-iso-iec\final-mpegd_usac-iso-iec\tools\isolib\libisomediafile\w32\libisomediafile\vs2012\obj\x64_debug\libisomedia\segmentindexatom.obj
c:\users\lenovo\desktop\final-3-mpegd_usac-iso-iec\final-mpegd_usac-iso-iec\tools\isolib\libisomediafile\w32\libisomediafile\vs2012\obj\x64_debug\libisomedia\segmenttypeatom.obj
c:\users\lenovo\desktop\final-3-mpegd_usac-iso-iec\final-mpegd_usac-iso-iec\tools\isolib\libisomediafile\w32\libisomediafile\vs2012\obj\x64_debug\libisomedia\entitytogroupbox.obj
c:\users\lenovo\desktop\final-3-mpegd_usac-iso-iec\final-mpegd_usac-iso-iec\tools\isolib\libisomediafile\w32\libisomediafile\vs2012\obj\x64_debug\libisomedia\groupslistbox.obj
c:\users\lenovo\desktop\final-3-mpegd_usac-iso-iec\final-mpegd_usac-iso-iec\tools\isolib\libisomediafile\w32\libisomediafile\vs2012\obj\x64_debug\libisomedia\mp4mebxtrackreader.obj
c:\users\lenovo\desktop\final-3-mpegd_usac-iso-iec\final-mpegd_usac-iso-iec\tools\isolib\libisomediafile\w32\libisomediafile\vs2012\obj\x64_debug\libisomedia\vvcnaluconfigatom.obj
c:\users\lenovo\desktop\final-3-mpegd_usac-iso-iec\final-mpegd_usac-iso-iec\tools\isolib\libisomediafile\w32\libisomediafile\vs2012\obj\x64_debug\libisomedia\vvcconfigatom.obj
c:\users\lenovo\desktop\final-3-mpegd_usac-iso-iec\final-mpegd_usac-iso-iec\tools\isolib\libisomediafile\w32\libisomediafile\vs2012\obj\x64_debug\libisomedia\metadatakeybox.obj
c:\users\lenovo\desktop\final-3-mpegd_usac-iso-iec\final-mpegd_usac-iso-iec\tools\isolib\libisomediafile\w32\libisomediafile\vs2012\obj\x64_debug\libisomedia\metadatasetupbox.obj
c:\users\lenovo\desktop\final-3-mpegd_usac-iso-iec\final-mpegd_usac-iso-iec\tools\isolib\libisomediafile\w32\libisomediafile\vs2012\obj\x64_debug\libisomedia\metadatalocalebox.obj
c:\users\lenovo\desktop\final-3-mpegd_usac-iso-iec\final-mpegd_usac-iso-iec\tools\isolib\libisomediafile\w32\libisomediafile\vs2012\obj\x64_debug\libisomedia\metadatakeydeclarationbox.obj
c:\users\lenovo\desktop\final-3-mpegd_usac-iso-iec\final-mpegd_usac-iso-iec\tools\isolib\libisomediafile\w32\libisomediafile\vs2012\obj\x64_debug\libisomedia\metadatakeytablebox.obj
c:\users\lenovo\desktop\final-3-mpegd_usac-iso-iec\final-mpegd_usac-iso-iec\tools\isolib\libisomediafile\w32\libisomediafile\vs2012\obj\x64_debug\libisomedia\boxedmetadatasampleentry.obj
c:\users\lenovo\desktop\final-3-mpegd_usac-iso-iec\final-mpegd_usac-iso-iec\tools\isolib\libisomediafile\w32\libisomediafile\vs2012\obj\x64_debug\libisomedia\sampledependencyatom.obj
c:\users\lenovo\desktop\final-3-mpegd_usac-iso-iec\final-mpegd_usac-iso-iec\mpegd_usac\usacencdec\win32\usacenc\lib\x64_debug\libisomedia.lib
c:\users\lenovo\desktop\final-3-mpegd_usac-iso-iec\final-mpegd_usac-iso-iec\mpegd_usac\usacencdec\win32\usacenc\lib\x64_debug\libisomedia.pdb
c:\users\lenovo\desktop\final-3-mpegd_usac-iso-iec\final-mpegd_usac-iso-iec\tools\isolib\libisomediafile\w32\libisomediafile\vs2012\obj\x64_debug\libisomedia\libisomedia.vcxproj.filelistabsolute.txt
c:\users\lenovo\desktop\final-3-mpegd_usac-iso-iec\final-mpegd_usac-iso-iec\tools\isolib\libisomediafile\w32\libisomediafile\vs2012\obj\x64_debug\libisomedia\libisomedia.tlog\cl.command.1.tlog
c:\users\lenovo\desktop\final-3-mpegd_usac-iso-iec\final-mpegd_usac-iso-iec\tools\isolib\libisomediafile\w32\libisomediafile\vs2012\obj\x64_debug\libisomedia\libisomedia.tlog\cl.items.tlog
c:\users\lenovo\desktop\final-3-mpegd_usac-iso-iec\final-mpegd_usac-iso-iec\tools\isolib\libisomediafile\w32\libisomediafile\vs2012\obj\x64_debug\libisomedia\libisomedia.tlog\cl.read.1.tlog
c:\users\lenovo\desktop\final-3-mpegd_usac-iso-iec\final-mpegd_usac-iso-iec\tools\isolib\libisomediafile\w32\libisomediafile\vs2012\obj\x64_debug\libisomedia\libisomedia.tlog\cl.write.1.tlog
c:\users\lenovo\desktop\final-3-mpegd_usac-iso-iec\final-mpegd_usac-iso-iec\tools\isolib\libisomediafile\w32\libisomediafile\vs2012\obj\x64_debug\libisomedia\libisomedia.tlog\lib-link.read.1.tlog
c:\users\lenovo\desktop\final-3-mpegd_usac-iso-iec\final-mpegd_usac-iso-iec\tools\isolib\libisomediafile\w32\libisomediafile\vs2012\obj\x64_debug\libisomedia\libisomedia.tlog\lib-link.write.1.tlog
c:\users\lenovo\desktop\final-3-mpegd_usac-iso-iec\final-mpegd_usac-iso-iec\tools\isolib\libisomediafile\w32\libisomediafile\vs2012\obj\x64_debug\libisomedia\libisomedia.tlog\lib.command.1.tlog
