c:\users\86136\desktop\exe\iso-iec-usac\mpegd_usac\usacencdec\win32\usacdec\obj\x64_debug\objs_streamfile\objs_streamfile_vc11.pdb
c:\users\86136\desktop\exe\iso-iec-usac\mpegd_usac\usacencdec\win32\usacdec\obj\x64_debug\objs_streamfile\objs_streamfile_vc11.idb
c:\users\86136\desktop\exe\iso-iec-usac\mpegd_usac\usacencdec\win32\usacdec\obj\x64_debug\objs_streamfile\ep_convert.obj
c:\users\86136\desktop\exe\iso-iec-usac\mpegd_usac\usacencdec\win32\usacdec\obj\x64_debug\objs_streamfile\streamfile.obj
c:\users\86136\desktop\exe\iso-iec-usac\mpegd_usac\usacencdec\win32\usacdec\obj\x64_debug\objs_streamfile\streamfile_diagnose.obj
c:\users\86136\desktop\exe\iso-iec-usac\mpegd_usac\usacencdec\win32\usacdec\obj\x64_debug\objs_streamfile\streamfile_fl4.obj
c:\users\86136\desktop\exe\iso-iec-usac\mpegd_usac\usacencdec\win32\usacdec\obj\x64_debug\objs_streamfile\streamfile_helper.obj
c:\users\86136\desktop\exe\iso-iec-usac\mpegd_usac\usacencdec\win32\usacdec\obj\x64_debug\objs_streamfile\streamfile_latm.obj
c:\users\86136\desktop\exe\iso-iec-usac\mpegd_usac\usacencdec\win32\usacdec\obj\x64_debug\objs_streamfile\streamfile_mp4.obj
c:\users\86136\desktop\exe\iso-iec-usac\mpegd_usac\usacencdec\win32\usacdec\obj\x64_debug\objs_streamfile\streamfile_raw.obj
c:\users\86136\desktop\exe\iso-iec-usac\mpegd_usac\usacencdec\win32\usacdec\lib\x64_debug\objs_streamfile.lib
c:\users\86136\desktop\exe\iso-iec-usac\mpegd_usac\usacencdec\win32\usacdec\lib\x64_debug\objs_streamfile.pdb
c:\users\86136\desktop\exe\iso-iec-usac\mpegd_usac\usacencdec\win32\usacdec\obj\x64_debug\objs_streamfile\objs_streamfile.vcxproj.filelistabsolute.txt
c:\users\86136\desktop\exe\iso-iec-usac\mpegd_usac\usacencdec\win32\usacdec\obj\x64_debug\objs_streamfile\objs_streamfile.tlog\cl.command.1.tlog
c:\users\86136\desktop\exe\iso-iec-usac\mpegd_usac\usacencdec\win32\usacdec\obj\x64_debug\objs_streamfile\objs_streamfile.tlog\cl.items.tlog
c:\users\86136\desktop\exe\iso-iec-usac\mpegd_usac\usacencdec\win32\usacdec\obj\x64_debug\objs_streamfile\objs_streamfile.tlog\cl.read.1.tlog
c:\users\86136\desktop\exe\iso-iec-usac\mpegd_usac\usacencdec\win32\usacdec\obj\x64_debug\objs_streamfile\objs_streamfile.tlog\cl.write.1.tlog
c:\users\86136\desktop\exe\iso-iec-usac\mpegd_usac\usacencdec\win32\usacdec\obj\x64_debug\objs_streamfile\objs_streamfile.tlog\lib-link.read.1.tlog
c:\users\86136\desktop\exe\iso-iec-usac\mpegd_usac\usacencdec\win32\usacdec\obj\x64_debug\objs_streamfile\objs_streamfile.tlog\lib-link.write.1.tlog
c:\users\86136\desktop\exe\iso-iec-usac\mpegd_usac\usacencdec\win32\usacdec\obj\x64_debug\objs_streamfile\objs_streamfile.tlog\lib.command.1.tlog
