c:\users\lenovo\desktop\final-3-mpegd_usac-iso-iec\final-mpegd_usac-iso-iec\mpegd_usac\usacencdec\win32\usacenc\objs_com\obj\x64_debug\objs_com\objs_com_vc11.pdb
c:\users\lenovo\desktop\final-3-mpegd_usac-iso-iec\final-mpegd_usac-iso-iec\mpegd_usac\usacencdec\win32\usacenc\objs_com\obj\x64_debug\objs_com\objs_com_vc11.idb
c:\users\lenovo\desktop\final-3-mpegd_usac-iso-iec\final-mpegd_usac-iso-iec\mpegd_usac\usacencdec\win32\usacenc\objs_com\obj\x64_debug\objs_com\adif.obj
c:\users\lenovo\desktop\final-3-mpegd_usac-iso-iec\final-mpegd_usac-iso-iec\mpegd_usac\usacencdec\win32\usacenc\objs_com\obj\x64_debug\objs_com\audio.obj
c:\users\lenovo\desktop\final-3-mpegd_usac-iso-iec\final-mpegd_usac-iso-iec\mpegd_usac\usacencdec\win32\usacenc\objs_com\obj\x64_debug\objs_com\austream.obj
c:\users\lenovo\desktop\final-3-mpegd_usac-iso-iec\final-mpegd_usac-iso-iec\mpegd_usac\usacencdec\win32\usacenc\objs_com\obj\x64_debug\objs_com\bitstream.obj
c:\users\lenovo\desktop\final-3-mpegd_usac-iso-iec\final-mpegd_usac-iso-iec\mpegd_usac\usacencdec\win32\usacenc\objs_com\obj\x64_debug\objs_com\cmdline.obj
c:\users\lenovo\desktop\final-3-mpegd_usac-iso-iec\final-mpegd_usac-iso-iec\mpegd_usac\usacencdec\win32\usacenc\objs_com\obj\x64_debug\objs_com\common_m4a.obj
c:\users\lenovo\desktop\final-3-mpegd_usac-iso-iec\final-mpegd_usac-iso-iec\mpegd_usac\usacencdec\win32\usacenc\objs_com\obj\x64_debug\objs_com\fir_filt.obj
c:\users\lenovo\desktop\final-3-mpegd_usac-iso-iec\final-mpegd_usac-iso-iec\mpegd_usac\usacencdec\win32\usacenc\objs_com\obj\x64_debug\objs_com\flex_mux.obj
c:\users\lenovo\desktop\final-3-mpegd_usac-iso-iec\final-mpegd_usac-iso-iec\mpegd_usac\usacencdec\win32\usacenc\objs_com\obj\x64_debug\objs_com\spatial_bitstreamreader.obj
c:\users\lenovo\desktop\final-3-mpegd_usac-iso-iec\final-mpegd_usac-iso-iec\mpegd_usac\usacencdec\win32\usacenc\objs_com\obj\x64_debug\objs_com\usac_config.obj
c:\users\lenovo\desktop\final-3-mpegd_usac-iso-iec\final-mpegd_usac-iso-iec\mpegd_usac\usacencdec\win32\usacenc\objs_com\obj\x64_debug\objs_com\vector_ops.obj
c:\users\lenovo\desktop\final-3-mpegd_usac-iso-iec\final-mpegd_usac-iso-iec\mpegd_usac\usacencdec\win32\usacenc\lib\x64_debug\objs_com.lib
c:\users\lenovo\desktop\final-3-mpegd_usac-iso-iec\final-mpegd_usac-iso-iec\mpegd_usac\usacencdec\win32\usacenc\lib\x64_debug\objs_com.pdb
c:\users\lenovo\desktop\final-3-mpegd_usac-iso-iec\final-mpegd_usac-iso-iec\mpegd_usac\usacencdec\win32\usacenc\objs_com\obj\x64_debug\objs_com\objs_com.vcxproj.filelistabsolute.txt
c:\users\lenovo\desktop\final-3-mpegd_usac-iso-iec\final-mpegd_usac-iso-iec\mpegd_usac\usacencdec\win32\usacenc\objs_com\obj\x64_debug\objs_com\objs_com.tlog\cl.command.1.tlog
c:\users\lenovo\desktop\final-3-mpegd_usac-iso-iec\final-mpegd_usac-iso-iec\mpegd_usac\usacencdec\win32\usacenc\objs_com\obj\x64_debug\objs_com\objs_com.tlog\cl.items.tlog
c:\users\lenovo\desktop\final-3-mpegd_usac-iso-iec\final-mpegd_usac-iso-iec\mpegd_usac\usacencdec\win32\usacenc\objs_com\obj\x64_debug\objs_com\objs_com.tlog\cl.read.1.tlog
c:\users\lenovo\desktop\final-3-mpegd_usac-iso-iec\final-mpegd_usac-iso-iec\mpegd_usac\usacencdec\win32\usacenc\objs_com\obj\x64_debug\objs_com\objs_com.tlog\cl.write.1.tlog
c:\users\lenovo\desktop\final-3-mpegd_usac-iso-iec\final-mpegd_usac-iso-iec\mpegd_usac\usacencdec\win32\usacenc\objs_com\obj\x64_debug\objs_com\objs_com.tlog\lib-link.read.1.tlog
c:\users\lenovo\desktop\final-3-mpegd_usac-iso-iec\final-mpegd_usac-iso-iec\mpegd_usac\usacencdec\win32\usacenc\objs_com\obj\x64_debug\objs_com\objs_com.tlog\lib-link.write.1.tlog
c:\users\lenovo\desktop\final-3-mpegd_usac-iso-iec\final-mpegd_usac-iso-iec\mpegd_usac\usacencdec\win32\usacenc\objs_com\obj\x64_debug\objs_com\objs_com.tlog\lib.command.1.tlog
