cl : 命令行  warning D9035: “Gm”选项已否决，并将在将来的版本中移除
  vector_ops.cpp
  usac_config.cpp
  spatial_bitstreamreader.cpp
  flex_mux.cpp
C:\Users\lenovo\Desktop\final-3-mpegD_usac-ISO-IEC\final-mpegD_usac-ISO-IEC\mpegD_usac\usacEncDec\src_frame\flex_mux.cpp(2296,7): warning C4065: switch 语句包含“default”但是未包含“case”标签
  fir_filt.cpp
  common_m4a.cpp
  cmdline.cpp
C:\Users\lenovo\Desktop\final-3-mpegD_usac-ISO-IEC\final-mpegD_usac-ISO-IEC\mpegD_usac\usacEncDec\src_frame\cmdline.cpp(397,43): warning C4267: “=”: 从“size_t”转换到“int”，可能丢失数据
C:\Users\lenovo\Desktop\final-3-mpegD_usac-ISO-IEC\final-mpegD_usac-ISO-IEC\mpegD_usac\usacEncDec\src_frame\cmdline.cpp(422,23): warning C4477: “fprintf”: 格式字符串“%-*s”需要类型“int”的参数，但可变参数 4 拥有了类型“size_t”
      C:\Users\lenovo\Desktop\final-3-mpegD_usac-ISO-IEC\final-mpegD_usac-ISO-IEC\mpegD_usac\usacEncDec\src_frame\cmdline.cpp(422,23):
      此参数用作字段宽度
  
C:\Users\lenovo\Desktop\final-3-mpegD_usac-ISO-IEC\final-mpegD_usac-ISO-IEC\mpegD_usac\usacEncDec\src_frame\cmdline.cpp(489,18): warning C4267: “=”: 从“size_t”转换到“int”，可能丢失数据
C:\Users\lenovo\Desktop\final-3-mpegD_usac-ISO-IEC\final-mpegD_usac-ISO-IEC\mpegD_usac\usacEncDec\src_frame\cmdline.cpp(569,18): warning C4244: “=”: 从“__int64”转换到“int”，可能丢失数据
C:\Users\lenovo\Desktop\final-3-mpegD_usac-ISO-IEC\final-mpegD_usac-ISO-IEC\mpegD_usac\usacEncDec\src_frame\cmdline.cpp(571,26): warning C4267: “=”: 从“size_t”转换到“int”，可能丢失数据
C:\Users\lenovo\Desktop\final-3-mpegD_usac-ISO-IEC\final-mpegD_usac-ISO-IEC\mpegD_usac\usacEncDec\src_frame\cmdline.cpp(595,20): warning C4244: “-=”: 从“__int64”转换到“int”，可能丢失数据
  bitstream.cpp
C:\Users\lenovo\Desktop\final-3-mpegD_usac-ISO-IEC\final-mpegD_usac-ISO-IEC\mpegD_usac\usacEncDec\src_frame\bitstream.cpp(239,24): warning C4267: “=”: 从“size_t”转换到“long”，可能丢失数据
C:\Users\lenovo\Desktop\final-3-mpegD_usac-ISO-IEC\final-mpegD_usac-ISO-IEC\mpegD_usac\usacEncDec\src_frame\bitstream.cpp(273,26): warning C4267: “=”: 从“size_t”转换到“long”，可能丢失数据
C:\Users\lenovo\Desktop\final-3-mpegD_usac-ISO-IEC\final-mpegD_usac-ISO-IEC\mpegD_usac\usacEncDec\src_frame\bitstream.cpp(486,17): warning C4267: “=”: 从“size_t”转换到“long”，可能丢失数据
C:\Users\lenovo\Desktop\final-3-mpegD_usac-ISO-IEC\final-mpegD_usac-ISO-IEC\mpegD_usac\usacEncDec\src_frame\bitstream.cpp(655,51): warning C4311: “类型强制转换”: 从“HANDLE_BSBITBUFFER”到“unsigned long”的指针截断
C:\Users\lenovo\Desktop\final-3-mpegD_usac-ISO-IEC\final-mpegD_usac-ISO-IEC\mpegD_usac\usacEncDec\src_frame\bitstream.cpp(655,51): warning C4302: “类型强制转换”: 从“HANDLE_BSBITBUFFER”到“unsigned long”截断
C:\Users\lenovo\Desktop\final-3-mpegD_usac-ISO-IEC\final-mpegD_usac-ISO-IEC\mpegD_usac\usacEncDec\src_frame\bitstream.cpp(687,51): warning C4311: “类型强制转换”: 从“HANDLE_BSBITBUFFER”到“unsigned long”的指针截断
C:\Users\lenovo\Desktop\final-3-mpegD_usac-ISO-IEC\final-mpegD_usac-ISO-IEC\mpegD_usac\usacEncDec\src_frame\bitstream.cpp(687,51): warning C4302: “类型强制转换”: 从“HANDLE_BSBITBUFFER”到“unsigned long”截断
C:\Users\lenovo\Desktop\final-3-mpegD_usac-ISO-IEC\final-mpegD_usac-ISO-IEC\mpegD_usac\usacEncDec\src_frame\bitstream.cpp(1253,27): warning C4311: “类型强制转换”: 从“HANDLE_BSBITBUFFER”到“unsigned long”的指针截断
C:\Users\lenovo\Desktop\final-3-mpegD_usac-ISO-IEC\final-mpegD_usac-ISO-IEC\mpegD_usac\usacEncDec\src_frame\bitstream.cpp(1253,27): warning C4302: “类型强制转换”: 从“HANDLE_BSBITBUFFER”到“unsigned long”截断
C:\Users\lenovo\Desktop\final-3-mpegD_usac-ISO-IEC\final-mpegD_usac-ISO-IEC\mpegD_usac\usacEncDec\src_frame\bitstream.cpp(1320,27): warning C4311: “类型强制转换”: 从“HANDLE_BSBITBUFFER”到“unsigned long”的指针截断
C:\Users\lenovo\Desktop\final-3-mpegD_usac-ISO-IEC\final-mpegD_usac-ISO-IEC\mpegD_usac\usacEncDec\src_frame\bitstream.cpp(1320,27): warning C4302: “类型强制转换”: 从“HANDLE_BSBITBUFFER”到“unsigned long”截断
C:\Users\lenovo\Desktop\final-3-mpegD_usac-ISO-IEC\final-mpegD_usac-ISO-IEC\mpegD_usac\usacEncDec\src_frame\bitstream.cpp(1563,44): warning C4311: “类型强制转换”: 从“HANDLE_BSBITBUFFER”到“unsigned long”的指针截断
C:\Users\lenovo\Desktop\final-3-mpegD_usac-ISO-IEC\final-mpegD_usac-ISO-IEC\mpegD_usac\usacEncDec\src_frame\bitstream.cpp(1563,44): warning C4302: “类型强制转换”: 从“HANDLE_BSBITBUFFER”到“unsigned long”截断
C:\Users\lenovo\Desktop\final-3-mpegD_usac-ISO-IEC\final-mpegD_usac-ISO-IEC\mpegD_usac\usacEncDec\src_frame\bitstream.cpp(1615,45): warning C4311: “类型强制转换”: 从“HANDLE_BSBITBUFFER”到“unsigned long”的指针截断
C:\Users\lenovo\Desktop\final-3-mpegD_usac-ISO-IEC\final-mpegD_usac-ISO-IEC\mpegD_usac\usacEncDec\src_frame\bitstream.cpp(1615,45): warning C4302: “类型强制转换”: 从“HANDLE_BSBITBUFFER”到“unsigned long”截断
C:\Users\lenovo\Desktop\final-3-mpegD_usac-ISO-IEC\final-mpegD_usac-ISO-IEC\mpegD_usac\usacEncDec\src_frame\bitstream.cpp(1629,25): warning C4311: “类型强制转换”: 从“HANDLE_BSBITBUFFER”到“unsigned long”的指针截断
C:\Users\lenovo\Desktop\final-3-mpegD_usac-ISO-IEC\final-mpegD_usac-ISO-IEC\mpegD_usac\usacEncDec\src_frame\bitstream.cpp(1629,25): warning C4302: “类型强制转换”: 从“HANDLE_BSBITBUFFER”到“unsigned long”截断
C:\Users\lenovo\Desktop\final-3-mpegD_usac-ISO-IEC\final-mpegD_usac-ISO-IEC\mpegD_usac\usacEncDec\src_frame\bitstream.cpp(1646,40): warning C4311: “类型强制转换”: 从“HANDLE_BSBITBUFFER”到“unsigned long”的指针截断
C:\Users\lenovo\Desktop\final-3-mpegD_usac-ISO-IEC\final-mpegD_usac-ISO-IEC\mpegD_usac\usacEncDec\src_frame\bitstream.cpp(1646,40): warning C4302: “类型强制转换”: 从“HANDLE_BSBITBUFFER”到“unsigned long”截断
C:\Users\lenovo\Desktop\final-3-mpegD_usac-ISO-IEC\final-mpegD_usac-ISO-IEC\mpegD_usac\usacEncDec\src_frame\bitstream.cpp(1660,25): warning C4311: “类型强制转换”: 从“HANDLE_BSBITBUFFER”到“unsigned long”的指针截断
C:\Users\lenovo\Desktop\final-3-mpegD_usac-ISO-IEC\final-mpegD_usac-ISO-IEC\mpegD_usac\usacEncDec\src_frame\bitstream.cpp(1660,25): warning C4302: “类型强制转换”: 从“HANDLE_BSBITBUFFER”到“unsigned long”截断
C:\Users\lenovo\Desktop\final-3-mpegD_usac-ISO-IEC\final-mpegD_usac-ISO-IEC\mpegD_usac\usacEncDec\src_frame\bitstream.cpp(2045,47): warning C4477: “fscanf”: 格式字符串“%hu”需要类型“unsigned short *”的参数，但可变参数 1 拥有了类型“unsigned int *”
      C:\Users\lenovo\Desktop\final-3-mpegD_usac-ISO-IEC\final-mpegD_usac-ISO-IEC\mpegD_usac\usacEncDec\src_frame\bitstream.cpp(2045,47):
      请考虑在格式字符串中使用“%u”
      C:\Users\lenovo\Desktop\final-3-mpegD_usac-ISO-IEC\final-mpegD_usac-ISO-IEC\mpegD_usac\usacEncDec\src_frame\bitstream.cpp(2045,47):
      请考虑在格式字符串中使用“%I32u”
  
C:\Users\lenovo\Desktop\final-3-mpegD_usac-ISO-IEC\final-mpegD_usac-ISO-IEC\mpegD_usac\usacEncDec\src_frame\bitstream.cpp(2053,53): warning C4477: “fscanf”: 格式字符串“%hu”需要类型“unsigned short *”的参数，但可变参数 1 拥有了类型“unsigned int *”
      C:\Users\lenovo\Desktop\final-3-mpegD_usac-ISO-IEC\final-mpegD_usac-ISO-IEC\mpegD_usac\usacEncDec\src_frame\bitstream.cpp(2053,53):
      请考虑在格式字符串中使用“%u”
      C:\Users\lenovo\Desktop\final-3-mpegD_usac-ISO-IEC\final-mpegD_usac-ISO-IEC\mpegD_usac\usacEncDec\src_frame\bitstream.cpp(2053,53):
      请考虑在格式字符串中使用“%I32u”
  
C:\Users\lenovo\Desktop\final-3-mpegD_usac-ISO-IEC\final-mpegD_usac-ISO-IEC\mpegD_usac\usacEncDec\src_frame\bitstream.cpp(2069,53): warning C4477: “fscanf”: 格式字符串“%hu”需要类型“unsigned short *”的参数，但可变参数 1 拥有了类型“unsigned int *”
      C:\Users\lenovo\Desktop\final-3-mpegD_usac-ISO-IEC\final-mpegD_usac-ISO-IEC\mpegD_usac\usacEncDec\src_frame\bitstream.cpp(2069,53):
      请考虑在格式字符串中使用“%u”
      C:\Users\lenovo\Desktop\final-3-mpegD_usac-ISO-IEC\final-mpegD_usac-ISO-IEC\mpegD_usac\usacEncDec\src_frame\bitstream.cpp(2069,53):
      请考虑在格式字符串中使用“%I32u”
  
C:\Users\lenovo\Desktop\final-3-mpegD_usac-ISO-IEC\final-mpegD_usac-ISO-IEC\mpegD_usac\usacEncDec\src_frame\bitstream.cpp(2424,47): warning C4477: “fscanf”: 格式字符串“%hu”需要类型“unsigned short *”的参数，但可变参数 1 拥有了类型“unsigned int *”
      C:\Users\lenovo\Desktop\final-3-mpegD_usac-ISO-IEC\final-mpegD_usac-ISO-IEC\mpegD_usac\usacEncDec\src_frame\bitstream.cpp(2424,47):
      请考虑在格式字符串中使用“%u”
      C:\Users\lenovo\Desktop\final-3-mpegD_usac-ISO-IEC\final-mpegD_usac-ISO-IEC\mpegD_usac\usacEncDec\src_frame\bitstream.cpp(2424,47):
      请考虑在格式字符串中使用“%I32u”
  
  austream.cpp
  audio.cpp
C:\Users\lenovo\Desktop\final-3-mpegD_usac-ISO-IEC\final-mpegD_usac-ISO-IEC\mpegD_usac\usacEncDec\src_frame\audio.cpp(162,23): warning C4267: “=”: 从“size_t”转换到“int”，可能丢失数据
C:\Users\lenovo\Desktop\final-3-mpegD_usac-ISO-IEC\final-mpegD_usac-ISO-IEC\mpegD_usac\usacEncDec\src_frame\audio.cpp(578,33): warning C4267: “=”: 从“size_t”转换到“int”，可能丢失数据
C:\Users\lenovo\Desktop\final-3-mpegD_usac-ISO-IEC\final-mpegD_usac-ISO-IEC\mpegD_usac\usacEncDec\src_frame\audio.cpp(811,33): warning C4267: “=”: 从“size_t”转换到“int”，可能丢失数据
  adif.cpp
  正在生成代码...
  objs_com.vcxproj -> C:\Users\lenovo\Desktop\final-3-mpegD_usac-ISO-IEC\final-mpegD_usac-ISO-IEC\mpegD_usac\usacEncDec\win32\usacEnc\lib\x64_Debug\objs_com.lib
