  aacenc.cpp
  aacenc_pns.cpp
  aacEnc_ram.cpp
  aacEnc_rom.cpp
  aacenc_tns.cpp
  bandwidth.cpp
  band_nrg.cpp
  block_switch.cpp
  channel_map.cpp
  chaosmeasure.cpp
  dct.cpp
  FDK_lpc.cpp
  FDK_tools_rom.cpp
  FDK_trigFcts.cpp
  fft.cpp
  fft_rad2.cpp
  fixpoint_math.cpp
  genericStds.cpp
  grp_data.cpp
  intensity.cpp
  正在生成代码...
  正在编译...
  mdct.cpp
  ms_stereo.cpp
  noisedet.cpp
  pnsparam.cpp
  pre_echo_control.cpp
  psy_configuration.cpp
  psy_main.cpp
  qc_main.cpp
  scale.cpp
  spreading.cpp
  syslib_channelMapDescr.cpp
  tonality.cpp
  transform.cpp
  正在生成代码...
  fdk_psy.vcxproj -> C:\Users\lenovo\Desktop\final-3-mpegD_usac-ISO-IEC\final-mpegD_usac-ISO-IEC\mpegD_usac\usacEncDec\win32\usacEnc\x64\Debug\fdk_psy.lib
