c:\users\lenovo\desktop\final-3-mpegd_usac-iso-iec\final-mpegd_usac-iso-iec\mpegd_usac\usacencdec\win32\usacenc\x64\debug\fdk_psy.pdb
c:\users\lenovo\desktop\final-3-mpegd_usac-iso-iec\final-mpegd_usac-iso-iec\mpegd_usac\usacencdec\win32\usacenc\x64\debug\fdk_psy.idb
c:\users\lenovo\desktop\final-3-mpegd_usac-iso-iec\final-mpegd_usac-iso-iec\mpegd_usac\usacencdec\win32\fdk_psy\x64\debug\intensity.obj
c:\users\lenovo\desktop\final-3-mpegd_usac-iso-iec\final-mpegd_usac-iso-iec\mpegd_usac\usacencdec\win32\fdk_psy\x64\debug\grp_data.obj
c:\users\lenovo\desktop\final-3-mpegd_usac-iso-iec\final-mpegd_usac-iso-iec\mpegd_usac\usacencdec\win32\fdk_psy\x64\debug\genericstds.obj
c:\users\lenovo\desktop\final-3-mpegd_usac-iso-iec\final-mpegd_usac-iso-iec\mpegd_usac\usacencdec\win32\fdk_psy\x64\debug\fixpoint_math.obj
c:\users\lenovo\desktop\final-3-mpegd_usac-iso-iec\final-mpegd_usac-iso-iec\mpegd_usac\usacencdec\win32\fdk_psy\x64\debug\fft_rad2.obj
c:\users\lenovo\desktop\final-3-mpegd_usac-iso-iec\final-mpegd_usac-iso-iec\mpegd_usac\usacencdec\win32\fdk_psy\x64\debug\fft.obj
c:\users\lenovo\desktop\final-3-mpegd_usac-iso-iec\final-mpegd_usac-iso-iec\mpegd_usac\usacencdec\win32\fdk_psy\x64\debug\fdk_trigfcts.obj
c:\users\lenovo\desktop\final-3-mpegd_usac-iso-iec\final-mpegd_usac-iso-iec\mpegd_usac\usacencdec\win32\fdk_psy\x64\debug\fdk_tools_rom.obj
c:\users\lenovo\desktop\final-3-mpegd_usac-iso-iec\final-mpegd_usac-iso-iec\mpegd_usac\usacencdec\win32\fdk_psy\x64\debug\fdk_lpc.obj
c:\users\lenovo\desktop\final-3-mpegd_usac-iso-iec\final-mpegd_usac-iso-iec\mpegd_usac\usacencdec\win32\fdk_psy\x64\debug\dct.obj
c:\users\lenovo\desktop\final-3-mpegd_usac-iso-iec\final-mpegd_usac-iso-iec\mpegd_usac\usacencdec\win32\fdk_psy\x64\debug\chaosmeasure.obj
c:\users\lenovo\desktop\final-3-mpegd_usac-iso-iec\final-mpegd_usac-iso-iec\mpegd_usac\usacencdec\win32\fdk_psy\x64\debug\channel_map.obj
c:\users\lenovo\desktop\final-3-mpegd_usac-iso-iec\final-mpegd_usac-iso-iec\mpegd_usac\usacencdec\win32\fdk_psy\x64\debug\block_switch.obj
c:\users\lenovo\desktop\final-3-mpegd_usac-iso-iec\final-mpegd_usac-iso-iec\mpegd_usac\usacencdec\win32\fdk_psy\x64\debug\band_nrg.obj
c:\users\lenovo\desktop\final-3-mpegd_usac-iso-iec\final-mpegd_usac-iso-iec\mpegd_usac\usacencdec\win32\fdk_psy\x64\debug\bandwidth.obj
c:\users\lenovo\desktop\final-3-mpegd_usac-iso-iec\final-mpegd_usac-iso-iec\mpegd_usac\usacencdec\win32\fdk_psy\x64\debug\aacenc_tns.obj
c:\users\lenovo\desktop\final-3-mpegd_usac-iso-iec\final-mpegd_usac-iso-iec\mpegd_usac\usacencdec\win32\fdk_psy\x64\debug\aacenc_rom.obj
c:\users\lenovo\desktop\final-3-mpegd_usac-iso-iec\final-mpegd_usac-iso-iec\mpegd_usac\usacencdec\win32\fdk_psy\x64\debug\aacenc_ram.obj
c:\users\lenovo\desktop\final-3-mpegd_usac-iso-iec\final-mpegd_usac-iso-iec\mpegd_usac\usacencdec\win32\fdk_psy\x64\debug\aacenc_pns.obj
c:\users\lenovo\desktop\final-3-mpegd_usac-iso-iec\final-mpegd_usac-iso-iec\mpegd_usac\usacencdec\win32\fdk_psy\x64\debug\aacenc.obj
c:\users\lenovo\desktop\final-3-mpegd_usac-iso-iec\final-mpegd_usac-iso-iec\mpegd_usac\usacencdec\win32\fdk_psy\x64\debug\transform.obj
c:\users\lenovo\desktop\final-3-mpegd_usac-iso-iec\final-mpegd_usac-iso-iec\mpegd_usac\usacencdec\win32\fdk_psy\x64\debug\tonality.obj
c:\users\lenovo\desktop\final-3-mpegd_usac-iso-iec\final-mpegd_usac-iso-iec\mpegd_usac\usacencdec\win32\fdk_psy\x64\debug\syslib_channelmapdescr.obj
c:\users\lenovo\desktop\final-3-mpegd_usac-iso-iec\final-mpegd_usac-iso-iec\mpegd_usac\usacencdec\win32\fdk_psy\x64\debug\spreading.obj
c:\users\lenovo\desktop\final-3-mpegd_usac-iso-iec\final-mpegd_usac-iso-iec\mpegd_usac\usacencdec\win32\fdk_psy\x64\debug\scale.obj
c:\users\lenovo\desktop\final-3-mpegd_usac-iso-iec\final-mpegd_usac-iso-iec\mpegd_usac\usacencdec\win32\fdk_psy\x64\debug\qc_main.obj
c:\users\lenovo\desktop\final-3-mpegd_usac-iso-iec\final-mpegd_usac-iso-iec\mpegd_usac\usacencdec\win32\fdk_psy\x64\debug\psy_main.obj
c:\users\lenovo\desktop\final-3-mpegd_usac-iso-iec\final-mpegd_usac-iso-iec\mpegd_usac\usacencdec\win32\fdk_psy\x64\debug\psy_configuration.obj
c:\users\lenovo\desktop\final-3-mpegd_usac-iso-iec\final-mpegd_usac-iso-iec\mpegd_usac\usacencdec\win32\fdk_psy\x64\debug\pre_echo_control.obj
c:\users\lenovo\desktop\final-3-mpegd_usac-iso-iec\final-mpegd_usac-iso-iec\mpegd_usac\usacencdec\win32\fdk_psy\x64\debug\pnsparam.obj
c:\users\lenovo\desktop\final-3-mpegd_usac-iso-iec\final-mpegd_usac-iso-iec\mpegd_usac\usacencdec\win32\fdk_psy\x64\debug\noisedet.obj
c:\users\lenovo\desktop\final-3-mpegd_usac-iso-iec\final-mpegd_usac-iso-iec\mpegd_usac\usacencdec\win32\fdk_psy\x64\debug\ms_stereo.obj
c:\users\lenovo\desktop\final-3-mpegd_usac-iso-iec\final-mpegd_usac-iso-iec\mpegd_usac\usacencdec\win32\fdk_psy\x64\debug\mdct.obj
c:\users\lenovo\desktop\final-3-mpegd_usac-iso-iec\final-mpegd_usac-iso-iec\mpegd_usac\usacencdec\win32\usacenc\x64\debug\fdk_psy.lib
c:\users\lenovo\desktop\final-3-mpegd_usac-iso-iec\final-mpegd_usac-iso-iec\mpegd_usac\usacencdec\win32\fdk_psy\x64\debug\fdk_psy.tlog\cl.command.1.tlog
c:\users\lenovo\desktop\final-3-mpegd_usac-iso-iec\final-mpegd_usac-iso-iec\mpegd_usac\usacencdec\win32\fdk_psy\x64\debug\fdk_psy.tlog\cl.items.tlog
c:\users\lenovo\desktop\final-3-mpegd_usac-iso-iec\final-mpegd_usac-iso-iec\mpegd_usac\usacencdec\win32\fdk_psy\x64\debug\fdk_psy.tlog\cl.read.1.tlog
c:\users\lenovo\desktop\final-3-mpegd_usac-iso-iec\final-mpegd_usac-iso-iec\mpegd_usac\usacencdec\win32\fdk_psy\x64\debug\fdk_psy.tlog\cl.write.1.tlog
c:\users\lenovo\desktop\final-3-mpegd_usac-iso-iec\final-mpegd_usac-iso-iec\mpegd_usac\usacencdec\win32\fdk_psy\x64\debug\fdk_psy.tlog\lib-link.read.1.tlog
c:\users\lenovo\desktop\final-3-mpegd_usac-iso-iec\final-mpegd_usac-iso-iec\mpegd_usac\usacencdec\win32\fdk_psy\x64\debug\fdk_psy.tlog\lib-link.write.1.tlog
c:\users\lenovo\desktop\final-3-mpegd_usac-iso-iec\final-mpegd_usac-iso-iec\mpegd_usac\usacencdec\win32\fdk_psy\x64\debug\fdk_psy.tlog\lib.command.1.tlog
