c:\users\86136\desktop\exe\iso-iec-usac\mpegd_usac\usacencdec\win32\usacdec\obj\x64_debug\objs_dec_par\objs_dec_par_vc11.pdb
c:\users\86136\desktop\exe\iso-iec-usac\mpegd_usac\usacencdec\win32\usacdec\obj\x64_debug\objs_dec_par\objs_dec_par_vc11.idb
c:\users\86136\desktop\exe\iso-iec-usac\mpegd_usac\usacencdec\win32\usacdec\obj\x64_debug\objs_dec_par\dec_par.obj
c:\users\86136\desktop\exe\iso-iec-usac\mpegd_usac\usacencdec\win32\usacdec\obj\x64_debug\objs_dec_par\hvxc_lpc_dmy.obj
c:\users\86136\desktop\exe\iso-iec-usac\mpegd_usac\usacencdec\win32\usacdec\obj\x64_debug\objs_dec_par\hvxccommon.obj
c:\users\86136\desktop\exe\iso-iec-usac\mpegd_usac\usacencdec\win32\usacdec\obj\x64_debug\objs_dec_par\hvxcdec.obj
c:\users\86136\desktop\exe\iso-iec-usac\mpegd_usac\usacencdec\win32\usacdec\obj\x64_debug\objs_dec_par\hvxcfltdec.obj
c:\users\86136\desktop\exe\iso-iec-usac\mpegd_usac\usacencdec\win32\usacdec\obj\x64_debug\objs_dec_par\hvxcitpdec.obj
c:\users\86136\desktop\exe\iso-iec-usac\mpegd_usac\usacencdec\win32\usacdec\obj\x64_debug\objs_dec_par\hvxcprotect.obj
c:\users\86136\desktop\exe\iso-iec-usac\mpegd_usac\usacencdec\win32\usacdec\obj\x64_debug\objs_dec_par\hvxcqamdec.obj
c:\users\86136\desktop\exe\iso-iec-usac\mpegd_usac\usacencdec\win32\usacdec\obj\x64_debug\objs_dec_par\hvxcqlspdec.obj
c:\users\86136\desktop\exe\iso-iec-usac\mpegd_usac\usacencdec\win32\usacdec\obj\x64_debug\objs_dec_par\hvxcsynuvdec.obj
c:\users\86136\desktop\exe\iso-iec-usac\mpegd_usac\usacencdec\win32\usacdec\obj\x64_debug\objs_dec_par\hvxcsynvdec.obj
c:\users\86136\desktop\exe\iso-iec-usac\mpegd_usac\usacencdec\win32\usacdec\obj\x64_debug\objs_dec_par\hvxcuvextgendec.obj
c:\users\86136\desktop\exe\iso-iec-usac\mpegd_usac\usacencdec\win32\usacdec\obj\x64_debug\objs_dec_par\hvxcvextgendec.obj
c:\users\86136\desktop\exe\iso-iec-usac\mpegd_usac\usacencdec\win32\usacdec\obj\x64_debug\objs_dec_par\hvxcvxcdec.obj
c:\users\86136\desktop\exe\iso-iec-usac\mpegd_usac\usacencdec\win32\usacdec\obj\x64_debug\objs_dec_par\indilinecom.obj
c:\users\86136\desktop\exe\iso-iec-usac\mpegd_usac\usacencdec\win32\usacdec\obj\x64_debug\objs_dec_par\indilinedec.obj
c:\users\86136\desktop\exe\iso-iec-usac\mpegd_usac\usacencdec\win32\usacdec\obj\x64_debug\objs_dec_par\indilineqnt.obj
c:\users\86136\desktop\exe\iso-iec-usac\mpegd_usac\usacencdec\win32\usacdec\obj\x64_debug\objs_dec_par\indilinesyn.obj
c:\users\86136\desktop\exe\iso-iec-usac\mpegd_usac\usacencdec\win32\usacdec\obj\x64_debug\objs_dec_par\uhd_fft.obj
c:\users\86136\desktop\exe\iso-iec-usac\mpegd_usac\usacencdec\win32\usacdec\lib\x64_debug\objs_dec_par.lib
c:\users\86136\desktop\exe\iso-iec-usac\mpegd_usac\usacencdec\win32\usacdec\lib\x64_debug\objs_dec_par.pdb
c:\users\86136\desktop\exe\iso-iec-usac\mpegd_usac\usacencdec\win32\usacdec\obj\x64_debug\objs_dec_par\objs_dec_par.vcxproj.filelistabsolute.txt
c:\users\86136\desktop\exe\iso-iec-usac\mpegd_usac\usacencdec\win32\usacdec\obj\x64_debug\objs_dec_par\objs_dec_par.tlog\cl.command.1.tlog
c:\users\86136\desktop\exe\iso-iec-usac\mpegd_usac\usacencdec\win32\usacdec\obj\x64_debug\objs_dec_par\objs_dec_par.tlog\cl.items.tlog
c:\users\86136\desktop\exe\iso-iec-usac\mpegd_usac\usacencdec\win32\usacdec\obj\x64_debug\objs_dec_par\objs_dec_par.tlog\cl.read.1.tlog
c:\users\86136\desktop\exe\iso-iec-usac\mpegd_usac\usacencdec\win32\usacdec\obj\x64_debug\objs_dec_par\objs_dec_par.tlog\cl.write.1.tlog
c:\users\86136\desktop\exe\iso-iec-usac\mpegd_usac\usacencdec\win32\usacdec\obj\x64_debug\objs_dec_par\objs_dec_par.tlog\lib-link.read.1.tlog
c:\users\86136\desktop\exe\iso-iec-usac\mpegd_usac\usacencdec\win32\usacdec\obj\x64_debug\objs_dec_par\objs_dec_par.tlog\lib-link.write.1.tlog
c:\users\86136\desktop\exe\iso-iec-usac\mpegd_usac\usacencdec\win32\usacdec\obj\x64_debug\objs_dec_par\objs_dec_par.tlog\lib.command.1.tlog
