c:\users\86136\desktop\exe\iso-iec-usac\mpegd_usac\usacencdec\win32\usacdec\obj\x64_debug\objs_aac_dec\objs_aac_dec_vc11.pdb
c:\users\86136\desktop\exe\iso-iec-usac\mpegd_usac\usacencdec\win32\usacdec\obj\x64_debug\objs_aac_dec\objs_aac_dec_vc11.idb
c:\users\86136\desktop\exe\iso-iec-usac\mpegd_usac\usacencdec\win32\usacdec\obj\x64_debug\objs_aac_dec\huffdec2.obj
c:\users\86136\desktop\exe\iso-iec-usac\mpegd_usac\usacencdec\win32\usacdec\obj\x64_debug\objs_aac_dec\huffdec3.obj
c:\users\86136\desktop\exe\iso-iec-usac\mpegd_usac\usacencdec\win32\usacdec\obj\x64_debug\objs_aac_dec\huffinit.obj
c:\users\86136\desktop\exe\iso-iec-usac\mpegd_usac\usacencdec\win32\usacdec\obj\x64_debug\objs_aac_dec\huffscfresil.obj
c:\users\86136\desktop\exe\iso-iec-usac\mpegd_usac\usacencdec\win32\usacdec\obj\x64_debug\objs_aac_dec\hufftables.obj
c:\users\86136\desktop\exe\iso-iec-usac\mpegd_usac\usacencdec\win32\usacdec\obj\x64_debug\objs_aac_dec\imdct.obj
c:\users\86136\desktop\exe\iso-iec-usac\mpegd_usac\usacencdec\win32\usacdec\obj\x64_debug\objs_aac_dec\intensity.obj
c:\users\86136\desktop\exe\iso-iec-usac\mpegd_usac\usacencdec\win32\usacdec\obj\x64_debug\objs_aac_dec\intrins.obj
c:\users\86136\desktop\exe\iso-iec-usac\mpegd_usac\usacencdec\win32\usacdec\obj\x64_debug\objs_aac_dec\monopred.obj
c:\users\86136\desktop\exe\iso-iec-usac\mpegd_usac\usacencdec\win32\usacdec\obj\x64_debug\objs_aac_dec\nok_lt_prediction.obj
c:\users\86136\desktop\exe\iso-iec-usac\mpegd_usac\usacencdec\win32\usacdec\obj\x64_debug\objs_aac_dec\pns.obj
c:\users\86136\desktop\exe\iso-iec-usac\mpegd_usac\usacencdec\win32\usacdec\obj\x64_debug\objs_aac_dec\reorderspec.obj
c:\users\86136\desktop\exe\iso-iec-usac\mpegd_usac\usacencdec\win32\usacdec\obj\x64_debug\objs_aac_dec\rvlcscfconceal_dummy.obj
c:\users\86136\desktop\exe\iso-iec-usac\mpegd_usac\usacencdec\win32\usacdec\obj\x64_debug\objs_aac_dec\rvlcscfresil.obj
c:\users\86136\desktop\exe\iso-iec-usac\mpegd_usac\usacencdec\win32\usacdec\obj\x64_debug\objs_aac_dec\statistics_aac_dummy.obj
c:\users\86136\desktop\exe\iso-iec-usac\mpegd_usac\usacencdec\win32\usacdec\obj\x64_debug\objs_aac_dec\stereo.obj
c:\users\86136\desktop\exe\iso-iec-usac\mpegd_usac\usacencdec\win32\usacdec\obj\x64_debug\objs_aac_dec\tns.obj
c:\users\86136\desktop\exe\iso-iec-usac\mpegd_usac\usacencdec\win32\usacdec\obj\x64_debug\objs_aac_dec\tns2.obj
c:\users\86136\desktop\exe\iso-iec-usac\mpegd_usac\usacencdec\win32\usacdec\obj\x64_debug\objs_aac_dec\transfo.obj
c:\users\86136\desktop\exe\iso-iec-usac\mpegd_usac\usacencdec\win32\usacdec\obj\x64_debug\objs_aac_dec\util.obj
c:\users\86136\desktop\exe\iso-iec-usac\mpegd_usac\usacencdec\win32\usacdec\obj\x64_debug\objs_aac_dec\bitfct.obj
c:\users\86136\desktop\exe\iso-iec-usac\mpegd_usac\usacencdec\win32\usacdec\obj\x64_debug\objs_aac_dec\buffers.obj
c:\users\86136\desktop\exe\iso-iec-usac\mpegd_usac\usacencdec\win32\usacdec\obj\x64_debug\objs_aac_dec\concealment_dummy.obj
c:\users\86136\desktop\exe\iso-iec-usac\mpegd_usac\usacencdec\win32\usacdec\obj\x64_debug\objs_aac_dec\config.obj
c:\users\86136\desktop\exe\iso-iec-usac\mpegd_usac\usacencdec\win32\usacdec\obj\x64_debug\objs_aac_dec\coupling.obj
c:\users\86136\desktop\exe\iso-iec-usac\mpegd_usac\usacencdec\win32\usacdec\obj\x64_debug\objs_aac_dec\decdata.obj
c:\users\86136\desktop\exe\iso-iec-usac\mpegd_usac\usacencdec\win32\usacdec\obj\x64_debug\objs_aac_dec\decoder_tf.obj
c:\users\86136\desktop\exe\iso-iec-usac\mpegd_usac\usacencdec\win32\usacdec\obj\x64_debug\objs_aac_dec\escapescfresil.obj
c:\users\86136\desktop\exe\iso-iec-usac\mpegd_usac\usacencdec\win32\usacdec\obj\x64_debug\objs_aac_dec\huffdec1.obj
c:\users\86136\desktop\exe\iso-iec-usac\mpegd_usac\usacencdec\win32\usacdec\lib\x64_debug\objs_aac_dec.lib
c:\users\86136\desktop\exe\iso-iec-usac\mpegd_usac\usacencdec\win32\usacdec\lib\x64_debug\objs_aac_dec.pdb
c:\users\86136\desktop\exe\iso-iec-usac\mpegd_usac\usacencdec\win32\usacdec\obj\x64_debug\objs_aac_dec\objs_aac_dec.vcxproj.filelistabsolute.txt
c:\users\86136\desktop\exe\iso-iec-usac\mpegd_usac\usacencdec\win32\usacdec\obj\x64_debug\objs_aac_dec\objs_aac_dec.tlog\cl.command.1.tlog
c:\users\86136\desktop\exe\iso-iec-usac\mpegd_usac\usacencdec\win32\usacdec\obj\x64_debug\objs_aac_dec\objs_aac_dec.tlog\cl.items.tlog
c:\users\86136\desktop\exe\iso-iec-usac\mpegd_usac\usacencdec\win32\usacdec\obj\x64_debug\objs_aac_dec\objs_aac_dec.tlog\cl.read.1.tlog
c:\users\86136\desktop\exe\iso-iec-usac\mpegd_usac\usacencdec\win32\usacdec\obj\x64_debug\objs_aac_dec\objs_aac_dec.tlog\cl.write.1.tlog
c:\users\86136\desktop\exe\iso-iec-usac\mpegd_usac\usacencdec\win32\usacdec\obj\x64_debug\objs_aac_dec\objs_aac_dec.tlog\lib-link.read.1.tlog
c:\users\86136\desktop\exe\iso-iec-usac\mpegd_usac\usacencdec\win32\usacdec\obj\x64_debug\objs_aac_dec\objs_aac_dec.tlog\lib-link.write.1.tlog
c:\users\86136\desktop\exe\iso-iec-usac\mpegd_usac\usacencdec\win32\usacdec\obj\x64_debug\objs_aac_dec\objs_aac_dec.tlog\lib.command.1.tlog
