c:\users\lenovo\desktop\final-3-mpegd_usac-iso-iec\final-mpegd_usac-iso-iec\mpegd_usac\mp4spatialenc\win32\obj\x64_debug\spatialenclib\spatialenclib_vc11.pdb
c:\users\lenovo\desktop\final-3-mpegd_usac-iso-iec\final-mpegd_usac-iso-iec\mpegd_usac\mp4spatialenc\win32\obj\x64_debug\spatialenclib\spatialenclib_vc11.idb
c:\users\lenovo\desktop\final-3-mpegd_usac-iso-iec\final-mpegd_usac-iso-iec\mpegd_usac\mp4spatialenc\win32\obj\x64_debug\spatialenclib\bitstream.obj
c:\users\lenovo\desktop\final-3-mpegd_usac-iso-iec\final-mpegd_usac-iso-iec\mpegd_usac\mp4spatialenc\win32\obj\x64_debug\spatialenclib\sac_bd_embedder.obj
c:\users\lenovo\desktop\final-3-mpegd_usac-iso-iec\final-mpegd_usac-iso-iec\mpegd_usac\mp4spatialenc\win32\obj\x64_debug\spatialenclib\sac_enc.obj
c:\users\lenovo\desktop\final-3-mpegd_usac-iso-iec\final-mpegd_usac-iso-iec\mpegd_usac\mp4spatialenc\win32\obj\x64_debug\spatialenclib\sac_huff_cld.obj
c:\users\lenovo\desktop\final-3-mpegd_usac-iso-iec\final-mpegd_usac-iso-iec\mpegd_usac\mp4spatialenc\win32\obj\x64_debug\spatialenclib\sac_huff_cpc.obj
c:\users\lenovo\desktop\final-3-mpegd_usac-iso-iec\final-mpegd_usac-iso-iec\mpegd_usac\mp4spatialenc\win32\obj\x64_debug\spatialenclib\sac_huff_icc.obj
c:\users\lenovo\desktop\final-3-mpegd_usac-iso-iec\final-mpegd_usac-iso-iec\mpegd_usac\mp4spatialenc\win32\obj\x64_debug\spatialenclib\sac_huff_ipd.obj
c:\users\lenovo\desktop\final-3-mpegd_usac-iso-iec\final-mpegd_usac-iso-iec\mpegd_usac\mp4spatialenc\win32\obj\x64_debug\spatialenclib\sac_hybfilter.obj
c:\users\lenovo\desktop\final-3-mpegd_usac-iso-iec\final-mpegd_usac-iso-iec\mpegd_usac\mp4spatialenc\win32\obj\x64_debug\spatialenclib\sac_ipd.obj
c:\users\lenovo\desktop\final-3-mpegd_usac-iso-iec\final-mpegd_usac-iso-iec\mpegd_usac\mp4spatialenc\win32\obj\x64_debug\spatialenclib\sac_nlc_enc.obj
c:\users\lenovo\desktop\final-3-mpegd_usac-iso-iec\final-mpegd_usac-iso-iec\mpegd_usac\mp4spatialenc\win32\obj\x64_debug\spatialenclib\sac_polyphase.obj
c:\users\lenovo\desktop\final-3-mpegd_usac-iso-iec\final-mpegd_usac-iso-iec\mpegd_usac\mp4spatialenc\win32\obj\x64_debug\spatialenclib\sac_stream.obj
c:\users\lenovo\desktop\final-3-mpegd_usac-iso-iec\final-mpegd_usac-iso-iec\mpegd_usac\usacencdec\win32\usacenc\lib\x64_debug\spatialenclib.lib
c:\users\lenovo\desktop\final-3-mpegd_usac-iso-iec\final-mpegd_usac-iso-iec\mpegd_usac\usacencdec\win32\usacenc\lib\x64_debug\spatialenclib.pdb
c:\users\lenovo\desktop\final-3-mpegd_usac-iso-iec\final-mpegd_usac-iso-iec\mpegd_usac\mp4spatialenc\win32\obj\x64_debug\spatialenclib\spatialenclib.vcxproj.filelistabsolute.txt
c:\users\lenovo\desktop\final-3-mpegd_usac-iso-iec\final-mpegd_usac-iso-iec\mpegd_usac\mp4spatialenc\win32\obj\x64_debug\spatialenclib\spatialenclib.tlog\cl.command.1.tlog
c:\users\lenovo\desktop\final-3-mpegd_usac-iso-iec\final-mpegd_usac-iso-iec\mpegd_usac\mp4spatialenc\win32\obj\x64_debug\spatialenclib\spatialenclib.tlog\cl.items.tlog
c:\users\lenovo\desktop\final-3-mpegd_usac-iso-iec\final-mpegd_usac-iso-iec\mpegd_usac\mp4spatialenc\win32\obj\x64_debug\spatialenclib\spatialenclib.tlog\cl.read.1.tlog
c:\users\lenovo\desktop\final-3-mpegd_usac-iso-iec\final-mpegd_usac-iso-iec\mpegd_usac\mp4spatialenc\win32\obj\x64_debug\spatialenclib\spatialenclib.tlog\cl.write.1.tlog
c:\users\lenovo\desktop\final-3-mpegd_usac-iso-iec\final-mpegd_usac-iso-iec\mpegd_usac\mp4spatialenc\win32\obj\x64_debug\spatialenclib\spatialenclib.tlog\lib-link.read.1.tlog
c:\users\lenovo\desktop\final-3-mpegd_usac-iso-iec\final-mpegd_usac-iso-iec\mpegd_usac\mp4spatialenc\win32\obj\x64_debug\spatialenclib\spatialenclib.tlog\lib-link.write.1.tlog
c:\users\lenovo\desktop\final-3-mpegd_usac-iso-iec\final-mpegd_usac-iso-iec\mpegd_usac\mp4spatialenc\win32\obj\x64_debug\spatialenclib\spatialenclib.tlog\lib.command.1.tlog
