c:\users\lenovo\desktop\final-3-mpegd_usac-iso-iec\final-mpegd_usac-iso-iec\mpegd_usac\usacencdec\win32\usacenc\obj_streamfile\obj\x64_debug\obj_streamfile\obj_streamfile_vc11.pdb
c:\users\lenovo\desktop\final-3-mpegd_usac-iso-iec\final-mpegd_usac-iso-iec\mpegd_usac\usacencdec\win32\usacenc\obj_streamfile\obj\x64_debug\obj_streamfile\obj_streamfile_vc11.idb
c:\users\lenovo\desktop\final-3-mpegd_usac-iso-iec\final-mpegd_usac-iso-iec\mpegd_usac\usacencdec\win32\usacenc\obj_streamfile\obj\x64_debug\obj_streamfile\ep_convert.obj
c:\users\lenovo\desktop\final-3-mpegd_usac-iso-iec\final-mpegd_usac-iso-iec\mpegd_usac\usacencdec\win32\usacenc\obj_streamfile\obj\x64_debug\obj_streamfile\streamfile.obj
c:\users\lenovo\desktop\final-3-mpegd_usac-iso-iec\final-mpegd_usac-iso-iec\mpegd_usac\usacencdec\win32\usacenc\obj_streamfile\obj\x64_debug\obj_streamfile\streamfile_diagnose.obj
c:\users\lenovo\desktop\final-3-mpegd_usac-iso-iec\final-mpegd_usac-iso-iec\mpegd_usac\usacencdec\win32\usacenc\obj_streamfile\obj\x64_debug\obj_streamfile\streamfile_fl4.obj
c:\users\lenovo\desktop\final-3-mpegd_usac-iso-iec\final-mpegd_usac-iso-iec\mpegd_usac\usacencdec\win32\usacenc\obj_streamfile\obj\x64_debug\obj_streamfile\streamfile_helper.obj
c:\users\lenovo\desktop\final-3-mpegd_usac-iso-iec\final-mpegd_usac-iso-iec\mpegd_usac\usacencdec\win32\usacenc\obj_streamfile\obj\x64_debug\obj_streamfile\streamfile_latm.obj
c:\users\lenovo\desktop\final-3-mpegd_usac-iso-iec\final-mpegd_usac-iso-iec\mpegd_usac\usacencdec\win32\usacenc\obj_streamfile\obj\x64_debug\obj_streamfile\streamfile_mp4.obj
c:\users\lenovo\desktop\final-3-mpegd_usac-iso-iec\final-mpegd_usac-iso-iec\mpegd_usac\usacencdec\win32\usacenc\obj_streamfile\obj\x64_debug\obj_streamfile\streamfile_raw.obj
c:\users\lenovo\desktop\final-3-mpegd_usac-iso-iec\final-mpegd_usac-iso-iec\mpegd_usac\usacencdec\win32\usacenc\lib\x64_debug\obj_streamfile.lib
c:\users\lenovo\desktop\final-3-mpegd_usac-iso-iec\final-mpegd_usac-iso-iec\mpegd_usac\usacencdec\win32\usacenc\lib\x64_debug\obj_streamfile.pdb
c:\users\lenovo\desktop\final-3-mpegd_usac-iso-iec\final-mpegd_usac-iso-iec\mpegd_usac\usacencdec\win32\usacenc\obj_streamfile\obj\x64_debug\obj_streamfile\obj_streamfile.vcxproj.filelistabsolute.txt
c:\users\lenovo\desktop\final-3-mpegd_usac-iso-iec\final-mpegd_usac-iso-iec\mpegd_usac\usacencdec\win32\usacenc\obj_streamfile\obj\x64_debug\obj_streamfile\obj_streamfile.tlog\cl.command.1.tlog
c:\users\lenovo\desktop\final-3-mpegd_usac-iso-iec\final-mpegd_usac-iso-iec\mpegd_usac\usacencdec\win32\usacenc\obj_streamfile\obj\x64_debug\obj_streamfile\obj_streamfile.tlog\cl.items.tlog
c:\users\lenovo\desktop\final-3-mpegd_usac-iso-iec\final-mpegd_usac-iso-iec\mpegd_usac\usacencdec\win32\usacenc\obj_streamfile\obj\x64_debug\obj_streamfile\obj_streamfile.tlog\cl.read.1.tlog
c:\users\lenovo\desktop\final-3-mpegd_usac-iso-iec\final-mpegd_usac-iso-iec\mpegd_usac\usacencdec\win32\usacenc\obj_streamfile\obj\x64_debug\obj_streamfile\obj_streamfile.tlog\cl.write.1.tlog
c:\users\lenovo\desktop\final-3-mpegd_usac-iso-iec\final-mpegd_usac-iso-iec\mpegd_usac\usacencdec\win32\usacenc\obj_streamfile\obj\x64_debug\obj_streamfile\obj_streamfile.tlog\lib-link.read.1.tlog
c:\users\lenovo\desktop\final-3-mpegd_usac-iso-iec\final-mpegd_usac-iso-iec\mpegd_usac\usacencdec\win32\usacenc\obj_streamfile\obj\x64_debug\obj_streamfile\obj_streamfile.tlog\lib-link.write.1.tlog
c:\users\lenovo\desktop\final-3-mpegd_usac-iso-iec\final-mpegd_usac-iso-iec\mpegd_usac\usacencdec\win32\usacenc\obj_streamfile\obj\x64_debug\obj_streamfile\obj_streamfile.tlog\lib.command.1.tlog
