cl : 命令行  warning D9035: “Gm”选项已否决，并将在将来的版本中移除
  tvqaudecode.c
  sony_pvclib.c
  sony_pvcdec.c
  scal_dec_frame.c
  mod_buf.c
  HFgen_preFlat.c
  dec_tf.c
C:\Users\86136\Desktop\exe\ISO-IEC-USAC\mpegD_usac\usacEncDec\src_tf\dec_tf.c(972,83): warning C4244: “=”: 从“double”转换到“float”，可能丢失数据
  ct_sbrdecoder.c
  ct_sbrdec.c
C:\Users\86136\Desktop\exe\ISO-IEC-USAC\mpegD_usac\usacEncDec\src_tf\ct_sbrdec.c(487,54): warning C4244: “=”: 从“float”转换到“int”，可能丢失数据
  ct_sbrcrc.c
  ct_sbrbitb.c
  ct_polyphase.c
  ct_hfgen.c
  ct_freqsca.c
  ct_envextr.c
  ct_envdec.c
  ct_envcalc.c
C:\Users\86136\Desktop\exe\ISO-IEC-USAC\mpegD_usac\usacEncDec\src_tf\ct_envcalc.c(1991,17): warning C4244: “=”: 从“double”转换到“float”，可能丢失数据
C:\Users\86136\Desktop\exe\ISO-IEC-USAC\mpegD_usac\usacEncDec\src_tf\ct_envcalc.c(2009,16): warning C4244: “=”: 从“double”转换到“float”，可能丢失数据
  正在生成代码...
  objs_dec_tf.vcxproj -> C:\Users\86136\Desktop\exe\ISO-IEC-USAC\mpegD_usac\usacEncDec\win32\usacDec\lib\x64_Debug\objs_dec_tf.lib
