cl : 命令行  warning D9035: “Gm”选项已否决，并将在将来的版本中移除
  usacEnc.cpp
C:\Users\lenovo\Desktop\final-3-mpegD_usac-ISO-IEC\final-mpegD_usac-ISO-IEC\mpegD_usac\usacEncDec\src_frame_enc\usacEnc.cpp(1158,16): warning C4101: “i_enc”: 未引用的局部变量
  usac_bitmux.cpp
  正在生成代码...
libtsplite_MTd_x64.lib(FNbessI0.obj) : warning LNK4099: 未找到 PDB“”(使用“libtsplite_MTd_x64.lib(FNbessI0.obj)”或在“”中寻找)；正在链接对象，如同没有调试信息一样
libtsplite_MTd_x64.lib(FNsinc.obj) : warning LNK4099: 未找到 PDB“”(使用“libtsplite_MTd_x64.lib(FNsinc.obj)”或在“”中寻找)；正在链接对象，如同没有调试信息一样
libtsplite_MTd_x64.lib(AFclose.obj) : warning LNK4099: 未找到 PDB“”(使用“libtsplite_MTd_x64.lib(AFclose.obj)”或在“”中寻找)；正在链接对象，如同没有调试信息一样
libtsplite_MTd_x64.lib(AFsetNHpar.obj) : warning LNK4099: 未找到 PDB“”(使用“libtsplite_MTd_x64.lib(AFsetNHpar.obj)”或在“”中寻找)；正在链接对象，如同没有调试信息一样
libtsplite_MTd_x64.lib(AFopenRead.obj) : warning LNK4099: 未找到 PDB“”(使用“libtsplite_MTd_x64.lib(AFopenRead.obj)”或在“”中寻找)；正在链接对象，如同没有调试信息一样
libtsplite_MTd_x64.lib(AFreadData.obj) : warning LNK4099: 未找到 PDB“”(使用“libtsplite_MTd_x64.lib(AFreadData.obj)”或在“”中寻找)；正在链接对象，如同没有调试信息一样
libtsplite_MTd_x64.lib(UTfree.obj) : warning LNK4099: 未找到 PDB“”(使用“libtsplite_MTd_x64.lib(UTfree.obj)”或在“”中寻找)；正在链接对象，如同没有调试信息一样
libtsplite_MTd_x64.lib(UTwarn.obj) : warning LNK4099: 未找到 PDB“”(使用“libtsplite_MTd_x64.lib(UTwarn.obj)”或在“”中寻找)；正在链接对象，如同没有调试信息一样
libtsplite_MTd_x64.lib(AFoptions.obj) : warning LNK4099: 未找到 PDB“”(使用“libtsplite_MTd_x64.lib(AFoptions.obj)”或在“”中寻找)；正在链接对象，如同没有调试信息一样
libtsplite_MTd_x64.lib(AFupdHead.obj) : warning LNK4099: 未找到 PDB“”(使用“libtsplite_MTd_x64.lib(AFupdHead.obj)”或在“”中寻找)；正在链接对象，如同没有调试信息一样
libtsplite_MTd_x64.lib(STdec1double.obj) : warning LNK4099: 未找到 PDB“”(使用“libtsplite_MTd_x64.lib(STdec1double.obj)”或在“”中寻找)；正在链接对象，如同没有调试信息一样
libtsplite_MTd_x64.lib(STdec1long.obj) : warning LNK4099: 未找到 PDB“”(使用“libtsplite_MTd_x64.lib(STdec1long.obj)”或在“”中寻找)；正在链接对象，如同没有调试信息一样
libtsplite_MTd_x64.lib(STdecDfrac.obj) : warning LNK4099: 未找到 PDB“”(使用“libtsplite_MTd_x64.lib(STdecDfrac.obj)”或在“”中寻找)；正在链接对象，如同没有调试信息一样
libtsplite_MTd_x64.lib(STfindToken.obj) : warning LNK4099: 未找到 PDB“”(使用“libtsplite_MTd_x64.lib(STfindToken.obj)”或在“”中寻找)；正在链接对象，如同没有调试信息一样
libtsplite_MTd_x64.lib(STkeyMatch.obj) : warning LNK4099: 未找到 PDB“”(使用“libtsplite_MTd_x64.lib(STkeyMatch.obj)”或在“”中寻找)；正在链接对象，如同没有调试信息一样
libtsplite_MTd_x64.lib(UTmalloc.obj) : warning LNK4099: 未找到 PDB“”(使用“libtsplite_MTd_x64.lib(UTmalloc.obj)”或在“”中寻找)；正在链接对象，如同没有调试信息一样
libtsplite_MTd_x64.lib(AFopnRead.obj) : warning LNK4099: 未找到 PDB“”(使用“libtsplite_MTd_x64.lib(AFopnRead.obj)”或在“”中寻找)；正在链接对象，如同没有调试信息一样
libtsplite_MTd_x64.lib(AFfReadData.obj) : warning LNK4099: 未找到 PDB“”(使用“libtsplite_MTd_x64.lib(AFfReadData.obj)”或在“”中寻找)；正在链接对象，如同没有调试信息一样
libtsplite_MTd_x64.lib(UTerror.obj) : warning LNK4099: 未找到 PDB“”(使用“libtsplite_MTd_x64.lib(UTerror.obj)”或在“”中寻找)；正在链接对象，如同没有调试信息一样
libtsplite_MTd_x64.lib(FLseekable.obj) : warning LNK4099: 未找到 PDB“”(使用“libtsplite_MTd_x64.lib(FLseekable.obj)”或在“”中寻找)；正在链接对象，如同没有调试信息一样
libtsplite_MTd_x64.lib(AFseek.obj) : warning LNK4099: 未找到 PDB“”(使用“libtsplite_MTd_x64.lib(AFseek.obj)”或在“”中寻找)；正在链接对象，如同没有调试信息一样
libtsplite_MTd_x64.lib(AFtell.obj) : warning LNK4099: 未找到 PDB“”(使用“libtsplite_MTd_x64.lib(AFtell.obj)”或在“”中寻找)；正在链接对象，如同没有调试信息一样
libtsplite_MTd_x64.lib(AFupdAIhead.obj) : warning LNK4099: 未找到 PDB“”(使用“libtsplite_MTd_x64.lib(AFupdAIhead.obj)”或在“”中寻找)；正在链接对象，如同没有调试信息一样
libtsplite_MTd_x64.lib(AFupdAUhead.obj) : warning LNK4099: 未找到 PDB“”(使用“libtsplite_MTd_x64.lib(AFupdAUhead.obj)”或在“”中寻找)；正在链接对象，如同没有调试信息一样
libtsplite_MTd_x64.lib(AFupdWVhead.obj) : warning LNK4099: 未找到 PDB“”(使用“libtsplite_MTd_x64.lib(AFupdWVhead.obj)”或在“”中寻找)；正在链接对象，如同没有调试信息一样
libtsplite_MTd_x64.lib(STdec1val.obj) : warning LNK4099: 未找到 PDB“”(使用“libtsplite_MTd_x64.lib(STdec1val.obj)”或在“”中寻找)；正在链接对象，如同没有调试信息一样
libtsplite_MTd_x64.lib(STdecPair.obj) : warning LNK4099: 未找到 PDB“”(使用“libtsplite_MTd_x64.lib(STdecPair.obj)”或在“”中寻找)；正在链接对象，如同没有调试信息一样
libtsplite_MTd_x64.lib(STstrDots.obj) : warning LNK4099: 未找到 PDB“”(使用“libtsplite_MTd_x64.lib(STstrDots.obj)”或在“”中寻找)；正在链接对象，如同没有调试信息一样
libtsplite_MTd_x64.lib(STcopyNMax.obj) : warning LNK4099: 未找到 PDB“”(使用“libtsplite_MTd_x64.lib(STcopyNMax.obj)”或在“”中寻找)；正在链接对象，如同没有调试信息一样
libtsplite_MTd_x64.lib(STtrimIws.obj) : warning LNK4099: 未找到 PDB“”(使用“libtsplite_MTd_x64.lib(STtrimIws.obj)”或在“”中寻找)；正在链接对象，如同没有调试信息一样
libtsplite_MTd_x64.lib(STtrimNMax.obj) : warning LNK4099: 未找到 PDB“”(使用“libtsplite_MTd_x64.lib(STtrimNMax.obj)”或在“”中寻找)；正在链接对象，如同没有调试信息一样
libtsplite_MTd_x64.lib(UTsysMsg.obj) : warning LNK4099: 未找到 PDB“”(使用“libtsplite_MTd_x64.lib(UTsysMsg.obj)”或在“”中寻找)；正在链接对象，如同没有调试信息一样
libtsplite_MTd_x64.lib(AFfindType.obj) : warning LNK4099: 未找到 PDB“”(使用“libtsplite_MTd_x64.lib(AFfindType.obj)”或在“”中寻找)；正在链接对象，如同没有调试信息一样
libtsplite_MTd_x64.lib(AFprAFpar.obj) : warning LNK4099: 未找到 PDB“”(使用“libtsplite_MTd_x64.lib(AFprAFpar.obj)”或在“”中寻找)；正在链接对象，如同没有调试信息一样
libtsplite_MTd_x64.lib(AFrdAIhead.obj) : warning LNK4099: 未找到 PDB“”(使用“libtsplite_MTd_x64.lib(AFrdAIhead.obj)”或在“”中寻找)；正在链接对象，如同没有调试信息一样
libtsplite_MTd_x64.lib(AFrdAUhead.obj) : warning LNK4099: 未找到 PDB“”(使用“libtsplite_MTd_x64.lib(AFrdAUhead.obj)”或在“”中寻找)；正在链接对象，如同没有调试信息一样
libtsplite_MTd_x64.lib(AFrdBLhead.obj) : warning LNK4099: 未找到 PDB“”(使用“libtsplite_MTd_x64.lib(AFrdBLhead.obj)”或在“”中寻找)；正在链接对象，如同没有调试信息一样
libtsplite_MTd_x64.lib(AFrdEShead.obj) : warning LNK4099: 未找到 PDB“”(使用“libtsplite_MTd_x64.lib(AFrdEShead.obj)”或在“”中寻找)；正在链接对象，如同没有调试信息一样
libtsplite_MTd_x64.lib(AFrdINhead.obj) : warning LNK4099: 未找到 PDB“”(使用“libtsplite_MTd_x64.lib(AFrdINhead.obj)”或在“”中寻找)；正在链接对象，如同没有调试信息一样
libtsplite_MTd_x64.lib(AFrdNShead.obj) : warning LNK4099: 未找到 PDB“”(使用“libtsplite_MTd_x64.lib(AFrdNShead.obj)”或在“”中寻找)；正在链接对象，如同没有调试信息一样
libtsplite_MTd_x64.lib(AFrdSFhead.obj) : warning LNK4099: 未找到 PDB“”(使用“libtsplite_MTd_x64.lib(AFrdSFhead.obj)”或在“”中寻找)；正在链接对象，如同没有调试信息一样
libtsplite_MTd_x64.lib(AFrdSPhead.obj) : warning LNK4099: 未找到 PDB“”(使用“libtsplite_MTd_x64.lib(AFrdSPhead.obj)”或在“”中寻找)；正在链接对象，如同没有调试信息一样
libtsplite_MTd_x64.lib(AFrdSWhead.obj) : warning LNK4099: 未找到 PDB“”(使用“libtsplite_MTd_x64.lib(AFrdSWhead.obj)”或在“”中寻找)；正在链接对象，如同没有调试信息一样
libtsplite_MTd_x64.lib(AFrdTAhead.obj) : warning LNK4099: 未找到 PDB“”(使用“libtsplite_MTd_x64.lib(AFrdTAhead.obj)”或在“”中寻找)；正在链接对象，如同没有调试信息一样
libtsplite_MTd_x64.lib(AFrdWVhead.obj) : warning LNK4099: 未找到 PDB“”(使用“libtsplite_MTd_x64.lib(AFrdWVhead.obj)”或在“”中寻找)；正在链接对象，如同没有调试信息一样
libtsplite_MTd_x64.lib(AFsetNHread.obj) : warning LNK4099: 未找到 PDB“”(使用“libtsplite_MTd_x64.lib(AFsetNHread.obj)”或在“”中寻找)；正在链接对象，如同没有调试信息一样
libtsplite_MTd_x64.lib(AFfRdAlaw.obj) : warning LNK4099: 未找到 PDB“”(使用“libtsplite_MTd_x64.lib(AFfRdAlaw.obj)”或在“”中寻找)；正在链接对象，如同没有调试信息一样
libtsplite_MTd_x64.lib(AFfRdFx.obj) : warning LNK4099: 未找到 PDB“”(使用“libtsplite_MTd_x64.lib(AFfRdFx.obj)”或在“”中寻找)；正在链接对象，如同没有调试信息一样
libtsplite_MTd_x64.lib(AFfRdIx.obj) : warning LNK4099: 未找到 PDB“”(使用“libtsplite_MTd_x64.lib(AFfRdIx.obj)”或在“”中寻找)；正在链接对象，如同没有调试信息一样
libtsplite_MTd_x64.lib(AFfRdMulaw.obj) : warning LNK4099: 未找到 PDB“”(使用“libtsplite_MTd_x64.lib(AFfRdMulaw.obj)”或在“”中寻找)；正在链接对象，如同没有调试信息一样
libtsplite_MTd_x64.lib(AFfRdTA.obj) : warning LNK4099: 未找到 PDB“”(使用“libtsplite_MTd_x64.lib(AFfRdTA.obj)”或在“”中寻找)；正在链接对象，如同没有调试信息一样
libtsplite_MTd_x64.lib(AFfRdU1.obj) : warning LNK4099: 未找到 PDB“”(使用“libtsplite_MTd_x64.lib(AFfRdU1.obj)”或在“”中寻找)；正在链接对象，如同没有调试信息一样
libtsplite_MTd_x64.lib(AFposition.obj) : warning LNK4099: 未找到 PDB“”(使用“libtsplite_MTd_x64.lib(AFposition.obj)”或在“”中寻找)；正在链接对象，如同没有调试信息一样
libtsplite_MTd_x64.lib(UTsetProg.obj) : warning LNK4099: 未找到 PDB“”(使用“libtsplite_MTd_x64.lib(UTsetProg.obj)”或在“”中寻找)；正在链接对象，如同没有调试信息一样
libtsplite_MTd_x64.lib(AFwriteHead.obj) : warning LNK4099: 未找到 PDB“”(使用“libtsplite_MTd_x64.lib(AFwriteHead.obj)”或在“”中寻找)；正在链接对象，如同没有调试信息一样
libtsplite_MTd_x64.lib(AFgetInfoRec.obj) : warning LNK4099: 未找到 PDB“”(使用“libtsplite_MTd_x64.lib(AFgetInfoRec.obj)”或在“”中寻找)；正在链接对象，如同没有调试信息一样
libtsplite_MTd_x64.lib(STcopyMax.obj) : warning LNK4099: 未找到 PDB“”(使用“libtsplite_MTd_x64.lib(STcopyMax.obj)”或在“”中寻找)；正在链接对象，如同没有调试信息一样
libtsplite_MTd_x64.lib(FLfileDate.obj) : warning LNK4099: 未找到 PDB“”(使用“libtsplite_MTd_x64.lib(FLfileDate.obj)”或在“”中寻找)；正在链接对象，如同没有调试信息一样
libtsplite_MTd_x64.lib(FLfullName.obj) : warning LNK4099: 未找到 PDB“”(使用“libtsplite_MTd_x64.lib(FLfullName.obj)”或在“”中寻找)；正在链接对象，如同没有调试信息一样
libtsplite_MTd_x64.lib(AFdecSpeaker.obj) : warning LNK4099: 未找到 PDB“”(使用“libtsplite_MTd_x64.lib(AFdecSpeaker.obj)”或在“”中寻找)；正在链接对象，如同没有调试信息一样
libtsplite_MTd_x64.lib(FLfileSize.obj) : warning LNK4099: 未找到 PDB“”(使用“libtsplite_MTd_x64.lib(FLfileSize.obj)”或在“”中寻找)；正在链接对象，如同没有调试信息一样
libtsplite_MTd_x64.lib(UTcheckIEEE.obj) : warning LNK4099: 未找到 PDB“”(使用“libtsplite_MTd_x64.lib(UTcheckIEEE.obj)”或在“”中寻找)；正在链接对象，如同没有调试信息一样
libtsplite_MTd_x64.lib(UTdIEEE80.obj) : warning LNK4099: 未找到 PDB“”(使用“libtsplite_MTd_x64.lib(UTdIEEE80.obj)”或在“”中寻找)；正在链接对象，如同没有调试信息一样
libtsplite_MTd_x64.lib(AFrdTextAFsp.obj) : warning LNK4099: 未找到 PDB“”(使用“libtsplite_MTd_x64.lib(AFrdTextAFsp.obj)”或在“”中寻找)；正在链接对象，如同没有调试信息一样
libtsplite_MTd_x64.lib(AFreadHead.obj) : warning LNK4099: 未找到 PDB“”(使用“libtsplite_MTd_x64.lib(AFreadHead.obj)”或在“”中寻找)；正在链接对象，如同没有调试信息一样
libtsplite_MTd_x64.lib(AFsetRead.obj) : warning LNK4099: 未找到 PDB“”(使用“libtsplite_MTd_x64.lib(AFsetRead.obj)”或在“”中寻找)；正在链接对象，如同没有调试信息一样
libtsplite_MTd_x64.lib(UTswapCode.obj) : warning LNK4099: 未找到 PDB“”(使用“libtsplite_MTd_x64.lib(UTswapCode.obj)”或在“”中寻找)；正在链接对象，如同没有调试信息一样
libtsplite_MTd_x64.lib(VRswapBytes.obj) : warning LNK4099: 未找到 PDB“”(使用“libtsplite_MTd_x64.lib(VRswapBytes.obj)”或在“”中寻找)；正在链接对象，如同没有调试信息一样
libtsplite_MTd_x64.lib(STstrstrNM.obj) : warning LNK4099: 未找到 PDB“”(使用“libtsplite_MTd_x64.lib(STstrstrNM.obj)”或在“”中寻找)；正在链接对象，如同没有调试信息一样
libtsplite_MTd_x64.lib(STcatMax.obj) : warning LNK4099: 未找到 PDB“”(使用“libtsplite_MTd_x64.lib(STcatMax.obj)”或在“”中寻找)；正在链接对象，如同没有调试信息一样
libtsplite_MTd_x64.lib(STdec1float.obj) : warning LNK4099: 未找到 PDB“”(使用“libtsplite_MTd_x64.lib(STdec1float.obj)”或在“”中寻找)；正在链接对象，如同没有调试信息一样
libtsplite_MTd_x64.lib(STkeyXpar.obj) : warning LNK4099: 未找到 PDB“”(使用“libtsplite_MTd_x64.lib(STkeyXpar.obj)”或在“”中寻找)；正在链接对象，如同没有调试信息一样
libtsplite_MTd_x64.lib(AFgetLine.obj) : warning LNK4099: 未找到 PDB“”(使用“libtsplite_MTd_x64.lib(AFgetLine.obj)”或在“”中寻找)；正在链接对象，如同没有调试信息一样
libtsplite_MTd_x64.lib(UTbyteOrder.obj) : warning LNK4099: 未找到 PDB“”(使用“libtsplite_MTd_x64.lib(UTbyteOrder.obj)”或在“”中寻找)；正在链接对象，如同没有调试信息一样
libtsplite_MTd_x64.lib(UTctime.obj) : warning LNK4099: 未找到 PDB“”(使用“libtsplite_MTd_x64.lib(UTctime.obj)”或在“”中寻找)；正在链接对象，如同没有调试信息一样
libtsplite_MTd_x64.lib(FLbaseName.obj) : warning LNK4099: 未找到 PDB“”(使用“libtsplite_MTd_x64.lib(FLbaseName.obj)”或在“”中寻找)；正在链接对象，如同没有调试信息一样
libtsplite_MTd_x64.lib(FLdirName.obj) : warning LNK4099: 未找到 PDB“”(使用“libtsplite_MTd_x64.lib(FLdirName.obj)”或在“”中寻找)；正在链接对象，如同没有调试信息一样
libtsplite_MTd_x64.lib(FLjoinNames.obj) : warning LNK4099: 未找到 PDB“”(使用“libtsplite_MTd_x64.lib(FLjoinNames.obj)”或在“”中寻找)；正在链接对象，如同没有调试信息一样
libtsplite_MTd_x64.lib(UThalt.obj) : warning LNK4099: 未找到 PDB“”(使用“libtsplite_MTd_x64.lib(UThalt.obj)”或在“”中寻找)；正在链接对象，如同没有调试信息一样
libtsplite_MTd_x64.lib(STdecIfrac.obj) : warning LNK4099: 未找到 PDB“”(使用“libtsplite_MTd_x64.lib(STdecIfrac.obj)”或在“”中寻找)；正在链接对象，如同没有调试信息一样
libtsplite_MTd_x64.lib(STunQuote.obj) : warning LNK4099: 未找到 PDB“”(使用“libtsplite_MTd_x64.lib(STunQuote.obj)”或在“”中寻找)；正在链接对象，如同没有调试信息一样
libtsplite_MTd_x64.lib(STtrim.obj) : warning LNK4099: 未找到 PDB“”(使用“libtsplite_MTd_x64.lib(STtrim.obj)”或在“”中寻找)；正在链接对象，如同没有调试信息一样
    正在创建库 C:\Users\lenovo\Desktop\final-3-mpegD_usac-ISO-IEC\final-mpegD_usac-ISO-IEC\mpegD_usac\usacEncDec\win32\usacEnc\bin\x64_Debug\usacEnc.lib 和对象 C:\Users\lenovo\Desktop\final-3-mpegD_usac-ISO-IEC\final-mpegD_usac-ISO-IEC\mpegD_usac\usacEncDec\win32\usacEnc\bin\x64_Debug\usacEnc.exp
LIBCMTD.lib(initializers.obj) : warning LNK4098: 默认库“msvcrtd.lib”与其他库的使用冲突；请使用 /NODEFAULTLIB:library
LINK : warning LNK4286: 符号“_wassert”(在“libucrtd.lib(assert.obj)”中定义)已由“fdk_psy.lib(fft.obj)”导入
LINK : warning LNK4286: 符号“_wassert”(在“libucrtd.lib(assert.obj)”中定义)已由“fdk_psy.lib(fft_rad2.obj)”导入
LINK : warning LNK4286: 符号“_wassert”(在“libucrtd.lib(assert.obj)”中定义)已由“fdk_psy.lib(intensity.obj)”导入
LINK : warning LNK4286: 符号“_wassert”(在“libucrtd.lib(assert.obj)”中定义)已由“fdk_psy.lib(dct.obj)”导入
LINK : warning LNK4286: 符号“_wassert”(在“libucrtd.lib(assert.obj)”中定义)已由“fdk_psy.lib(FDK_lpc.obj)”导入
LINK : warning LNK4286: 符号“_wassert”(在“libucrtd.lib(assert.obj)”中定义)已由“fdk_psy.lib(chaosmeasure.obj)”导入
LINK : warning LNK4217: 符号“_wassert”(在“ libucrtd.lib(assert.obj)”中定义)已由“fdk_psy.lib(mdct.obj)”(函数“"long __cdecl fAddSaturate(long,long)" (?fAddSaturate@@YAJJJ@Z)”中)导入
LINK : warning LNK4286: 符号“_wassert”(在“libucrtd.lib(assert.obj)”中定义)已由“fdk_psy.lib(transform.obj)”导入
LINK : warning LNK4286: 符号“_wassert”(在“libucrtd.lib(assert.obj)”中定义)已由“fdk_psy.lib(pre_echo_control.obj)”导入
LINK : warning LNK4286: 符号“_wassert”(在“libucrtd.lib(assert.obj)”中定义)已由“fdk_psy.lib(aacenc_tns.obj)”导入
LINK : warning LNK4217: 符号“_wassert”(在“ libucrtd.lib(assert.obj)”中定义)已由“fdk_psy.lib(psy_main.obj)”(函数“"enum AAC_ENCODER_ERROR __cdecl FDKaacEnc_psyMain(int,struct PSY_ELEMENT *,struct PSY_DYNAMIC *,struct PSY_CONFIGURATION *,struct PSY_OUT_ELEMENT *,short *,unsigned int,int *,int)" (?FDKaacEnc_psyMain@@YA?AW4AAC_ENCODER_ERROR@@HPEAUPSY_ELEMENT@@PEAUPSY_DYNAMIC@@PEAUPSY_CONFIGURATION@@PEAUPSY_OUT_ELEMENT@@PEAFIPEAHH@Z)”中)导入
LINK : warning LNK4286: 符号“_wassert”(在“libucrtd.lib(assert.obj)”中定义)已由“fdk_psy.lib(aacEnc_ram.obj)”导入
LINK : warning LNK4286: 符号“_wassert”(在“libucrtd.lib(assert.obj)”中定义)已由“fdk_psy.lib(syslib_channelMapDescr.obj)”导入
LINK : warning LNK4286: 符号“_wassert”(在“libucrtd.lib(assert.obj)”中定义)已由“fdk_psy.lib(FDK_tools_rom.obj)”导入
LINK : warning LNK4217: 符号“_wassert”(在“ libucrtd.lib(assert.obj)”中定义)已由“fdk_psy.lib(aacenc.obj)”(函数“FDKaacEnc_LimitBitrate”中)导入
LINK : warning LNK4286: 符号“_wassert”(在“libucrtd.lib(assert.obj)”中定义)已由“fdk_psy.lib(genericStds.obj)”导入
LINK : warning LNK4286: 符号“_wassert”(在“libucrtd.lib(assert.obj)”中定义)已由“fdk_psy.lib(fixpoint_math.obj)”导入
LINK : warning LNK4217: 符号“_wassert”(在“ libucrtd.lib(assert.obj)”中定义)已由“fdk_psy.lib(channel_map.obj)”(函数“"enum AAC_ENCODER_ERROR __cdecl FDKaacEnc_InitElementBits(struct QC_STATE *,struct CHANNEL_MAPPING *,int,int,int)" (?FDKaacEnc_InitElementBits@@YA?AW4AAC_ENCODER_ERROR@@PEAUQC_STATE@@PEAUCHANNEL_MAPPING@@HHH@Z)”中)导入
LINK : warning LNK4217: 符号“calloc”(在“ libucrtd.lib(calloc.obj)”中定义)已由“fdk_psy.lib(genericStds.obj)”(函数“FDKcalloc”中)导入
LINK : warning LNK4217: 符号“free”(在“ libucrtd.lib(free.obj)”中定义)已由“fdk_psy.lib(genericStds.obj)”(函数“FDKfree”中)导入
LINK : warning LNK4217: 符号“malloc”(在“ libucrtd.lib(malloc.obj)”中定义)已由“fdk_psy.lib(genericStds.obj)”(函数“FDKmalloc”中)导入
LINK : warning LNK4217: 符号“__acrt_iob_func”(在“ libucrtd.lib(_file.obj)”中定义)已由“fdk_psy.lib(genericStds.obj)”(函数“FDKprintfErr”中)导入
LINK : warning LNK4217: 符号“fclose”(在“ libucrtd.lib(fclose.obj)”中定义)已由“fdk_psy.lib(genericStds.obj)”(函数“FDKfclose”中)导入
LINK : warning LNK4217: 符号“feof”(在“ libucrtd.lib(feoferr.obj)”中定义)已由“fdk_psy.lib(genericStds.obj)”(函数“FDKfeof”中)导入
LINK : warning LNK4217: 符号“fflush”(在“ libucrtd.lib(fflush.obj)”中定义)已由“fdk_psy.lib(genericStds.obj)”(函数“FDKfflush”中)导入
LINK : warning LNK4217: 符号“fgets”(在“ libucrtd.lib(fgets.obj)”中定义)已由“fdk_psy.lib(genericStds.obj)”(函数“FDKfgets”中)导入
LINK : warning LNK4217: 符号“fopen”(在“ libucrtd.lib(fopen.obj)”中定义)已由“fdk_psy.lib(genericStds.obj)”(函数“FDKfopen”中)导入
LINK : warning LNK4217: 符号“fread”(在“ libucrtd.lib(fread.obj)”中定义)已由“fdk_psy.lib(genericStds.obj)”(函数“FDKfread”中)导入
LINK : warning LNK4217: 符号“fseek”(在“ libucrtd.lib(fseek.obj)”中定义)已由“fdk_psy.lib(genericStds.obj)”(函数“FDKfseek”中)导入
LINK : warning LNK4217: 符号“ftell”(在“ libucrtd.lib(ftell.obj)”中定义)已由“fdk_psy.lib(genericStds.obj)”(函数“FDKftell”中)导入
LINK : warning LNK4217: 符号“fwrite”(在“ libucrtd.lib(fwrite.obj)”中定义)已由“fdk_psy.lib(genericStds.obj)”(函数“FDKfwrite”中)导入
LINK : warning LNK4217: 符号“getchar”(在“ libucrtd.lib(fgetc.obj)”中定义)已由“fdk_psy.lib(genericStds.obj)”(函数“FDKgetchar”中)导入
LINK : warning LNK4217: 符号“__stdio_common_vfprintf”(在“ libucrtd.lib(output.obj)”中定义)已由“fdk_psy.lib(genericStds.obj)”(函数“_vfprintf_l”中)导入
LINK : warning LNK4217: 符号“__stdio_common_vsprintf”(在“ libucrtd.lib(output.obj)”中定义)已由“fdk_psy.lib(genericStds.obj)”(函数“_vsnprintf_l”中)导入
LINK : warning LNK4217: 符号“strncmp”(在“ libucrtd.lib(strncmp.obj)”中定义)已由“fdk_psy.lib(genericStds.obj)”(函数“FDKstrncmp”中)导入
LINK : warning LNK4217: 符号“strncpy”(在“ libucrtd.lib(strncpy.obj)”中定义)已由“fdk_psy.lib(genericStds.obj)”(函数“FDKstrncpy”中)导入
LINK : warning LNK4217: 符号“ldexp”(在“ libucrtd.lib(ldexp.obj)”中定义)已由“fdk_psy.lib(aacenc_tns.obj)”(函数“"long __cdecl invSqrtNorm2(long,int *)" (?invSqrtNorm2@@YAJJPEAH@Z)”中)导入
fdk_psy.lib(aacenc.obj) : error LNK2019: 无法解析的外部符号 "int __cdecl transportEnc_GetStaticBits(struct TRANSPORTENC *,int)" (?transportEnc_GetStaticBits@@YAHPEAUTRANSPORTENC@@H@Z)，函数 FDKaacEnc_EncodeFrame 中引用了该符号
fdk_psy.lib(aacenc.obj) : error LNK2019: 无法解析的外部符号 "enum TRANSPORTENC_ERROR __cdecl transportEnc_WriteAccessUnit(struct TRANSPORTENC *,int,int,int)" (?transportEnc_WriteAccessUnit@@YA?AW4TRANSPORTENC_ERROR@@PEAUTRANSPORTENC@@HHH@Z)，函数 FDKaacEnc_EncodeFrame 中引用了该符号
fdk_psy.lib(aacenc.obj) : error LNK2019: 无法解析的外部符号 "enum TRANSPORTENC_ERROR __cdecl transportEnc_GetFrame(struct TRANSPORTENC *,int *)" (?transportEnc_GetFrame@@YA?AW4TRANSPORTENC_ERROR@@PEAUTRANSPORTENC@@PEAH@Z)，函数 FDKaacEnc_EncodeFrame 中引用了该符号
fdk_psy.lib(aacenc.obj) : error LNK2019: 无法解析的外部符号 "enum AAC_ENCODER_ERROR __cdecl FDKaacEnc_WriteBitstream(struct TRANSPORTENC *,struct CHANNEL_MAPPING *,struct QC_OUT *,struct PSY_OUT *,struct QC_STATE *,enum AUDIO_OBJECT_TYPE,unsigned int,signed char)" (?FDKaacEnc_WriteBitstream@@YA?AW4AAC_ENCODER_ERROR@@PEAUTRANSPORTENC@@PEAUCHANNEL_MAPPING@@PEAUQC_OUT@@PEAUPSY_OUT@@PEAUQC_STATE@@W4AUDIO_OBJECT_TYPE@@IC@Z)，函数 FDKaacEnc_EncodeFrame 中引用了该符号
fdk_psy.lib(aacenc.obj) : error LNK2019: 无法解析的外部符号 "int __cdecl FDKaacEnc_writeExtensionData(struct TRANSPORTENC *,struct QC_OUT_EXTENSION *,int,unsigned int,unsigned int,enum AUDIO_OBJECT_TYPE,signed char)" (?FDKaacEnc_writeExtensionData@@YAHPEAUTRANSPORTENC@@PEAUQC_OUT_EXTENSION@@HIIW4AUDIO_OBJECT_TYPE@@C@Z)，函数 FDKaacEnc_EncodeFrame 中引用了该符号
fdk_psy.lib(aacenc.obj) : error LNK2019: 无法解析的外部符号 "enum AAC_ENCODER_ERROR __cdecl FDKaacEnc_QCOutNew(struct QC_OUT * *,int,int,int,unsigned char *)" (?FDKaacEnc_QCOutNew@@YA?AW4AAC_ENCODER_ERROR@@PEAPEAUQC_OUT@@HHHPEAE@Z)，函数 FDKaacEnc_Open 中引用了该符号
fdk_psy.lib(aacenc.obj) : error LNK2019: 无法解析的外部符号 "enum AAC_ENCODER_ERROR __cdecl FDKaacEnc_QCOutInit(struct QC_OUT * * const,int,struct CHANNEL_MAPPING const *)" (?FDKaacEnc_QCOutInit@@YA?AW4AAC_ENCODER_ERROR@@QEAPEAUQC_OUT@@HPEBUCHANNEL_MAPPING@@@Z)，函数 FDKaacEnc_Initialize 中引用了该符号
fdk_psy.lib(aacenc.obj) : error LNK2019: 无法解析的外部符号 "enum AAC_ENCODER_ERROR __cdecl FDKaacEnc_QCNew(struct QC_STATE * *,int,unsigned char *)" (?FDKaacEnc_QCNew@@YA?AW4AAC_ENCODER_ERROR@@PEAPEAUQC_STATE@@HPEAE@Z)，函数 FDKaacEnc_Open 中引用了该符号
fdk_psy.lib(aacenc.obj) : error LNK2019: 无法解析的外部符号 "enum AAC_ENCODER_ERROR __cdecl FDKaacEnc_QCInit(struct QC_STATE *,struct QC_INIT *,unsigned long)" (?FDKaacEnc_QCInit@@YA?AW4AAC_ENCODER_ERROR@@PEAUQC_STATE@@PEAUQC_INIT@@K@Z)，函数 FDKaacEnc_Initialize 中引用了该符号
fdk_psy.lib(aacenc.obj) : error LNK2019: 无法解析的外部符号 "enum AAC_ENCODER_ERROR __cdecl FDKaacEnc_QCMainPrepare(struct ELEMENT_INFO *,struct ATS_ELEMENT *,struct PSY_OUT_ELEMENT *,struct QC_OUT_ELEMENT *,enum AUDIO_OBJECT_TYPE,unsigned int,signed char)" (?FDKaacEnc_QCMainPrepare@@YA?AW4AAC_ENCODER_ERROR@@PEAUELEMENT_INFO@@PEAUATS_ELEMENT@@PEAUPSY_OUT_ELEMENT@@PEAUQC_OUT_ELEMENT@@W4AUDIO_OBJECT_TYPE@@IC@Z)，函数 FDKaacEnc_EncodeFrame 中引用了该符号
fdk_psy.lib(aacenc.obj) : error LNK2019: 无法解析的外部符号 "enum AAC_ENCODER_ERROR __cdecl FDKaacEnc_QCMain(struct QC_STATE *,struct PSY_OUT * *,struct QC_OUT * *,int,struct CHANNEL_MAPPING *,enum AUDIO_OBJECT_TYPE,unsigned int,signed char)" (?FDKaacEnc_QCMain@@YA?AW4AAC_ENCODER_ERROR@@PEAUQC_STATE@@PEAPEAUPSY_OUT@@PEAPEAUQC_OUT@@HPEAUCHANNEL_MAPPING@@W4AUDIO_OBJECT_TYPE@@IC@Z)，函数 FDKaacEnc_EncodeFrame 中引用了该符号
fdk_psy.lib(aacenc.obj) : error LNK2019: 无法解析的外部符号 "enum AAC_ENCODER_ERROR __cdecl FDKaacEnc_updateFillBits(struct CHANNEL_MAPPING *,struct QC_STATE *,struct ELEMENT_BITS * * const,struct QC_OUT * *)" (?FDKaacEnc_updateFillBits@@YA?AW4AAC_ENCODER_ERROR@@PEAUCHANNEL_MAPPING@@PEAUQC_STATE@@QEAPEAUELEMENT_BITS@@PEAPEAUQC_OUT@@@Z)，函数 FDKaacEnc_EncodeFrame 中引用了该符号
fdk_psy.lib(aacenc.obj) : error LNK2019: 无法解析的外部符号 "void __cdecl FDKaacEnc_updateBitres(struct CHANNEL_MAPPING *,struct QC_STATE *,struct QC_OUT * *)" (?FDKaacEnc_updateBitres@@YAXPEAUCHANNEL_MAPPING@@PEAUQC_STATE@@PEAPEAUQC_OUT@@@Z)，函数 FDKaacEnc_EncodeFrame 中引用了该符号
fdk_psy.lib(aacenc.obj) : error LNK2019: 无法解析的外部符号 "enum AAC_ENCODER_ERROR __cdecl FDKaacEnc_FinalizeBitConsumption(struct CHANNEL_MAPPING *,struct QC_STATE *,struct QC_OUT *,struct QC_OUT_ELEMENT * *,struct TRANSPORTENC *,enum AUDIO_OBJECT_TYPE,unsigned int,signed char)" (?FDKaacEnc_FinalizeBitConsumption@@YA?AW4AAC_ENCODER_ERROR@@PEAUCHANNEL_MAPPING@@PEAUQC_STATE@@PEAUQC_OUT@@PEAPEAUQC_OUT_ELEMENT@@PEAUTRANSPORTENC@@W4AUDIO_OBJECT_TYPE@@IC@Z)，函数 FDKaacEnc_EncodeFrame 中引用了该符号
fdk_psy.lib(aacenc.obj) : error LNK2019: 无法解析的外部符号 "enum AAC_ENCODER_ERROR __cdecl FDKaacEnc_AdjustBitrate(struct QC_STATE *,struct CHANNEL_MAPPING *,int *,int,int,int)" (?FDKaacEnc_AdjustBitrate@@YA?AW4AAC_ENCODER_ERROR@@PEAUQC_STATE@@PEAUCHANNEL_MAPPING@@PEAHHHH@Z)，函数 FDKaacEnc_EncodeFrame 中引用了该符号
fdk_psy.lib(aacenc.obj) : error LNK2019: 无法解析的外部符号 "void __cdecl FDKaacEnc_QCClose(struct QC_STATE * *,struct QC_OUT * *)" (?FDKaacEnc_QCClose@@YAXPEAPEAUQC_STATE@@PEAPEAUQC_OUT@@@Z)，函数 FDKaacEnc_Close 中引用了该符号
fdk_psy.lib(aacenc_tns.obj) : error LNK2019: 无法解析的外部符号 __imp_frexp，函数 frexpf 中引用了该符号
C:\Users\lenovo\Desktop\final-3-mpegD_usac-ISO-IEC\final-mpegD_usac-ISO-IEC\mpegD_usac\usacEncDec\win32\usacEnc\bin\x64_Debug\usacEnc.exe : fatal error LNK1120: 17 个无法解析的外部命令
