cl : 命令行  warning D9035: “Gm”选项已否决，并将在将来的版本中移除
  scal_enc_frame.cpp
  sam_faencode.cpp
C:\Users\lenovo\Desktop\final-3-mpegD_usac-ISO-IEC\final-mpegD_usac-ISO-IEC\mpegD_usac\usacEncDec\src_tf_enc\sam_faencode.cpp(94,42): warning C4838: 从“unsigned int”转换到“long”需要收缩转换
  sam_encode_frame.cpp
  sam_encode_bsac.cpp
  sam_bit_buffer.cpp
  ntt_win_sw.cpp
  ntt_vq_coder.cpp
  ntt_tf_quantize_spectrum.cpp
  ntt_tf_proc_spectrum.cpp
  ntt_tf_perceptual_model.cpp
  ntt_scale_coder.cpp
  ntt_BitPack.cpp
  nok_pitch.cpp
  nok_ltp_enc.cpp
  enc_tf.cpp
C:\Users\lenovo\Desktop\final-3-mpegD_usac-ISO-IEC\final-mpegD_usac-ISO-IEC\mpegD_usac\usacEncDec\src_tf_enc\enc_tf.cpp(488,40): warning C4244: “参数”: 从“int”转换到“float”，可能丢失数据
C:\Users\lenovo\Desktop\final-3-mpegD_usac-ISO-IEC\final-mpegD_usac-ISO-IEC\mpegD_usac\usacEncDec\src_tf_enc\enc_tf.cpp(487,23): warning C4244: “参数”: 从“int”转换到“float”，可能丢失数据
C:\Users\lenovo\Desktop\final-3-mpegD_usac-ISO-IEC\final-mpegD_usac-ISO-IEC\mpegD_usac\usacEncDec\src_tf_enc\enc_tf.cpp(539,31): warning C4244: “=”: 从“float”转换到“int”，可能丢失数据
  bitmux.cpp
  aac_tools.cpp
  aac_qc.cpp
  正在生成代码...
  obj_tf_enc.vcxproj -> C:\Users\lenovo\Desktop\final-3-mpegD_usac-ISO-IEC\final-mpegD_usac-ISO-IEC\mpegD_usac\usacEncDec\win32\usacEnc\lib\x64_Debug\obj_tf_enc.lib
