c:\users\lenovo\desktop\final-3-mpegd_usac-iso-iec\final-mpegd_usac-iso-iec\mpegd_usac\usacencdec\win32\usacenc\obj_tf_enc\obj\x64_debug\obj_tf_enc\obj_tf_enc_vc11.pdb
c:\users\lenovo\desktop\final-3-mpegd_usac-iso-iec\final-mpegd_usac-iso-iec\mpegd_usac\usacencdec\win32\usacenc\obj_tf_enc\obj\x64_debug\obj_tf_enc\obj_tf_enc_vc11.idb
c:\users\lenovo\desktop\final-3-mpegd_usac-iso-iec\final-mpegd_usac-iso-iec\mpegd_usac\usacencdec\win32\usacenc\obj_tf_enc\obj\x64_debug\obj_tf_enc\psych.obj
c:\users\lenovo\desktop\final-3-mpegd_usac-iso-iec\final-mpegd_usac-iso-iec\mpegd_usac\usacencdec\win32\usacenc\obj_tf_enc\obj\x64_debug\obj_tf_enc\resilience.obj
c:\users\lenovo\desktop\final-3-mpegd_usac-iso-iec\final-mpegd_usac-iso-iec\mpegd_usac\usacencdec\win32\usacenc\obj_tf_enc\obj\x64_debug\obj_tf_enc\son_gc_common.obj
c:\users\lenovo\desktop\final-3-mpegd_usac-iso-iec\final-mpegd_usac-iso-iec\mpegd_usac\usacencdec\win32\usacenc\obj_tf_enc\obj\x64_debug\obj_tf_enc\son_gc_detecter.obj
c:\users\lenovo\desktop\final-3-mpegd_usac-iso-iec\final-mpegd_usac-iso-iec\mpegd_usac\usacencdec\win32\usacenc\obj_tf_enc\obj\x64_debug\obj_tf_enc\son_gc_detectreset.obj
c:\users\lenovo\desktop\final-3-mpegd_usac-iso-iec\final-mpegd_usac-iso-iec\mpegd_usac\usacencdec\win32\usacenc\obj_tf_enc\obj\x64_debug\obj_tf_enc\son_gc_etc_enc.obj
c:\users\lenovo\desktop\final-3-mpegd_usac-iso-iec\final-mpegd_usac-iso-iec\mpegd_usac\usacencdec\win32\usacenc\obj_tf_enc\obj\x64_debug\obj_tf_enc\son_gc_modifier.obj
c:\users\lenovo\desktop\final-3-mpegd_usac-iso-iec\final-mpegd_usac-iso-iec\mpegd_usac\usacencdec\win32\usacenc\obj_tf_enc\obj\x64_debug\obj_tf_enc\son_gc_pack.obj
c:\users\lenovo\desktop\final-3-mpegd_usac-iso-iec\final-mpegd_usac-iso-iec\mpegd_usac\usacencdec\win32\usacenc\obj_tf_enc\obj\x64_debug\obj_tf_enc\son_pqf.obj
c:\users\lenovo\desktop\final-3-mpegd_usac-iso-iec\final-mpegd_usac-iso-iec\mpegd_usac\usacencdec\win32\usacenc\obj_tf_enc\obj\x64_debug\obj_tf_enc\son_pqf_common.obj
c:\users\lenovo\desktop\final-3-mpegd_usac-iso-iec\final-mpegd_usac-iso-iec\mpegd_usac\usacencdec\win32\usacenc\obj_tf_enc\obj\x64_debug\obj_tf_enc\sony_pvcenc.obj
c:\users\lenovo\desktop\final-3-mpegd_usac-iso-iec\final-mpegd_usac-iso-iec\mpegd_usac\usacencdec\win32\usacenc\obj_tf_enc\obj\x64_debug\obj_tf_enc\sony_pvclib.obj
c:\users\lenovo\desktop\final-3-mpegd_usac-iso-iec\final-mpegd_usac-iso-iec\mpegd_usac\usacencdec\win32\usacenc\obj_tf_enc\obj\x64_debug\obj_tf_enc\statistics_dummy.obj
c:\users\lenovo\desktop\final-3-mpegd_usac-iso-iec\final-mpegd_usac-iso-iec\mpegd_usac\usacencdec\win32\usacenc\obj_tf_enc\obj\x64_debug\obj_tf_enc\tns3.obj
c:\users\lenovo\desktop\final-3-mpegd_usac-iso-iec\final-mpegd_usac-iso-iec\mpegd_usac\usacencdec\win32\usacenc\obj_tf_enc\obj\x64_debug\obj_tf_enc\transfo.obj
c:\users\lenovo\desktop\final-3-mpegd_usac-iso-iec\final-mpegd_usac-iso-iec\mpegd_usac\usacencdec\win32\usacenc\obj_tf_enc\obj\x64_debug\obj_tf_enc\ntt_scale_dec_bark_env.obj
c:\users\lenovo\desktop\final-3-mpegd_usac-iso-iec\final-mpegd_usac-iso-iec\mpegd_usac\usacencdec\win32\usacenc\obj_tf_enc\obj\x64_debug\obj_tf_enc\ntt_scale_init.obj
c:\users\lenovo\desktop\final-3-mpegd_usac-iso-iec\final-mpegd_usac-iso-iec\mpegd_usac\usacencdec\win32\usacenc\obj_tf_enc\obj\x64_debug\obj_tf_enc\ntt_scale_tf_proc_spectrum_d.obj
c:\users\lenovo\desktop\final-3-mpegd_usac-iso-iec\final-mpegd_usac-iso-iec\mpegd_usac\usacencdec\win32\usacenc\obj_tf_enc\obj\x64_debug\obj_tf_enc\ntt_scale_vq_coder.obj
c:\users\lenovo\desktop\final-3-mpegd_usac-iso-iec\final-mpegd_usac-iso-iec\mpegd_usac\usacencdec\win32\usacenc\obj_tf_enc\obj\x64_debug\obj_tf_enc\ntt_scale_vq_decoder.obj
c:\users\lenovo\desktop\final-3-mpegd_usac-iso-iec\final-mpegd_usac-iso-iec\mpegd_usac\usacencdec\win32\usacenc\obj_tf_enc\obj\x64_debug\obj_tf_enc\ntt_set_isp.obj
c:\users\lenovo\desktop\final-3-mpegd_usac-iso-iec\final-mpegd_usac-iso-iec\mpegd_usac\usacencdec\win32\usacenc\obj_tf_enc\obj\x64_debug\obj_tf_enc\ntt_tf_proc_spectrum_d.obj
c:\users\lenovo\desktop\final-3-mpegd_usac-iso-iec\final-mpegd_usac-iso-iec\mpegd_usac\usacencdec\win32\usacenc\obj_tf_enc\obj\x64_debug\obj_tf_enc\ntt_tf_requantize_spectrum.obj
c:\users\lenovo\desktop\final-3-mpegd_usac-iso-iec\final-mpegd_usac-iso-iec\mpegd_usac\usacencdec\win32\usacenc\obj_tf_enc\obj\x64_debug\obj_tf_enc\ntt_tfinit.obj
c:\users\lenovo\desktop\final-3-mpegd_usac-iso-iec\final-mpegd_usac-iso-iec\mpegd_usac\usacencdec\win32\usacenc\obj_tf_enc\obj\x64_debug\obj_tf_enc\ntt_tools.obj
c:\users\lenovo\desktop\final-3-mpegd_usac-iso-iec\final-mpegd_usac-iso-iec\mpegd_usac\usacencdec\win32\usacenc\obj_tf_enc\obj\x64_debug\obj_tf_enc\ntt_vec_lenp.obj
c:\users\lenovo\desktop\final-3-mpegd_usac-iso-iec\final-mpegd_usac-iso-iec\mpegd_usac\usacencdec\win32\usacenc\obj_tf_enc\obj\x64_debug\obj_tf_enc\ntt_vex_pn.obj
c:\users\lenovo\desktop\final-3-mpegd_usac-iso-iec\final-mpegd_usac-iso-iec\mpegd_usac\usacencdec\win32\usacenc\obj_tf_enc\obj\x64_debug\obj_tf_enc\ntt_vq_decoder.obj
c:\users\lenovo\desktop\final-3-mpegd_usac-iso-iec\final-mpegd_usac-iso-iec\mpegd_usac\usacencdec\win32\usacenc\obj_tf_enc\obj\x64_debug\obj_tf_enc\ntt_zerod.obj
c:\users\lenovo\desktop\final-3-mpegd_usac-iso-iec\final-mpegd_usac-iso-iec\mpegd_usac\usacencdec\win32\usacenc\obj_tf_enc\obj\x64_debug\obj_tf_enc\ntt_check.obj
c:\users\lenovo\desktop\final-3-mpegd_usac-iso-iec\final-mpegd_usac-iso-iec\mpegd_usac\usacencdec\win32\usacenc\obj_tf_enc\obj\x64_debug\obj_tf_enc\ntt_cnst_chk.obj
c:\users\lenovo\desktop\final-3-mpegd_usac-iso-iec\final-mpegd_usac-iso-iec\mpegd_usac\usacencdec\win32\usacenc\obj_tf_enc\obj\x64_debug\obj_tf_enc\ntt_dec_bark_env.obj
c:\users\lenovo\desktop\final-3-mpegd_usac-iso-iec\final-mpegd_usac-iso-iec\mpegd_usac\usacencdec\win32\usacenc\obj_tf_enc\obj\x64_debug\obj_tf_enc\ntt_dec_gain.obj
c:\users\lenovo\desktop\final-3-mpegd_usac-iso-iec\final-mpegd_usac-iso-iec\mpegd_usac\usacencdec\win32\usacenc\obj_tf_enc\obj\x64_debug\obj_tf_enc\ntt_dec_lpc_spectrum_inv.obj
c:\users\lenovo\desktop\final-3-mpegd_usac-iso-iec\final-mpegd_usac-iso-iec\mpegd_usac\usacencdec\win32\usacenc\obj_tf_enc\obj\x64_debug\obj_tf_enc\ntt_dec_pgain.obj
c:\users\lenovo\desktop\final-3-mpegd_usac-iso-iec\final-mpegd_usac-iso-iec\mpegd_usac\usacencdec\win32\usacenc\obj_tf_enc\obj\x64_debug\obj_tf_enc\ntt_dec_pit_seq.obj
c:\users\lenovo\desktop\final-3-mpegd_usac-iso-iec\final-mpegd_usac-iso-iec\mpegd_usac\usacencdec\win32\usacenc\obj_tf_enc\obj\x64_debug\obj_tf_enc\ntt_dec_pitch.obj
c:\users\lenovo\desktop\final-3-mpegd_usac-iso-iec\final-mpegd_usac-iso-iec\mpegd_usac\usacencdec\win32\usacenc\obj_tf_enc\obj\x64_debug\obj_tf_enc\ntt_dec_sq_gain.obj
c:\users\lenovo\desktop\final-3-mpegd_usac-iso-iec\final-mpegd_usac-iso-iec\mpegd_usac\usacencdec\win32\usacenc\obj_tf_enc\obj\x64_debug\obj_tf_enc\ntt_denormalizer_spectrum.obj
c:\users\lenovo\desktop\final-3-mpegd_usac-iso-iec\final-mpegd_usac-iso-iec\mpegd_usac\usacencdec\win32\usacenc\obj_tf_enc\obj\x64_debug\obj_tf_enc\ntt_extend_pitch.obj
c:\users\lenovo\desktop\final-3-mpegd_usac-iso-iec\final-mpegd_usac-iso-iec\mpegd_usac\usacencdec\win32\usacenc\obj_tf_enc\obj\x64_debug\obj_tf_enc\ntt_fwex.obj
c:\users\lenovo\desktop\final-3-mpegd_usac-iso-iec\final-mpegd_usac-iso-iec\mpegd_usac\usacencdec\win32\usacenc\obj_tf_enc\obj\x64_debug\obj_tf_enc\ntt_get_cdbk.obj
c:\users\lenovo\desktop\final-3-mpegd_usac-iso-iec\final-mpegd_usac-iso-iec\mpegd_usac\usacencdec\win32\usacenc\obj_tf_enc\obj\x64_debug\obj_tf_enc\ntt_get_code.obj
c:\users\lenovo\desktop\final-3-mpegd_usac-iso-iec\final-mpegd_usac-iso-iec\mpegd_usac\usacencdec\win32\usacenc\obj_tf_enc\obj\x64_debug\obj_tf_enc\ntt_lsp_decw.obj
c:\users\lenovo\desktop\final-3-mpegd_usac-iso-iec\final-mpegd_usac-iso-iec\mpegd_usac\usacencdec\win32\usacenc\obj_tf_enc\obj\x64_debug\obj_tf_enc\ntt_lsptowt_int.obj
c:\users\lenovo\desktop\final-3-mpegd_usac-iso-iec\final-mpegd_usac-iso-iec\mpegd_usac\usacencdec\win32\usacenc\obj_tf_enc\obj\x64_debug\obj_tf_enc\ntt_movdd.obj
c:\users\lenovo\desktop\final-3-mpegd_usac-iso-iec\final-mpegd_usac-iso-iec\mpegd_usac\usacencdec\win32\usacenc\obj_tf_enc\obj\x64_debug\obj_tf_enc\ntt_mulawinv.obj
c:\users\lenovo\desktop\final-3-mpegd_usac-iso-iec\final-mpegd_usac-iso-iec\mpegd_usac\usacencdec\win32\usacenc\obj_tf_enc\obj\x64_debug\obj_tf_enc\ntt_post_process.obj
c:\users\lenovo\desktop\final-3-mpegd_usac-iso-iec\final-mpegd_usac-iso-iec\mpegd_usac\usacencdec\win32\usacenc\obj_tf_enc\obj\x64_debug\obj_tf_enc\ntt_redec.obj
c:\users\lenovo\desktop\final-3-mpegd_usac-iso-iec\final-mpegd_usac-iso-iec\mpegd_usac\usacencdec\win32\usacenc\obj_tf_enc\obj\x64_debug\obj_tf_enc\ct_freqsca.obj
c:\users\lenovo\desktop\final-3-mpegd_usac-iso-iec\final-mpegd_usac-iso-iec\mpegd_usac\usacencdec\win32\usacenc\obj_tf_enc\obj\x64_debug\obj_tf_enc\ct_polyphase_enc.obj
c:\users\lenovo\desktop\final-3-mpegd_usac-iso-iec\final-mpegd_usac-iso-iec\mpegd_usac\usacencdec\win32\usacenc\obj_tf_enc\obj\x64_debug\obj_tf_enc\ct_sbr.obj
c:\users\lenovo\desktop\final-3-mpegd_usac-iso-iec\final-mpegd_usac-iso-iec\mpegd_usac\usacencdec\win32\usacenc\obj_tf_enc\obj\x64_debug\obj_tf_enc\decdata.obj
c:\users\lenovo\desktop\final-3-mpegd_usac-iso-iec\final-mpegd_usac-iso-iec\mpegd_usac\usacencdec\win32\usacenc\obj_tf_enc\obj\x64_debug\obj_tf_enc\imdct.obj
c:\users\lenovo\desktop\final-3-mpegd_usac-iso-iec\final-mpegd_usac-iso-iec\mpegd_usac\usacencdec\win32\usacenc\obj_tf_enc\obj\x64_debug\obj_tf_enc\mat_scale_set_shift_para.obj
c:\users\lenovo\desktop\final-3-mpegd_usac-iso-iec\final-mpegd_usac-iso-iec\mpegd_usac\usacencdec\win32\usacenc\obj_tf_enc\obj\x64_debug\obj_tf_enc\mat_scale_tf_requantize_spectrum.obj
c:\users\lenovo\desktop\final-3-mpegd_usac-iso-iec\final-mpegd_usac-iso-iec\mpegd_usac\usacencdec\win32\usacenc\obj_tf_enc\obj\x64_debug\obj_tf_enc\ms.obj
c:\users\lenovo\desktop\final-3-mpegd_usac-iso-iec\final-mpegd_usac-iso-iec\mpegd_usac\usacencdec\win32\usacenc\obj_tf_enc\obj\x64_debug\obj_tf_enc\nok_bwp_enc.obj
c:\users\lenovo\desktop\final-3-mpegd_usac-iso-iec\final-mpegd_usac-iso-iec\mpegd_usac\usacencdec\win32\usacenc\obj_tf_enc\obj\x64_debug\obj_tf_enc\obj_tf_enc.vcxproj.filelistabsolute.txt
c:\users\lenovo\desktop\final-3-mpegd_usac-iso-iec\final-mpegd_usac-iso-iec\mpegd_usac\usacencdec\win32\usacenc\obj_tf_enc\obj\x64_debug\obj_tf_enc\obj_tf_enc.tlog\cl.command.1.tlog
c:\users\lenovo\desktop\final-3-mpegd_usac-iso-iec\final-mpegd_usac-iso-iec\mpegd_usac\usacencdec\win32\usacenc\obj_tf_enc\obj\x64_debug\obj_tf_enc\obj_tf_enc.tlog\cl.read.1.tlog
c:\users\lenovo\desktop\final-3-mpegd_usac-iso-iec\final-mpegd_usac-iso-iec\mpegd_usac\usacencdec\win32\usacenc\obj_tf_enc\obj\x64_debug\obj_tf_enc\obj_tf_enc.tlog\cl.write.1.tlog
