cl : 命令行  warning D9035: “Gm”选项已否决，并将在将来的版本中移除
  phi_xits.c
  phi_priv.c
  phi_post.c
  phi_lsfr.c
  phi_lpc.c
  phi_gxit.c
  phi_fbit.c
  pan_stab.c
  pan_sort.c
  pan_mv_data.c
  pan_lspqtz2_dd.c
  pan_lspdec.c
  pan_lsp_intp.c
  nec_vad.c
  nec_qrms_dec.c
C:\Users\86136\Desktop\exe\ISO-IEC-USAC\mpegD_usac\usacEncDec\src_lpc\nec_qrms_dec.c(63,15): warning C4244: “=”: 从“double”转换到“float”，可能丢失数据
C:\Users\86136\Desktop\exe\ISO-IEC-USAC\mpegD_usac\usacEncDec\src_lpc\nec_qrms_dec.c(64,13): warning C4244: “=”: 从“double”转换到“float”，可能丢失数据
C:\Users\86136\Desktop\exe\ISO-IEC-USAC\mpegD_usac\usacEncDec\src_lpc\nec_qrms_dec.c(67,13): warning C4244: “=”: 从“double”转换到“float”，可能丢失数据
C:\Users\86136\Desktop\exe\ISO-IEC-USAC\mpegD_usac\usacEncDec\src_lpc\nec_qrms_dec.c(72,22): warning C4244: “=”: 从“double”转换到“float”，可能丢失数据
  nec_exc_mp_dec.c
  nec_exc_mp_config.c
  nec_exc_module.c
  nec_exc_gain_dec.c
C:\Users\86136\Desktop\exe\ISO-IEC-USAC\mpegD_usac\usacEncDec\src_lpc\nec_exc_gain_dec.c(99,30): warning C4244: “=”: 从“double”转换到“float”，可能丢失数据
C:\Users\86136\Desktop\exe\ISO-IEC-USAC\mpegD_usac\usacEncDec\src_lpc\nec_exc_gain_dec.c(112,21): warning C4244: “=”: 从“double”转换到“float”，可能丢失数据
C:\Users\86136\Desktop\exe\ISO-IEC-USAC\mpegD_usac\usacEncDec\src_lpc\nec_exc_gain_dec.c(118,21): warning C4244: “=”: 从“double”转换到“float”，可能丢失数据
  nec_exc_acb_dec.c
C:\Users\86136\Desktop\exe\ISO-IEC-USAC\mpegD_usac\usacEncDec\src_lpc\nec_exc_acb_dec.c(140,17): warning C4244: “=”: 从“double”转换到“float”，可能丢失数据
C:\Users\86136\Desktop\exe\ISO-IEC-USAC\mpegD_usac\usacEncDec\src_lpc\nec_exc_acb_dec.c(143,32): warning C4244: “=”: 从“double”转换到“float”，可能丢失数据
C:\Users\86136\Desktop\exe\ISO-IEC-USAC\mpegD_usac\usacEncDec\src_lpc\nec_exc_acb_dec.c(144,22): warning C4244: “=”: 从“double”转换到“float”，可能丢失数据
  正在生成代码...
  正在编译...
  nec_enh_mp_dec.c
  nec_enh_gain_dec.c
C:\Users\86136\Desktop\exe\ISO-IEC-USAC\mpegD_usac\usacEncDec\src_lpc\nec_enh_gain_dec.c(78,30): warning C4244: “=”: 从“double”转换到“float”，可能丢失数据
C:\Users\86136\Desktop\exe\ISO-IEC-USAC\mpegD_usac\usacEncDec\src_lpc\nec_enh_gain_dec.c(89,21): warning C4244: “=”: 从“double”转换到“float”，可能丢失数据
  nec_cng_module.c
  nec_cng_lspvq.c
  nec_cng_dec.c
C:\Users\86136\Desktop\exe\ISO-IEC-USAC\mpegD_usac\usacEncDec\src_lpc\nec_cng_dec.c(149,13): warning C4244: “函数”: 从“long”转换到“short”，可能丢失数据
C:\Users\86136\Desktop\exe\ISO-IEC-USAC\mpegD_usac\usacEncDec\src_lpc\nec_cng_dec.c(150,31): warning C4244: “函数”: 从“double”转换到“float”，可能丢失数据
C:\Users\86136\Desktop\exe\ISO-IEC-USAC\mpegD_usac\usacEncDec\src_lpc\nec_cng_dec.c(151,13): warning C4244: “函数”: 从“long”转换到“short”，可能丢失数据
C:\Users\86136\Desktop\exe\ISO-IEC-USAC\mpegD_usac\usacEncDec\src_lpc\nec_cng_dec.c(246,18): warning C4244: “函数”: 从“long”转换到“short”，可能丢失数据
C:\Users\86136\Desktop\exe\ISO-IEC-USAC\mpegD_usac\usacEncDec\src_lpc\nec_cng_dec.c(246,47): warning C4244: “函数”: 从“double”转换到“float”，可能丢失数据
C:\Users\86136\Desktop\exe\ISO-IEC-USAC\mpegD_usac\usacEncDec\src_lpc\nec_cng_dec.c(247,9): warning C4244: “函数”: 从“long”转换到“short”，可能丢失数据
  nec_bws_qrms_dec.c
  nec_bws_qlsp_dec.c
C:\Users\86136\Desktop\exe\ISO-IEC-USAC\mpegD_usac\usacEncDec\src_lpc\nec_bws_qlsp_dec.c(146,15): warning C4244: “=”: 从“double”转换到“float”，可能丢失数据
C:\Users\86136\Desktop\exe\ISO-IEC-USAC\mpegD_usac\usacEncDec\src_lpc\nec_bws_qlsp_dec.c(153,23): warning C4244: “=”: 从“double”转换到“float”，可能丢失数据
C:\Users\86136\Desktop\exe\ISO-IEC-USAC\mpegD_usac\usacEncDec\src_lpc\nec_bws_qlsp_dec.c(154,24): warning C4244: “=”: 从“double”转换到“float”，可能丢失数据
C:\Users\86136\Desktop\exe\ISO-IEC-USAC\mpegD_usac\usacEncDec\src_lpc\nec_bws_qlsp_dec.c(155,26): warning C4244: “=”: 从“double”转换到“float”，可能丢失数据
  nec_bws_mp_dec.c
  nec_bws_module.c
  nec_bws_gain_dec.c
C:\Users\86136\Desktop\exe\ISO-IEC-USAC\mpegD_usac\usacEncDec\src_lpc\nec_bws_gain_dec.c(100,30): warning C4244: “=”: 从“double”转换到“float”，可能丢失数据
C:\Users\86136\Desktop\exe\ISO-IEC-USAC\mpegD_usac\usacEncDec\src_lpc\nec_bws_gain_dec.c(116,21): warning C4244: “=”: 从“double”转换到“float”，可能丢失数据
C:\Users\86136\Desktop\exe\ISO-IEC-USAC\mpegD_usac\usacEncDec\src_lpc\nec_bws_gain_dec.c(122,21): warning C4244: “=”: 从“double”转换到“float”，可能丢失数据
  nec_bws_exc_generation.c
  nec_bws_acb_dec.c
C:\Users\86136\Desktop\exe\ISO-IEC-USAC\mpegD_usac\usacEncDec\src_lpc\nec_bws_acb_dec.c(120,17): warning C4244: “=”: 从“double”转换到“float”，可能丢失数据
C:\Users\86136\Desktop\exe\ISO-IEC-USAC\mpegD_usac\usacEncDec\src_lpc\nec_bws_acb_dec.c(123,32): warning C4244: “=”: 从“double”转换到“float”，可能丢失数据
C:\Users\86136\Desktop\exe\ISO-IEC-USAC\mpegD_usac\usacEncDec\src_lpc\nec_bws_acb_dec.c(124,22): warning C4244: “=”: 从“double”转换到“float”，可能丢失数据
  nec_abs_exc_generation.c
  nb_celp_dec.c
  dec_lpc.c
  celp_decoder.c
C:\Users\86136\Desktop\exe\ISO-IEC-USAC\mpegD_usac\usacEncDec\src_lpc\celp_decoder.c(1389,59): warning C4244: “=”: 从“double”转换到“float”，可能丢失数据
C:\Users\86136\Desktop\exe\ISO-IEC-USAC\mpegD_usac\usacEncDec\src_lpc\celp_decoder.c(1477,23): warning C4244: “=”: 从“unsigned long”转换到“short”，可能丢失数据
C:\Users\86136\Desktop\exe\ISO-IEC-USAC\mpegD_usac\usacEncDec\src_lpc\celp_decoder.c(1596,19): warning C4244: “=”: 从“unsigned long”转换到“short”，可能丢失数据
C:\Users\86136\Desktop\exe\ISO-IEC-USAC\mpegD_usac\usacEncDec\src_lpc\celp_decoder.c(1650,14): warning C4244: “=”: 从“unsigned long”转换到“short”，可能丢失数据
C:\Users\86136\Desktop\exe\ISO-IEC-USAC\mpegD_usac\usacEncDec\src_lpc\celp_decoder.c(2128,21): warning C4244: “=”: 从“double”转换到“float”，可能丢失数据
  celp_bitstream_demux.c
  att_testbound.c
  att_pc2lsf.c
  att_lsf2pc.c
  正在生成代码...
  正在编译...
  att_iirfilt.c
  att_firfilt.c
  att_bwx.c
  att_abs_postp.c
C:\Users\86136\Desktop\exe\ISO-IEC-USAC\mpegD_usac\usacEncDec\src_lpc\att_abs_postp.c(109,24): warning C4244: “=”: 从“double”转换到“float”，可能丢失数据
C:\Users\86136\Desktop\exe\ISO-IEC-USAC\mpegD_usac\usacEncDec\src_lpc\att_abs_postp.c(110,27): warning C4244: “=”: 从“double”转换到“float”，可能丢失数据
C:\Users\86136\Desktop\exe\ISO-IEC-USAC\mpegD_usac\usacEncDec\src_lpc\att_abs_postp.c(125,16): warning C4244: “=”: 从“double”转换到“float”，可能丢失数据
C:\Users\86136\Desktop\exe\ISO-IEC-USAC\mpegD_usac\usacEncDec\src_lpc\att_abs_postp.c(131,37): warning C4244: “=”: 从“double”转换到“float”，可能丢失数据
  正在生成代码...
  objs_dec_lpc.vcxproj -> C:\Users\86136\Desktop\exe\ISO-IEC-USAC\mpegD_usac\usacEncDec\win32\usacDec\lib\x64_Debug\objs_dec_lpc.lib
