cl : 命令行  warning D9035: “Gm”选项已否决，并将在将来的版本中移除
  SSC_fft.c
C:\Users\86136\Desktop\exe\ISO-IEC-USAC\mpegD_usac\usacEncDec\src_ssc\import\PlatformTypes.h(1,1): warning C4819: 该文件包含不能在当前代码页(936)中表示的字符。请将该文件保存为 Unicode 格式以防止数据丢失
  (编译源文件“../../src_ssc/import/SSC_fft.c”)
  
C:\Users\86136\Desktop\exe\ISO-IEC-USAC\mpegD_usac\usacEncDec\src_ssc\import\SSC_Alloc.h(1,1): warning C4819: 该文件包含不能在当前代码页(936)中表示的字符。请将该文件保存为 Unicode 格式以防止数据丢失
  (编译源文件“../../src_ssc/import/SSC_fft.c”)
  
C:\Users\86136\Desktop\exe\ISO-IEC-USAC\mpegD_usac\usacEncDec\src_ssc\import\SSC_fft.h(1,1): warning C4819: 该文件包含不能在当前代码页(936)中表示的字符。请将该文件保存为 Unicode 格式以防止数据丢失
  (编译源文件“../../src_ssc/import/SSC_fft.c”)
  
  hufNoiRelNdgE.c
C:\Users\86136\Desktop\exe\ISO-IEC-USAC\mpegD_usac\usacEncDec\src_ssc\import\HuffmanDecoder.h(1,1): warning C4819: 该文件包含不能在当前代码页(936)中表示的字符。请将该文件保存为 Unicode 格式以防止数据丢失
  (编译源文件“../../src_ssc/import/hufNoiRelNdgE.c”)
  
C:\Users\86136\Desktop\exe\ISO-IEC-USAC\mpegD_usac\usacEncDec\src_ssc\import\PlatformTypes.h(1,1): warning C4819: 该文件包含不能在当前代码页(936)中表示的字符。请将该文件保存为 Unicode 格式以防止数据丢失
  (编译源文件“../../src_ssc/import/hufNoiRelNdgE.c”)
  
  hufNoiRelLsfE.c
C:\Users\86136\Desktop\exe\ISO-IEC-USAC\mpegD_usac\usacEncDec\src_ssc\import\HuffmanDecoder.h(1,1): warning C4819: 该文件包含不能在当前代码页(936)中表示的字符。请将该文件保存为 Unicode 格式以防止数据丢失
  (编译源文件“../../src_ssc/import/hufNoiRelLsfE.c”)
  
C:\Users\86136\Desktop\exe\ISO-IEC-USAC\mpegD_usac\usacEncDec\src_ssc\import\PlatformTypes.h(1,1): warning C4819: 该文件包含不能在当前代码页(936)中表示的字符。请将该文件保存为 Unicode 格式以防止数据丢失
  (编译源文件“../../src_ssc/import/hufNoiRelLsfE.c”)
  
  hufNoiRelLag.c
C:\Users\86136\Desktop\exe\ISO-IEC-USAC\mpegD_usac\usacEncDec\src_ssc\import\HuffmanDecoder.h(1,1): warning C4819: 该文件包含不能在当前代码页(936)中表示的字符。请将该文件保存为 Unicode 格式以防止数据丢失
  (编译源文件“../../src_ssc/import/hufNoiRelLag.c”)
  
C:\Users\86136\Desktop\exe\ISO-IEC-USAC\mpegD_usac\usacEncDec\src_ssc\import\PlatformTypes.h(1,1): warning C4819: 该文件包含不能在当前代码页(936)中表示的字符。请将该文件保存为 Unicode 格式以防止数据丢失
  (编译源文件“../../src_ssc/import/hufNoiRelLag.c”)
  
  hufFreqSinAbs.c
C:\Users\86136\Desktop\exe\ISO-IEC-USAC\mpegD_usac\usacEncDec\src_ssc\import\HuffmanDecoder.h(1,1): warning C4819: 该文件包含不能在当前代码页(936)中表示的字符。请将该文件保存为 Unicode 格式以防止数据丢失
  (编译源文件“../../src_ssc/import/hufFreqSinAbs.c”)
  
C:\Users\86136\Desktop\exe\ISO-IEC-USAC\mpegD_usac\usacEncDec\src_ssc\import\PlatformTypes.h(1,1): warning C4819: 该文件包含不能在当前代码页(936)中表示的字符。请将该文件保存为 Unicode 格式以防止数据丢失
  (编译源文件“../../src_ssc/import/hufFreqSinAbs.c”)
  
  hufFreqContRel_3.c
C:\Users\86136\Desktop\exe\ISO-IEC-USAC\mpegD_usac\usacEncDec\src_ssc\import\HuffmanDecoder.h(1,1): warning C4819: 该文件包含不能在当前代码页(936)中表示的字符。请将该文件保存为 Unicode 格式以防止数据丢失
  (编译源文件“../../src_ssc/import/hufFreqContRel_3.c”)
  
C:\Users\86136\Desktop\exe\ISO-IEC-USAC\mpegD_usac\usacEncDec\src_ssc\import\PlatformTypes.h(1,1): warning C4819: 该文件包含不能在当前代码页(936)中表示的字符。请将该文件保存为 Unicode 格式以防止数据丢失
  (编译源文件“../../src_ssc/import/hufFreqContRel_3.c”)
  
  hufFreqContRel_2.c
C:\Users\86136\Desktop\exe\ISO-IEC-USAC\mpegD_usac\usacEncDec\src_ssc\import\HuffmanDecoder.h(1,1): warning C4819: 该文件包含不能在当前代码页(936)中表示的字符。请将该文件保存为 Unicode 格式以防止数据丢失
  (编译源文件“../../src_ssc/import/hufFreqContRel_2.c”)
  
C:\Users\86136\Desktop\exe\ISO-IEC-USAC\mpegD_usac\usacEncDec\src_ssc\import\PlatformTypes.h(1,1): warning C4819: 该文件包含不能在当前代码页(936)中表示的字符。请将该文件保存为 Unicode 格式以防止数据丢失
  (编译源文件“../../src_ssc/import/hufFreqContRel_2.c”)
  
  hufFreqContRel_1.c
C:\Users\86136\Desktop\exe\ISO-IEC-USAC\mpegD_usac\usacEncDec\src_ssc\import\HuffmanDecoder.h(1,1): warning C4819: 该文件包含不能在当前代码页(936)中表示的字符。请将该文件保存为 Unicode 格式以防止数据丢失
  (编译源文件“../../src_ssc/import/hufFreqContRel_1.c”)
  
C:\Users\86136\Desktop\exe\ISO-IEC-USAC\mpegD_usac\usacEncDec\src_ssc\import\PlatformTypes.h(1,1): warning C4819: 该文件包含不能在当前代码页(936)中表示的字符。请将该文件保存为 Unicode 格式以防止数据丢失
  (编译源文件“../../src_ssc/import/hufFreqContRel_1.c”)
  
  hufFreqContRel_0.c
C:\Users\86136\Desktop\exe\ISO-IEC-USAC\mpegD_usac\usacEncDec\src_ssc\import\HuffmanDecoder.h(1,1): warning C4819: 该文件包含不能在当前代码页(936)中表示的字符。请将该文件保存为 Unicode 格式以防止数据丢失
  (编译源文件“../../src_ssc/import/hufFreqContRel_0.c”)
  
C:\Users\86136\Desktop\exe\ISO-IEC-USAC\mpegD_usac\usacEncDec\src_ssc\import\PlatformTypes.h(1,1): warning C4819: 该文件包含不能在当前代码页(936)中表示的字符。请将该文件保存为 Unicode 格式以防止数据丢失
  (编译源文件“../../src_ssc/import/hufFreqContRel_0.c”)
  
  hufFreqContAbs.c
C:\Users\86136\Desktop\exe\ISO-IEC-USAC\mpegD_usac\usacEncDec\src_ssc\import\HuffmanDecoder.h(1,1): warning C4819: 该文件包含不能在当前代码页(936)中表示的字符。请将该文件保存为 Unicode 格式以防止数据丢失
  (编译源文件“../../src_ssc/import/hufFreqContAbs.c”)
  
C:\Users\86136\Desktop\exe\ISO-IEC-USAC\mpegD_usac\usacEncDec\src_ssc\import\PlatformTypes.h(1,1): warning C4819: 该文件包含不能在当前代码页(936)中表示的字符。请将该文件保存为 Unicode 格式以防止数据丢失
  (编译源文件“../../src_ssc/import/hufFreqContAbs.c”)
  
  hufFreqBirthRel.c
C:\Users\86136\Desktop\exe\ISO-IEC-USAC\mpegD_usac\usacEncDec\src_ssc\import\HuffmanDecoder.h(1,1): warning C4819: 该文件包含不能在当前代码页(936)中表示的字符。请将该文件保存为 Unicode 格式以防止数据丢失
  (编译源文件“../../src_ssc/import/hufFreqBirthRel.c”)
  
C:\Users\86136\Desktop\exe\ISO-IEC-USAC\mpegD_usac\usacEncDec\src_ssc\import\PlatformTypes.h(1,1): warning C4819: 该文件包含不能在当前代码页(936)中表示的字符。请将该文件保存为 Unicode 格式以防止数据丢失
  (编译源文件“../../src_ssc/import/hufFreqBirthRel.c”)
  
  hufFineRhoGlobal.c
C:\Users\86136\Desktop\exe\ISO-IEC-USAC\mpegD_usac\usacEncDec\src_ssc\import\HuffmanDecoder.h(1,1): warning C4819: 该文件包含不能在当前代码页(936)中表示的字符。请将该文件保存为 Unicode 格式以防止数据丢失
  (编译源文件“../../src_ssc/import/hufFineRhoGlobal.c”)
  
C:\Users\86136\Desktop\exe\ISO-IEC-USAC\mpegD_usac\usacEncDec\src_ssc\import\PlatformTypes.h(1,1): warning C4819: 该文件包含不能在当前代码页(936)中表示的字符。请将该文件保存为 Unicode 格式以防止数据丢失
  (编译源文件“../../src_ssc/import/hufFineRhoGlobal.c”)
  
  hufFineRho.c
C:\Users\86136\Desktop\exe\ISO-IEC-USAC\mpegD_usac\usacEncDec\src_ssc\import\HuffmanDecoder.h(1,1): warning C4819: 该文件包含不能在当前代码页(936)中表示的字符。请将该文件保存为 Unicode 格式以防止数据丢失
  (编译源文件“../../src_ssc/import/hufFineRho.c”)
  
C:\Users\86136\Desktop\exe\ISO-IEC-USAC\mpegD_usac\usacEncDec\src_ssc\import\PlatformTypes.h(1,1): warning C4819: 该文件包含不能在当前代码页(936)中表示的字符。请将该文件保存为 Unicode 格式以防止数据丢失
  (编译源文件“../../src_ssc/import/hufFineRho.c”)
  
  hufFineItd.c
C:\Users\86136\Desktop\exe\ISO-IEC-USAC\mpegD_usac\usacEncDec\src_ssc\import\HuffmanDecoder.h(1,1): warning C4819: 该文件包含不能在当前代码页(936)中表示的字符。请将该文件保存为 Unicode 格式以防止数据丢失
  (编译源文件“../../src_ssc/import/hufFineItd.c”)
  
C:\Users\86136\Desktop\exe\ISO-IEC-USAC\mpegD_usac\usacEncDec\src_ssc\import\PlatformTypes.h(1,1): warning C4819: 该文件包含不能在当前代码页(936)中表示的字符。请将该文件保存为 Unicode 格式以防止数据丢失
  (编译源文件“../../src_ssc/import/hufFineItd.c”)
  
  hufFineIid.c
C:\Users\86136\Desktop\exe\ISO-IEC-USAC\mpegD_usac\usacEncDec\src_ssc\import\HuffmanDecoder.h(1,1): warning C4819: 该文件包含不能在当前代码页(936)中表示的字符。请将该文件保存为 Unicode 格式以防止数据丢失
  (编译源文件“../../src_ssc/import/hufFineIid.c”)
  
C:\Users\86136\Desktop\exe\ISO-IEC-USAC\mpegD_usac\usacEncDec\src_ssc\import\PlatformTypes.h(1,1): warning C4819: 该文件包含不能在当前代码页(936)中表示的字符。请将该文件保存为 Unicode 格式以防止数据丢失
  (编译源文件“../../src_ssc/import/hufFineIid.c”)
  
  hufCoarseRhoGlobal.c
C:\Users\86136\Desktop\exe\ISO-IEC-USAC\mpegD_usac\usacEncDec\src_ssc\import\HuffmanDecoder.h(1,1): warning C4819: 该文件包含不能在当前代码页(936)中表示的字符。请将该文件保存为 Unicode 格式以防止数据丢失
  (编译源文件“../../src_ssc/import/hufCoarseRhoGlobal.c”)
  
C:\Users\86136\Desktop\exe\ISO-IEC-USAC\mpegD_usac\usacEncDec\src_ssc\import\PlatformTypes.h(1,1): warning C4819: 该文件包含不能在当前代码页(936)中表示的字符。请将该文件保存为 Unicode 格式以防止数据丢失
  (编译源文件“../../src_ssc/import/hufCoarseRhoGlobal.c”)
  
  hufCoarseRho.c
C:\Users\86136\Desktop\exe\ISO-IEC-USAC\mpegD_usac\usacEncDec\src_ssc\import\HuffmanDecoder.h(1,1): warning C4819: 该文件包含不能在当前代码页(936)中表示的字符。请将该文件保存为 Unicode 格式以防止数据丢失
  (编译源文件“../../src_ssc/import/hufCoarseRho.c”)
  
C:\Users\86136\Desktop\exe\ISO-IEC-USAC\mpegD_usac\usacEncDec\src_ssc\import\PlatformTypes.h(1,1): warning C4819: 该文件包含不能在当前代码页(936)中表示的字符。请将该文件保存为 Unicode 格式以防止数据丢失
  (编译源文件“../../src_ssc/import/hufCoarseRho.c”)
  
  hufCoarseItd.c
C:\Users\86136\Desktop\exe\ISO-IEC-USAC\mpegD_usac\usacEncDec\src_ssc\import\HuffmanDecoder.h(1,1): warning C4819: 该文件包含不能在当前代码页(936)中表示的字符。请将该文件保存为 Unicode 格式以防止数据丢失
  (编译源文件“../../src_ssc/import/hufCoarseItd.c”)
  
C:\Users\86136\Desktop\exe\ISO-IEC-USAC\mpegD_usac\usacEncDec\src_ssc\import\PlatformTypes.h(1,1): warning C4819: 该文件包含不能在当前代码页(936)中表示的字符。请将该文件保存为 Unicode 格式以防止数据丢失
  (编译源文件“../../src_ssc/import/hufCoarseItd.c”)
  
  hufCoarseIid.c
C:\Users\86136\Desktop\exe\ISO-IEC-USAC\mpegD_usac\usacEncDec\src_ssc\import\HuffmanDecoder.h(1,1): warning C4819: 该文件包含不能在当前代码页(936)中表示的字符。请将该文件保存为 Unicode 格式以防止数据丢失
  (编译源文件“../../src_ssc/import/hufCoarseIid.c”)
  
C:\Users\86136\Desktop\exe\ISO-IEC-USAC\mpegD_usac\usacEncDec\src_ssc\import\PlatformTypes.h(1,1): warning C4819: 该文件包含不能在当前代码页(936)中表示的字符。请将该文件保存为 Unicode 格式以防止数据丢失
  (编译源文件“../../src_ssc/import/hufCoarseIid.c”)
  
  hufAmpSinAbs.c
C:\Users\86136\Desktop\exe\ISO-IEC-USAC\mpegD_usac\usacEncDec\src_ssc\import\HuffmanDecoder.h(1,1): warning C4819: 该文件包含不能在当前代码页(936)中表示的字符。请将该文件保存为 Unicode 格式以防止数据丢失
  (编译源文件“../../src_ssc/import/hufAmpSinAbs.c”)
  
C:\Users\86136\Desktop\exe\ISO-IEC-USAC\mpegD_usac\usacEncDec\src_ssc\import\PlatformTypes.h(1,1): warning C4819: 该文件包含不能在当前代码页(936)中表示的字符。请将该文件保存为 Unicode 格式以防止数据丢失
  (编译源文件“../../src_ssc/import/hufAmpSinAbs.c”)
  
  正在生成代码...
  正在编译...
  hufAmpContRel_3.c
C:\Users\86136\Desktop\exe\ISO-IEC-USAC\mpegD_usac\usacEncDec\src_ssc\import\HuffmanDecoder.h(1,1): warning C4819: 该文件包含不能在当前代码页(936)中表示的字符。请将该文件保存为 Unicode 格式以防止数据丢失
  (编译源文件“../../src_ssc/import/hufAmpContRel_3.c”)
  
C:\Users\86136\Desktop\exe\ISO-IEC-USAC\mpegD_usac\usacEncDec\src_ssc\import\PlatformTypes.h(1,1): warning C4819: 该文件包含不能在当前代码页(936)中表示的字符。请将该文件保存为 Unicode 格式以防止数据丢失
  (编译源文件“../../src_ssc/import/hufAmpContRel_3.c”)
  
  hufAmpContRel_2.c
C:\Users\86136\Desktop\exe\ISO-IEC-USAC\mpegD_usac\usacEncDec\src_ssc\import\HuffmanDecoder.h(1,1): warning C4819: 该文件包含不能在当前代码页(936)中表示的字符。请将该文件保存为 Unicode 格式以防止数据丢失
  (编译源文件“../../src_ssc/import/hufAmpContRel_2.c”)
  
C:\Users\86136\Desktop\exe\ISO-IEC-USAC\mpegD_usac\usacEncDec\src_ssc\import\PlatformTypes.h(1,1): warning C4819: 该文件包含不能在当前代码页(936)中表示的字符。请将该文件保存为 Unicode 格式以防止数据丢失
  (编译源文件“../../src_ssc/import/hufAmpContRel_2.c”)
  
  hufAmpContRel_1.c
C:\Users\86136\Desktop\exe\ISO-IEC-USAC\mpegD_usac\usacEncDec\src_ssc\import\HuffmanDecoder.h(1,1): warning C4819: 该文件包含不能在当前代码页(936)中表示的字符。请将该文件保存为 Unicode 格式以防止数据丢失
  (编译源文件“../../src_ssc/import/hufAmpContRel_1.c”)
  
C:\Users\86136\Desktop\exe\ISO-IEC-USAC\mpegD_usac\usacEncDec\src_ssc\import\PlatformTypes.h(1,1): warning C4819: 该文件包含不能在当前代码页(936)中表示的字符。请将该文件保存为 Unicode 格式以防止数据丢失
  (编译源文件“../../src_ssc/import/hufAmpContRel_1.c”)
  
  hufAmpContRel_0.c
C:\Users\86136\Desktop\exe\ISO-IEC-USAC\mpegD_usac\usacEncDec\src_ssc\import\HuffmanDecoder.h(1,1): warning C4819: 该文件包含不能在当前代码页(936)中表示的字符。请将该文件保存为 Unicode 格式以防止数据丢失
  (编译源文件“../../src_ssc/import/hufAmpContRel_0.c”)
  
C:\Users\86136\Desktop\exe\ISO-IEC-USAC\mpegD_usac\usacEncDec\src_ssc\import\PlatformTypes.h(1,1): warning C4819: 该文件包含不能在当前代码页(936)中表示的字符。请将该文件保存为 Unicode 格式以防止数据丢失
  (编译源文件“../../src_ssc/import/hufAmpContRel_0.c”)
  
  hufAmpContAbs.c
C:\Users\86136\Desktop\exe\ISO-IEC-USAC\mpegD_usac\usacEncDec\src_ssc\import\HuffmanDecoder.h(1,1): warning C4819: 该文件包含不能在当前代码页(936)中表示的字符。请将该文件保存为 Unicode 格式以防止数据丢失
  (编译源文件“../../src_ssc/import/hufAmpContAbs.c”)
  
C:\Users\86136\Desktop\exe\ISO-IEC-USAC\mpegD_usac\usacEncDec\src_ssc\import\PlatformTypes.h(1,1): warning C4819: 该文件包含不能在当前代码页(936)中表示的字符。请将该文件保存为 Unicode 格式以防止数据丢失
  (编译源文件“../../src_ssc/import/hufAmpContAbs.c”)
  
  hufAmpBirthRel.c
C:\Users\86136\Desktop\exe\ISO-IEC-USAC\mpegD_usac\usacEncDec\src_ssc\import\HuffmanDecoder.h(1,1): warning C4819: 该文件包含不能在当前代码页(936)中表示的字符。请将该文件保存为 Unicode 格式以防止数据丢失
  (编译源文件“../../src_ssc/import/hufAmpBirthRel.c”)
  
C:\Users\86136\Desktop\exe\ISO-IEC-USAC\mpegD_usac\usacEncDec\src_ssc\import\PlatformTypes.h(1,1): warning C4819: 该文件包含不能在当前代码页(936)中表示的字符。请将该文件保存为 Unicode 格式以防止数据丢失
  (编译源文件“../../src_ssc/import/hufAmpBirthRel.c”)
  
  hufAdpcmGrid.c
C:\Users\86136\Desktop\exe\ISO-IEC-USAC\mpegD_usac\usacEncDec\src_ssc\import\HuffmanDecoder.h(1,1): warning C4819: 该文件包含不能在当前代码页(936)中表示的字符。请将该文件保存为 Unicode 格式以防止数据丢失
  (编译源文件“../../src_ssc/import/hufAdpcmGrid.c”)
  
C:\Users\86136\Desktop\exe\ISO-IEC-USAC\mpegD_usac\usacEncDec\src_ssc\import\PlatformTypes.h(1,1): warning C4819: 该文件包含不能在当前代码页(936)中表示的字符。请将该文件保存为 Unicode 格式以防止数据丢失
  (编译源文件“../../src_ssc/import/hufAdpcmGrid.c”)
  
  huf_s_nrof_births.c
C:\Users\86136\Desktop\exe\ISO-IEC-USAC\mpegD_usac\usacEncDec\src_ssc\import\HuffmanDecoder.h(1,1): warning C4819: 该文件包含不能在当前代码页(936)中表示的字符。请将该文件保存为 Unicode 格式以防止数据丢失
  (编译源文件“../../src_ssc/import/huf_s_nrof_births.c”)
  
C:\Users\86136\Desktop\exe\ISO-IEC-USAC\mpegD_usac\usacEncDec\src_ssc\import\PlatformTypes.h(1,1): warning C4819: 该文件包含不能在当前代码页(936)中表示的字符。请将该文件保存为 Unicode 格式以防止数据丢失
  (编译源文件“../../src_ssc/import/huf_s_nrof_births.c”)
  
  huf_s_cont.c
C:\Users\86136\Desktop\exe\ISO-IEC-USAC\mpegD_usac\usacEncDec\src_ssc\import\HuffmanDecoder.h(1,1): warning C4819: 该文件包含不能在当前代码页(936)中表示的字符。请将该文件保存为 Unicode 格式以防止数据丢失
  (编译源文件“../../src_ssc/import/huf_s_cont.c”)
  
C:\Users\86136\Desktop\exe\ISO-IEC-USAC\mpegD_usac\usacEncDec\src_ssc\import\PlatformTypes.h(1,1): warning C4819: 该文件包含不能在当前代码页(936)中表示的字符。请将该文件保存为 Unicode 格式以防止数据丢失
  (编译源文件“../../src_ssc/import/huf_s_cont.c”)
  
  Window.c
C:\Users\86136\Desktop\exe\ISO-IEC-USAC\mpegD_usac\usacEncDec\src_ssc\Window.c(1,1): warning C4819: 该文件包含不能在当前代码页(936)中表示的字符。请将该文件保存为 Unicode 格式以防止数据丢失
C:\Users\86136\Desktop\exe\ISO-IEC-USAC\mpegD_usac\usacEncDec\src_ssc\import\PlatformTypes.h(1,1): warning C4819: 该文件包含不能在当前代码页(936)中表示的字符。请将该文件保存为 Unicode 格式以防止数据丢失
  (编译源文件“../../src_ssc/Window.c”)
  
C:\Users\86136\Desktop\exe\ISO-IEC-USAC\mpegD_usac\usacEncDec\src_ssc\import\SSC_Alloc.h(1,1): warning C4819: 该文件包含不能在当前代码页(936)中表示的字符。请将该文件保存为 Unicode 格式以防止数据丢失
  (编译源文件“../../src_ssc/Window.c”)
  
C:\Users\86136\Desktop\exe\ISO-IEC-USAC\mpegD_usac\usacEncDec\src_ssc\import\SSC_SigProc_Types.h(1,1): warning C4819: 该文件包含不能在当前代码页(936)中表示的字符。请将该文件保存为 Unicode 格式以防止数据丢失
  (编译源文件“../../src_ssc/Window.c”)
  
C:\Users\86136\Desktop\exe\ISO-IEC-USAC\mpegD_usac\usacEncDec\src_ssc\Window.h(1,1): warning C4819: 该文件包含不能在当前代码页(936)中表示的字符。请将该文件保存为 Unicode 格式以防止数据丢失
  (编译源文件“../../src_ssc/Window.c”)
  
  TransSynth.c
C:\Users\86136\Desktop\exe\ISO-IEC-USAC\mpegD_usac\usacEncDec\src_ssc\import\PlatformTypes.h(1,1): warning C4819: 该文件包含不能在当前代码页(936)中表示的字符。请将该文件保存为 Unicode 格式以防止数据丢失
  (编译源文件“../../src_ssc/TransSynth.c”)
  
C:\Users\86136\Desktop\exe\ISO-IEC-USAC\mpegD_usac\usacEncDec\src_ssc\import\SSC_SigProc_Types.h(1,1): warning C4819: 该文件包含不能在当前代码页(936)中表示的字符。请将该文件保存为 Unicode 格式以防止数据丢失
  (编译源文件“../../src_ssc/TransSynth.c”)
  
  SynthCtrl.c
C:\Users\86136\Desktop\exe\ISO-IEC-USAC\mpegD_usac\usacEncDec\src_ssc\import\SSC_Error.h(1,1): warning C4819: 该文件包含不能在当前代码页(936)中表示的字符。请将该文件保存为 Unicode 格式以防止数据丢失
  (编译源文件“../../src_ssc/TransSynth.c”)
  
C:\Users\86136\Desktop\exe\ISO-IEC-USAC\mpegD_usac\usacEncDec\src_ssc\import\SSC_Alloc.h(1,1): warning C4819: 该文件包含不能在当前代码页(936)中表示的字符。请将该文件保存为 Unicode 格式以防止数据丢失
  (编译源文件“../../src_ssc/TransSynth.c”)
  
C:\Users\86136\Desktop\exe\ISO-IEC-USAC\mpegD_usac\usacEncDec\src_ssc\import\PlatformTypes.h(1,1): warning C4819: 该文件包含不能在当前代码页(936)中表示的字符。请将该文件保存为 Unicode 格式以防止数据丢失
  (编译源文件“../../src_ssc/SynthCtrl.c”)
  
C:\Users\86136\Desktop\exe\ISO-IEC-USAC\mpegD_usac\usacEncDec\src_ssc\import\SSC_SigProc_Types.h(1,1): warning C4819: 该文件包含不能在当前代码页(936)中表示的字符。请将该文件保存为 Unicode 格式以防止数据丢失
  (编译源文件“../../src_ssc/SynthCtrl.c”)
  
C:\Users\86136\Desktop\exe\ISO-IEC-USAC\mpegD_usac\usacEncDec\src_ssc\import\SSC_Error.h(1,1): warning C4819: 该文件包含不能在当前代码页(936)中表示的字符。请将该文件保存为 Unicode 格式以防止数据丢失
  (编译源文件“../../src_ssc/SynthCtrl.c”)
  
C:\Users\86136\Desktop\exe\ISO-IEC-USAC\mpegD_usac\usacEncDec\src_ssc\import\SSC_Alloc.h(1,1): warning C4819: 该文件包含不能在当前代码页(936)中表示的字符。请将该文件保存为 Unicode 格式以防止数据丢失
  (编译源文件“../../src_ssc/SynthCtrl.c”)
  
C:\Users\86136\Desktop\exe\ISO-IEC-USAC\mpegD_usac\usacEncDec\src_ssc\Bits.h(1,1): warning C4819: 该文件包含不能在当前代码页(936)中表示的字符。请将该文件保存为 Unicode 格式以防止数据丢失
  (编译源文件“../../src_ssc/SynthCtrl.c”)
  
C:\Users\86136\Desktop\exe\ISO-IEC-USAC\mpegD_usac\usacEncDec\src_ssc\import\HuffmanDecoder.h(1,1): warning C4819: 该文件包含不能在当前代码页(936)中表示的字符。请将该文件保存为 Unicode 格式以防止数据丢失
  (编译源文件“../../src_ssc/SynthCtrl.c”)
  
C:\Users\86136\Desktop\exe\ISO-IEC-USAC\mpegD_usac\usacEncDec\src_ssc\SynthCtrlP.h(1,1): warning C4819: 该文件包含不能在当前代码页(936)中表示的字符。请将该文件保存为 Unicode 格式以防止数据丢失
  (编译源文件“../../src_ssc/SynthCtrl.c”)
  
C:\Users\86136\Desktop\exe\ISO-IEC-USAC\mpegD_usac\usacEncDec\src_ssc\NoiseSynthP.h(1,1): warning C4819: 该文件包含不能在当前代码页(936)中表示的字符。请将该文件保存为 Unicode 格式以防止数据丢失
  (编译源文件“../../src_ssc/SynthCtrl.c”)
  
C:\Users\86136\Desktop\exe\ISO-IEC-USAC\mpegD_usac\usacEncDec\src_ssc\StereoSynth.h(1,1): warning C4819: 该文件包含不能在当前代码页(936)中表示的字符。请将该文件保存为 Unicode 格式以防止数据丢失
  (编译源文件“../../src_ssc/SynthCtrl.c”)
  
C:\Users\86136\Desktop\exe\ISO-IEC-USAC\mpegD_usac\usacEncDec\src_ssc\StereoSynthP.h(1,1): warning C4819: 该文件包含不能在当前代码页(936)中表示的字符。请将该文件保存为 Unicode 格式以防止数据丢失
  (编译源文件“../../src_ssc/SynthCtrl.c”)
  
C:\Users\86136\Desktop\exe\ISO-IEC-USAC\mpegD_usac\usacEncDec\src_ssc\import\SSC_fft.h(1,1): warning C4819: 该文件包含不能在当前代码页(936)中表示的字符。请将该文件保存为 Unicode 格式以防止数据丢失
  (编译源文件“../../src_ssc/SynthCtrl.c”)
  
C:\Users\86136\Desktop\exe\ISO-IEC-USAC\mpegD_usac\usacEncDec\src_ssc\Window.h(1,1): warning C4819: 该文件包含不能在当前代码页(936)中表示的字符。请将该文件保存为 Unicode 格式以防止数据丢失
  (编译源文件“../../src_ssc/SynthCtrl.c”)
  
C:\Users\86136\Desktop\exe\ISO-IEC-USAC\mpegD_usac\usacEncDec\src_ssc\SynthCtrl.c(1569,17): warning C4267: “=”: 从“size_t”转换到“UInt”，可能丢失数据
  StereoSynth.c
C:\Users\86136\Desktop\exe\ISO-IEC-USAC\mpegD_usac\usacEncDec\src_ssc\StereoSynth.c(1,1): warning C4819: 该文件包含不能在当前代码页(936)中表示的字符。请将该文件保存为 Unicode 格式以防止数据丢失
C:\Users\86136\Desktop\exe\ISO-IEC-USAC\mpegD_usac\usacEncDec\src_ssc\import\PlatformTypes.h(1,1): warning C4819: 该文件包含不能在当前代码页(936)中表示的字符。请将该文件保存为 Unicode 格式以防止数据丢失
  (编译源文件“../../src_ssc/StereoSynth.c”)
  
C:\Users\86136\Desktop\exe\ISO-IEC-USAC\mpegD_usac\usacEncDec\src_ssc\import\SSC_SigProc_Types.h(1,1): warning C4819: 该文件包含不能在当前代码页(936)中表示的字符。请将该文件保存为 Unicode 格式以防止数据丢失
  (编译源文件“../../src_ssc/StereoSynth.c”)
  
C:\Users\86136\Desktop\exe\ISO-IEC-USAC\mpegD_usac\usacEncDec\src_ssc\import\SSC_Alloc.h(1,1): warning C4819: 该文件包含不能在当前代码页(936)中表示的字符。请将该文件保存为 Unicode 格式以防止数据丢失
  (编译源文件“../../src_ssc/StereoSynth.c”)
  
C:\Users\86136\Desktop\exe\ISO-IEC-USAC\mpegD_usac\usacEncDec\src_ssc\StereoSynth.h(1,1): warning C4819: 该文件包含不能在当前代码页(936)中表示的字符。请将该文件保存为 Unicode 格式以防止数据丢失
  (编译源文件“../../src_ssc/StereoSynth.c”)
  
C:\Users\86136\Desktop\exe\ISO-IEC-USAC\mpegD_usac\usacEncDec\src_ssc\StereoSynthP.h(1,1): warning C4819: 该文件包含不能在当前代码页(936)中表示的字符。请将该文件保存为 Unicode 格式以防止数据丢失
  (编译源文件“../../src_ssc/StereoSynth.c”)
  
C:\Users\86136\Desktop\exe\ISO-IEC-USAC\mpegD_usac\usacEncDec\src_ssc\import\SSC_fft.h(1,1): warning C4819: 该文件包含不能在当前代码页(936)中表示的字符。请将该文件保存为 Unicode 格式以防止数据丢失
  (编译源文件“../../src_ssc/StereoSynth.c”)
  
C:\Users\86136\Desktop\exe\ISO-IEC-USAC\mpegD_usac\usacEncDec\src_ssc\import\SSC_Error.h(1,1): warning C4819: 该文件包含不能在当前代码页(936)中表示的字符。请将该文件保存为 Unicode 格式以防止数据丢失
  (编译源文件“../../src_ssc/StereoSynth.c”)
  
  SscDec.c
C:\Users\86136\Desktop\exe\ISO-IEC-USAC\mpegD_usac\usacEncDec\src_ssc\import\PlatformTypes.h(1,1): warning C4819: 该文件包含不能在当前代码页(936)中表示的字符。请将该文件保存为 Unicode 格式以防止数据丢失
  (编译源文件“../../src_ssc/SscDec.c”)
  
C:\Users\86136\Desktop\exe\ISO-IEC-USAC\mpegD_usac\usacEncDec\src_ssc\import\SSC_SigProc_Types.h(1,1): warning C4819: 该文件包含不能在当前代码页(936)中表示的字符。请将该文件保存为 Unicode 格式以防止数据丢失
  (编译源文件“../../src_ssc/SscDec.c”)
  
C:\Users\86136\Desktop\exe\ISO-IEC-USAC\mpegD_usac\usacEncDec\src_ssc\import\SSC_Error.h(1,1): warning C4819: 该文件包含不能在当前代码页(936)中表示的字符。请将该文件保存为 Unicode 格式以防止数据丢失
  (编译源文件“../../src_ssc/SscDec.c”)
  
C:\Users\86136\Desktop\exe\ISO-IEC-USAC\mpegD_usac\usacEncDec\src_ssc\import\SSC_Alloc.h(1,1): warning C4819: 该文件包含不能在当前代码页(936)中表示的字符。请将该文件保存为 Unicode 格式以防止数据丢失
  (编译源文件“../../src_ssc/SscDec.c”)
  
C:\Users\86136\Desktop\exe\ISO-IEC-USAC\mpegD_usac\usacEncDec\src_ssc\Bits.h(1,1): warning C4819: 该文件包含不能在当前代码页(936)中表示的字符。请将该文件保存为 Unicode 格式以防止数据丢失
  (编译源文件“../../src_ssc/SscDec.c”)
  
C:\Users\86136\Desktop\exe\ISO-IEC-USAC\mpegD_usac\usacEncDec\src_ssc\import\HuffmanDecoder.h(1,1): warning C4819: 该文件包含不能在当前代码页(936)中表示的字符。请将该文件保存为 Unicode 格式以防止数据丢失
  (编译源文件“../../src_ssc/SscDec.c”)
  
C:\Users\86136\Desktop\exe\ISO-IEC-USAC\mpegD_usac\usacEncDec\src_ssc\SynthCtrlP.h(1,1): warning C4819: 该文件包含不能在当前代码页(936)中表示的字符。请将该文件保存为 Unicode 格式以防止数据丢失
  (编译源文件“../../src_ssc/SscDec.c”)
  
C:\Users\86136\Desktop\exe\ISO-IEC-USAC\mpegD_usac\usacEncDec\src_ssc\NoiseSynthP.h(1,1): warning C4819: 该文件包含不能在当前代码页(936)中表示的字符。请将该文件保存为 Unicode 格式以防止数据丢失
  (编译源文件“../../src_ssc/SscDec.c”)
  
C:\Users\86136\Desktop\exe\ISO-IEC-USAC\mpegD_usac\usacEncDec\src_ssc\StereoSynth.h(1,1): warning C4819: 该文件包含不能在当前代码页(936)中表示的字符。请将该文件保存为 Unicode 格式以防止数据丢失
  (编译源文件“../../src_ssc/SscDec.c”)
  
C:\Users\86136\Desktop\exe\ISO-IEC-USAC\mpegD_usac\usacEncDec\src_ssc\StereoSynthP.h(1,1): warning C4819: 该文件包含不能在当前代码页(936)中表示的字符。请将该文件保存为 Unicode 格式以防止数据丢失
  (编译源文件“../../src_ssc/SscDec.c”)
  
C:\Users\86136\Desktop\exe\ISO-IEC-USAC\mpegD_usac\usacEncDec\src_ssc\import\SSC_fft.h(1,1): warning C4819: 该文件包含不能在当前代码页(936)中表示的字符。请将该文件保存为 Unicode 格式以防止数据丢失
  (编译源文件“../../src_ssc/SscDec.c”)
  
C:\Users\86136\Desktop\exe\ISO-IEC-USAC\mpegD_usac\usacEncDec\src_ssc\Window.h(1,1): warning C4819: 该文件包含不能在当前代码页(936)中表示的字符。请将该文件保存为 Unicode 格式以防止数据丢失
  (编译源文件“../../src_ssc/SscDec.c”)
  
  SineSynth.c
C:\Users\86136\Desktop\exe\ISO-IEC-USAC\mpegD_usac\usacEncDec\src_ssc\import\PlatformTypes.h(1,1): warning C4819: 该文件包含不能在当前代码页(936)中表示的字符。请将该文件保存为 Unicode 格式以防止数据丢失
  (编译源文件“../../src_ssc/SineSynth.c”)
  
C:\Users\86136\Desktop\exe\ISO-IEC-USAC\mpegD_usac\usacEncDec\src_ssc\import\SSC_SigProc_Types.h(1,1): warning C4819: 该文件包含不能在当前代码页(936)中表示的字符。请将该文件保存为 Unicode 格式以防止数据丢失
  (编译源文件“../../src_ssc/SineSynth.c”)
  
C:\Users\86136\Desktop\exe\ISO-IEC-USAC\mpegD_usac\usacEncDec\src_ssc\import\SSC_Error.h(1,1): warning C4819: 该文件包含不能在当前代码页(936)中表示的字符。请将该文件保存为 Unicode 格式以防止数据丢失
  (编译源文件“../../src_ssc/SineSynth.c”)
  
C:\Users\86136\Desktop\exe\ISO-IEC-USAC\mpegD_usac\usacEncDec\src_ssc\import\SSC_Alloc.h(1,1): warning C4819: 该文件包含不能在当前代码页(936)中表示的字符。请将该文件保存为 Unicode 格式以防止数据丢失
  (编译源文件“../../src_ssc/SineSynth.c”)
  
C:\Users\86136\Desktop\exe\ISO-IEC-USAC\mpegD_usac\usacEncDec\src_ssc\Bits.h(1,1): warning C4819: 该文件包含不能在当前代码页(936)中表示的字符。请将该文件保存为 Unicode 格式以防止数据丢失
  (编译源文件“../../src_ssc/SineSynth.c”)
  
C:\Users\86136\Desktop\exe\ISO-IEC-USAC\mpegD_usac\usacEncDec\src_ssc\import\HuffmanDecoder.h(1,1): warning C4819: 该文件包含不能在当前代码页(936)中表示的字符。请将该文件保存为 Unicode 格式以防止数据丢失
  (编译源文件“../../src_ssc/SineSynth.c”)
  
C:\Users\86136\Desktop\exe\ISO-IEC-USAC\mpegD_usac\usacEncDec\src_ssc\NoiseSynthP.h(1,1): warning C4819: 该文件包含不能在当前代码页(936)中表示的字符。请将该文件保存为 Unicode 格式以防止数据丢失
  (编译源文件“../../src_ssc/SineSynth.c”)
  
  NoiseSynth.c
C:\Users\86136\Desktop\exe\ISO-IEC-USAC\mpegD_usac\usacEncDec\src_ssc\import\PlatformTypes.h(1,1): warning C4819: 该文件包含不能在当前代码页(936)中表示的字符。请将该文件保存为 Unicode 格式以防止数据丢失
  (编译源文件“../../src_ssc/NoiseSynth.c”)
  
C:\Users\86136\Desktop\exe\ISO-IEC-USAC\mpegD_usac\usacEncDec\src_ssc\import\SSC_SigProc_Types.h(1,1): warning C4819: 该文件包含不能在当前代码页(936)中表示的字符。请将该文件保存为 Unicode 格式以防止数据丢失
  (编译源文件“../../src_ssc/NoiseSynth.c”)
  
C:\Users\86136\Desktop\exe\ISO-IEC-USAC\mpegD_usac\usacEncDec\src_ssc\import\SSC_Alloc.h(1,1): warning C4819: 该文件包含不能在当前代码页(936)中表示的字符。请将该文件保存为 Unicode 格式以防止数据丢失
  (编译源文件“../../src_ssc/NoiseSynth.c”)
  
C:\Users\86136\Desktop\exe\ISO-IEC-USAC\mpegD_usac\usacEncDec\src_ssc\NoiseSynthP.h(1,1): warning C4819: 该文件包含不能在当前代码页(936)中表示的字符。请将该文件保存为 Unicode 格式以防止数据丢失
  (编译源文件“../../src_ssc/NoiseSynth.c”)
  
C:\Users\86136\Desktop\exe\ISO-IEC-USAC\mpegD_usac\usacEncDec\src_ssc\import\SSC_Error.h(1,1): warning C4819: 该文件包含不能在当前代码页(936)中表示的字符。请将该文件保存为 Unicode 格式以防止数据丢失
  (编译源文件“../../src_ssc/NoiseSynth.c”)
  
  Merge.c
C:\Users\86136\Desktop\exe\ISO-IEC-USAC\mpegD_usac\usacEncDec\src_ssc\Merge.c(1,1): warning C4819: 该文件包含不能在当前代码页(936)中表示的字符。请将该文件保存为 Unicode 格式以防止数据丢失
C:\Users\86136\Desktop\exe\ISO-IEC-USAC\mpegD_usac\usacEncDec\src_ssc\import\PlatformTypes.h(1,1): warning C4819: 该文件包含不能在当前代码页(936)中表示的字符。请将该文件保存为 Unicode 格式以防止数据丢失
  (编译源文件“../../src_ssc/Merge.c”)
  
C:\Users\86136\Desktop\exe\ISO-IEC-USAC\mpegD_usac\usacEncDec\src_ssc\import\SSC_SigProc_Types.h(1,1): warning C4819: 该文件包含不能在当前代码页(936)中表示的字符。请将该文件保存为 Unicode 格式以防止数据丢失
  (编译源文件“../../src_ssc/Merge.c”)
  
C:\Users\86136\Desktop\exe\ISO-IEC-USAC\mpegD_usac\usacEncDec\src_ssc\import\SSC_Alloc.h(1,1): warning C4819: 该文件包含不能在当前代码页(936)中表示的字符。请将该文件保存为 Unicode 格式以防止数据丢失
  (编译源文件“../../src_ssc/Merge.c”)
  
  Log.c
  ct_psdec_ssc.c
C:\Users\86136\Desktop\exe\ISO-IEC-USAC\mpegD_usac\usacEncDec\src_ssc\import\PlatformTypes.h(1,1): warning C4819: 该文件包含不能在当前代码页(936)中表示的字符。请将该文件保存为 Unicode 格式以防止数据丢失
  (编译源文件“../../src_ssc/ct_psdec_ssc.c”)
  
C:\Users\86136\Desktop\exe\ISO-IEC-USAC\mpegD_usac\usacEncDec\src_ssc\Bits.h(1,1): warning C4819: 该文件包含不能在当前代码页(936)中表示的字符。请将该文件保存为 Unicode 格式以防止数据丢失
  (编译源文件“../../src_ssc/ct_psdec_ssc.c”)
  
C:\Users\86136\Desktop\exe\ISO-IEC-USAC\mpegD_usac\usacEncDec\src_ssc\import\HuffmanDecoder.h(1,1): warning C4819: 该文件包含不能在当前代码页(936)中表示的字符。请将该文件保存为 Unicode 格式以防止数据丢失
  (编译源文件“../../src_ssc/ct_psdec_ssc.c”)
  
C:\Users\86136\Desktop\exe\ISO-IEC-USAC\mpegD_usac\usacEncDec\src_ssc\ct_psdec_ssc.c(1759,55): warning C4312: “类型强制转换”: 从“int”转换到更大的“int *”
C:\Users\86136\Desktop\exe\ISO-IEC-USAC\mpegD_usac\usacEncDec\src_ssc\ct_psdec_ssc.c(1765,55): warning C4312: “类型强制转换”: 从“int”转换到更大的“int *”
  ct_polyphase_ssc.c
  正在生成代码...
  正在编译...
  BitstreamParser.c
C:\Users\86136\Desktop\exe\ISO-IEC-USAC\mpegD_usac\usacEncDec\src_ssc\import\PlatformTypes.h(1,1): warning C4819: 该文件包含不能在当前代码页(936)中表示的字符。请将该文件保存为 Unicode 格式以防止数据丢失
  (编译源文件“../../src_ssc/BitstreamParser.c”)
  
C:\Users\86136\Desktop\exe\ISO-IEC-USAC\mpegD_usac\usacEncDec\src_ssc\import\SSC_SigProc_Types.h(1,1): warning C4819: 该文件包含不能在当前代码页(936)中表示的字符。请将该文件保存为 Unicode 格式以防止数据丢失
  (编译源文件“../../src_ssc/BitstreamParser.c”)
  
C:\Users\86136\Desktop\exe\ISO-IEC-USAC\mpegD_usac\usacEncDec\src_ssc\import\SSC_Error.h(1,1): warning C4819: 该文件包含不能在当前代码页(936)中表示的字符。请将该文件保存为 Unicode 格式以防止数据丢失
  (编译源文件“../../src_ssc/BitstreamParser.c”)
  
C:\Users\86136\Desktop\exe\ISO-IEC-USAC\mpegD_usac\usacEncDec\src_ssc\import\SSC_Alloc.h(1,1): warning C4819: 该文件包含不能在当前代码页(936)中表示的字符。请将该文件保存为 Unicode 格式以防止数据丢失
  (编译源文件“../../src_ssc/BitstreamParser.c”)
  
C:\Users\86136\Desktop\exe\ISO-IEC-USAC\mpegD_usac\usacEncDec\src_ssc\Bits.h(1,1): warning C4819: 该文件包含不能在当前代码页(936)中表示的字符。请将该文件保存为 Unicode 格式以防止数据丢失
  (编译源文件“../../src_ssc/BitstreamParser.c”)
  
C:\Users\86136\Desktop\exe\ISO-IEC-USAC\mpegD_usac\usacEncDec\src_ssc\import\HuffmanDecoder.h(1,1): warning C4819: 该文件包含不能在当前代码页(936)中表示的字符。请将该文件保存为 Unicode 格式以防止数据丢失
  (编译源文件“../../src_ssc/BitstreamParser.c”)
  
  Bits.c
C:\Users\86136\Desktop\exe\ISO-IEC-USAC\mpegD_usac\usacEncDec\src_ssc\import\PlatformTypes.h(1,1): warning C4819: 该文件包含不能在当前代码页(936)中表示的字符。请将该文件保存为 Unicode 格式以防止数据丢失
  (编译源文件“../../src_ssc/Bits.c”)
  
C:\Users\86136\Desktop\exe\ISO-IEC-USAC\mpegD_usac\usacEncDec\src_ssc\import\SSC_Error.h(1,1): warning C4819: 该文件包含不能在当前代码页(936)中表示的字符。请将该文件保存为 Unicode 格式以防止数据丢失
  (编译源文件“../../src_ssc/Bits.c”)
  
C:\Users\86136\Desktop\exe\ISO-IEC-USAC\mpegD_usac\usacEncDec\src_ssc\Bits.h(1,1): warning C4819: 该文件包含不能在当前代码页(936)中表示的字符。请将该文件保存为 Unicode 格式以防止数据丢失
  (编译源文件“../../src_ssc/Bits.c”)
  
C:\Users\86136\Desktop\exe\ISO-IEC-USAC\mpegD_usac\usacEncDec\src_ssc\import\HuffmanDecoder.h(1,1): warning C4819: 该文件包含不能在当前代码页(936)中表示的字符。请将该文件保存为 Unicode 格式以防止数据丢失
  (编译源文件“../../src_ssc/Bits.c”)
  
  AdpcmTable.c
C:\Users\86136\Desktop\exe\ISO-IEC-USAC\mpegD_usac\usacEncDec\src_ssc\import\PlatformTypes.h(1,1): warning C4819: 该文件包含不能在当前代码页(936)中表示的字符。请将该文件保存为 Unicode 格式以防止数据丢失
  (编译源文件“../../src_ssc/AdpcmTable.c”)
  
  正在生成代码...
  objs_dec_ssc.vcxproj -> C:\Users\86136\Desktop\exe\ISO-IEC-USAC\mpegD_usac\usacEncDec\win32\usacDec\lib\x64_Debug\objs_dec_ssc.lib
